11:57:23.106 [main] INFO  com.xdx.garbage.GarbageApplication - Starting GarbageApplication v0.0.1-SNAPSHOT on PC-2019HWL with PID 13648 (D:\xdxgit\my-project\garbage\target\garbage-0.0.1-SNAPSHOT.jar started by Administrator in D:\xdxgit\my-project\garbage\target)
11:57:23.116 [main] INFO  com.xdx.garbage.GarbageApplication - The following profiles are active: dev
11:57:24.538 [main] WARN  o.m.s.mapper.ClassPathMapperScanner - No MyBatis mapper was found in '[com.xdx.garbage]' package. Please check your configuration.
11:57:25.927 [main] INFO  o.s.b.w.e.tomcat.TomcatWebServer - Tomcat initialized with port(s): 8080 (http)
11:57:25.942 [main] INFO  o.a.coyote.http11.Http11NioProtocol - Initializing ProtocolHandler ["http-nio-8080"]
11:57:25.943 [main] INFO  o.a.catalina.core.StandardService - Starting service [Tomcat]
11:57:25.943 [main] INFO  o.a.catalina.core.StandardEngine - Starting Servlet engine: [Apache Tomcat/9.0.31]
11:57:26.044 [main] INFO  o.a.c.c.C.[Tomcat].[localhost].[/] - Initializing Spring embedded WebApplicationContext
11:57:26.045 [main] INFO  o.s.web.context.ContextLoader - Root WebApplicationContext: initialization completed in 2672 ms
11:57:26.236 [main] INFO  c.a.d.s.b.a.DruidDataSourceAutoConfigure - Init DruidDataSource
11:57:27.401 [main] INFO  com.xdx.garbage.druid.CustomFilter - 连接开始前
11:57:27.861 [main] INFO  com.xdx.garbage.druid.CustomFilter - 连接连接结束后
11:57:27.865 [main] INFO  com.xdx.garbage.druid.CustomFilter - 连接开始前
11:57:27.935 [main] INFO  com.xdx.garbage.druid.CustomFilter - 连接连接结束后
11:57:27.940 [main] INFO  com.xdx.garbage.druid.CustomFilter - 连接开始前
11:57:27.970 [main] INFO  com.xdx.garbage.druid.CustomFilter - 连接连接结束后
11:57:27.975 [main] INFO  com.xdx.garbage.druid.CustomFilter - 连接开始前
11:57:27.991 [main] INFO  com.xdx.garbage.druid.CustomFilter - 连接连接结束后
11:57:27.998 [main] INFO  com.xdx.garbage.druid.CustomFilter - 连接开始前
11:57:28.020 [main] INFO  com.xdx.garbage.druid.CustomFilter - 连接连接结束后
11:57:28.064 [main] INFO  c.alibaba.druid.pool.DruidDataSource - {dataSource-1} inited
11:57:29.741 [main] INFO  o.a.coyote.http11.Http11NioProtocol - Starting ProtocolHandler ["http-nio-8080"]
11:57:29.808 [main] INFO  o.s.b.w.e.tomcat.TomcatWebServer - Tomcat started on port(s): 8080 (http) with context path ''
11:57:29.821 [main] INFO  com.xdx.garbage.GarbageApplication - Started GarbageApplication in 7.445 seconds (JVM running for 8.515)
11:57:39.254 [http-nio-8080-exec-4] INFO  o.a.tomcat.util.http.parser.Cookie - A cookie header was received [1561993815,1562078057; MEIQIA_EXTRA_TRACK_ID=1LSJwD9gZ3nQrCJhtGSzrxgUsQq; Hm_lvt_03748b4a01419b3ffb52fdf2b71744af=1562682490; Idea-f60c4641=f260e6fb-c7ac-41ee-8734-6b5e358ec077; JSESSIONID=0B7D8FF72C7E653DFF7A6853FBE50926; Admin-Token=0B7D8FF72C7E653DFF7A6853FBE50926] that contained an invalid cookie. That cookie will be ignored.
 Note: further occurrences of this error will be logged at DEBUG level.
11:57:39.265 [http-nio-8080-exec-4] INFO  o.a.c.c.C.[Tomcat].[localhost].[/] - Initializing Spring DispatcherServlet 'dispatcherServlet'
11:57:39.268 [http-nio-8080-exec-4] INFO  o.s.web.servlet.DispatcherServlet - Initializing Servlet 'dispatcherServlet'
11:57:39.278 [http-nio-8080-exec-4] INFO  o.s.web.servlet.DispatcherServlet - Completed initialization in 9 ms
11:57:39.320 [http-nio-8080-exec-4] ERROR c.x.g.c.interceptor.BackInterceptor - 拦截路径/admin/info
11:57:46.820 [http-nio-8080-exec-9] DEBUG c.x.g.dao.TAdminMapper.selectOne - ==>  Preparing: SELECT id,create_time,update_time,user_name,pwd,role FROM t_admin WHERE user_name = ? 
11:57:47.021 [http-nio-8080-exec-9] DEBUG c.x.g.dao.TAdminMapper.selectOne - ==> Parameters: xdx(String)
11:57:47.061 [http-nio-8080-exec-9] TRACE c.x.g.dao.TAdminMapper.selectOne - <==    Columns: id, create_time, update_time, user_name, pwd, role
11:57:47.066 [http-nio-8080-exec-9] TRACE c.x.g.dao.TAdminMapper.selectOne - <==        Row: 1, 2020-03-12 08:38:17, null, xdx, 61608C312B822ED815EF66D44E0B844DEB2B22E5, 'admin'
11:57:47.078 [http-nio-8080-exec-9] DEBUG c.x.g.dao.TAdminMapper.selectOne - <==      Total: 1
11:57:47.092 [http-nio-8080-exec-9] DEBUG c.x.g.dao.TAdminMapper.selectOne - ==>  Preparing: SELECT id,create_time,update_time,user_name,pwd,role FROM t_admin WHERE user_name = ? AND pwd = ? 
11:57:47.093 [http-nio-8080-exec-9] DEBUG c.x.g.dao.TAdminMapper.selectOne - ==> Parameters: xdx(String), 61608C312B822ED815EF66D44E0B844DEB2B22E5(String)
11:57:47.099 [http-nio-8080-exec-9] TRACE c.x.g.dao.TAdminMapper.selectOne - <==    Columns: id, create_time, update_time, user_name, pwd, role
11:57:47.100 [http-nio-8080-exec-9] TRACE c.x.g.dao.TAdminMapper.selectOne - <==        Row: 1, 2020-03-12 08:38:17, null, xdx, 61608C312B822ED815EF66D44E0B844DEB2B22E5, 'admin'
11:57:47.101 [http-nio-8080-exec-9] DEBUG c.x.g.dao.TAdminMapper.selectOne - <==      Total: 1
11:57:47.244 [http-nio-8080-exec-2] ERROR c.x.g.c.interceptor.BackInterceptor - 拦截路径/admin/info
11:57:47.251 [http-nio-8080-exec-2] INFO  c.x.g.c.back.AdminController - 356C6A0E40350AA3E162CE6998880E1Bddddddddddcom.xdx.garbage.entity.TAdmin@5971e896
11:57:47.251 [http-nio-8080-exec-2] INFO  c.x.g.c.back.AdminController - 356C6A0E40350AA3E162CE6998880E1B
11:57:47.678 [http-nio-8080-exec-6] WARN  o.s.web.servlet.PageNotFound - No mapping for GET /undefined
11:57:47.685 [http-nio-8080-exec-6] ERROR c.x.g.c.interceptor.BackInterceptor - 拦截路径/error
11:57:47.944 [http-nio-8080-exec-10] ERROR c.x.g.c.interceptor.BackInterceptor - 拦截路径/carousel/lists
11:57:48.064 [http-nio-8080-exec-10] DEBUG c.x.g.d.T.selectByExample_COUNT - ==>  Preparing: SELECT count(0) FROM t_carousel WHERE (is_del = ?) 
11:57:48.068 [http-nio-8080-exec-10] DEBUG c.x.g.d.T.selectByExample_COUNT - ==> Parameters: 0(Integer)
11:57:48.070 [http-nio-8080-exec-10] TRACE c.x.g.d.T.selectByExample_COUNT - <==    Columns: count(0)
11:57:48.070 [http-nio-8080-exec-10] TRACE c.x.g.d.T.selectByExample_COUNT - <==        Row: 4
11:57:48.071 [http-nio-8080-exec-10] DEBUG c.x.g.d.T.selectByExample_COUNT - <==      Total: 1
11:57:48.075 [http-nio-8080-exec-10] DEBUG c.x.g.d.T.selectByExample - ==>  Preparing: SELECT id,create_time,update_time,is_del,status,photo_src,jump_url,show_place FROM t_carousel WHERE ( is_del = ? ) order by id desc LIMIT ? 
11:57:48.080 [http-nio-8080-exec-10] DEBUG c.x.g.d.T.selectByExample - ==> Parameters: 0(Integer), 20(Integer)
11:57:48.083 [http-nio-8080-exec-10] TRACE c.x.g.d.T.selectByExample - <==    Columns: id, create_time, update_time, is_del, status, photo_src, jump_url, show_place
11:57:48.084 [http-nio-8080-exec-10] TRACE c.x.g.d.T.selectByExample - <==        Row: 6, 2020-03-14 10:54:18, null, 0, 0, /upload/carousel/2b3cf3e0e3774f6ab05f9a944bb30465.png, xxxx, null
11:57:48.085 [http-nio-8080-exec-10] TRACE c.x.g.d.T.selectByExample - <==        Row: 4, 2020-03-14 07:42:04, 2020-03-14 08:41:33, 0, 1, /upload/b7c371f451ac4108b2163c728dd93b2a.jpg, gggggggggg, null
11:57:48.087 [http-nio-8080-exec-10] TRACE c.x.g.d.T.selectByExample - <==        Row: 3, 2020-03-14 07:40:20, null, 0, 0, /upload/aa75d22830954dcb9915d1239befb0cb.jpg, xxxxxxx, null
11:57:48.088 [http-nio-8080-exec-10] TRACE c.x.g.d.T.selectByExample - <==        Row: 2, 2020-03-14 00:37:37, null, 0, 0, /upload/6afeca802b7a4d7e94b3a945ea30c2e4.jpg, dddd, null
11:57:48.089 [http-nio-8080-exec-10] DEBUG c.x.g.d.T.selectByExample - <==      Total: 4
11:57:48.094 [http-nio-8080-exec-10] DEBUG c.x.g.d.T.selectCountByExample - ==>  Preparing: SELECT COUNT(id) FROM t_carousel WHERE ( is_del = ? ) 
11:57:48.095 [http-nio-8080-exec-10] DEBUG c.x.g.d.T.selectCountByExample - ==> Parameters: 0(Integer)
11:57:48.096 [http-nio-8080-exec-10] TRACE c.x.g.d.T.selectCountByExample - <==    Columns: COUNT(id)
11:57:48.097 [http-nio-8080-exec-10] TRACE c.x.g.d.T.selectCountByExample - <==        Row: 4
11:57:48.097 [http-nio-8080-exec-10] DEBUG c.x.g.d.T.selectCountByExample - <==      Total: 1
11:57:56.484 [http-nio-8080-exec-1] ERROR c.x.g.c.interceptor.BackInterceptor - 拦截路径/admin/singleUpload/carousel
11:57:57.684 [http-nio-8080-exec-5] ERROR c.x.g.c.interceptor.BackInterceptor - 拦截路径/carousel/6
11:57:57.696 [http-nio-8080-exec-5] DEBUG c.x.g.d.T.updateByPrimaryKeySelective - ==>  Preparing: UPDATE t_carousel SET id = id,create_time = ?,is_del = ?,status = ?,photo_src = ?,jump_url = ? WHERE id = ? 
11:57:57.701 [http-nio-8080-exec-5] DEBUG c.x.g.d.T.updateByPrimaryKeySelective - ==> Parameters: 2020-03-14 10:54:18.0(Timestamp), 0(Integer), 0(Integer), /upload/carousel/28590a411d5f407e9417daeb97550507.png(String), xxxx(String), 6(Long)
11:57:57.707 [http-nio-8080-exec-5] DEBUG c.x.g.d.T.updateByPrimaryKeySelective - <==    Updates: 1
11:57:59.881 [http-nio-8080-exec-8] ERROR c.x.g.c.interceptor.BackInterceptor - 拦截路径/carousel/lists
11:57:59.890 [http-nio-8080-exec-8] DEBUG c.x.g.d.T.selectByExample_COUNT - ==>  Preparing: SELECT count(0) FROM t_carousel WHERE (is_del = ?) 
11:57:59.891 [http-nio-8080-exec-8] DEBUG c.x.g.d.T.selectByExample_COUNT - ==> Parameters: 0(Integer)
11:57:59.893 [http-nio-8080-exec-8] TRACE c.x.g.d.T.selectByExample_COUNT - <==    Columns: count(0)
11:57:59.894 [http-nio-8080-exec-8] TRACE c.x.g.d.T.selectByExample_COUNT - <==        Row: 4
11:57:59.894 [http-nio-8080-exec-8] DEBUG c.x.g.d.T.selectByExample_COUNT - <==      Total: 1
11:57:59.896 [http-nio-8080-exec-8] DEBUG c.x.g.d.T.selectByExample - ==>  Preparing: SELECT id,create_time,update_time,is_del,status,photo_src,jump_url,show_place FROM t_carousel WHERE ( is_del = ? ) order by id desc LIMIT ? 
11:57:59.897 [http-nio-8080-exec-8] DEBUG c.x.g.d.T.selectByExample - ==> Parameters: 0(Integer), 20(Integer)
11:57:59.900 [http-nio-8080-exec-8] TRACE c.x.g.d.T.selectByExample - <==    Columns: id, create_time, update_time, is_del, status, photo_src, jump_url, show_place
11:57:59.902 [http-nio-8080-exec-8] TRACE c.x.g.d.T.selectByExample - <==        Row: 6, 2020-03-14 10:54:18, 2020-03-14 11:57:57, 0, 0, /upload/carousel/28590a411d5f407e9417daeb97550507.png, xxxx, null
11:57:59.906 [http-nio-8080-exec-8] TRACE c.x.g.d.T.selectByExample - <==        Row: 4, 2020-03-14 07:42:04, 2020-03-14 08:41:33, 0, 1, /upload/b7c371f451ac4108b2163c728dd93b2a.jpg, gggggggggg, null
11:57:59.908 [http-nio-8080-exec-8] TRACE c.x.g.d.T.selectByExample - <==        Row: 3, 2020-03-14 07:40:20, null, 0, 0, /upload/aa75d22830954dcb9915d1239befb0cb.jpg, xxxxxxx, null
11:57:59.913 [http-nio-8080-exec-8] TRACE c.x.g.d.T.selectByExample - <==        Row: 2, 2020-03-14 00:37:37, null, 0, 0, /upload/6afeca802b7a4d7e94b3a945ea30c2e4.jpg, dddd, null
11:57:59.914 [http-nio-8080-exec-8] DEBUG c.x.g.d.T.selectByExample - <==      Total: 4
11:57:59.923 [http-nio-8080-exec-8] DEBUG c.x.g.d.T.selectCountByExample - ==>  Preparing: SELECT COUNT(id) FROM t_carousel WHERE ( is_del = ? ) 
11:57:59.924 [http-nio-8080-exec-8] DEBUG c.x.g.d.T.selectCountByExample - ==> Parameters: 0(Integer)
11:57:59.930 [http-nio-8080-exec-8] TRACE c.x.g.d.T.selectCountByExample - <==    Columns: COUNT(id)
11:57:59.930 [http-nio-8080-exec-8] TRACE c.x.g.d.T.selectCountByExample - <==        Row: 4
11:57:59.931 [http-nio-8080-exec-8] DEBUG c.x.g.d.T.selectCountByExample - <==      Total: 1
14:45:04.742 [SpringContextShutdownHook] INFO  c.alibaba.druid.pool.DruidDataSource - {dataSource-1} closing ...
14:45:04.750 [SpringContextShutdownHook] INFO  c.alibaba.druid.pool.DruidDataSource - {dataSource-1} closed
