10:15:56.842 [main] INFO  com.xdx.garbage.GarbageApplication - Starting GarbageApplication on PC-2019HWL with PID 2336 (D:\xdxgit\my-project\garbage\target\classes started by Administrator in D:\xdxgit\my-project\garbage)
10:15:56.844 [main] INFO  com.xdx.garbage.GarbageApplication - The following profiles are active: dev
10:15:57.329 [main] WARN  t.m.s.mapper.ClassPathMapperScanner - No MyBatis mapper was found in '[com.xdx.garbage.dao]' package. Please check your configuration.
10:15:57.604 [main] WARN  o.m.s.mapper.ClassPathMapperScanner - No MyBatis mapper was found in '[com.xdx.garbage]' package. Please check your configuration.
10:15:57.999 [main] INFO  o.s.b.w.e.tomcat.TomcatWebServer - Tomcat initialized with port(s): 8080 (http)
10:15:58.007 [main] INFO  o.a.coyote.http11.Http11NioProtocol - Initializing ProtocolHandler ["http-nio-8080"]
10:15:58.008 [main] INFO  o.a.catalina.core.StandardService - Starting service [Tomcat]
10:15:58.008 [main] INFO  o.a.catalina.core.StandardEngine - Starting Servlet engine: [Apache Tomcat/9.0.31]
10:15:58.121 [main] INFO  o.a.c.c.C.[Tomcat].[localhost].[/] - Initializing Spring embedded WebApplicationContext
10:15:58.121 [main] INFO  o.s.web.context.ContextLoader - Root WebApplicationContext: initialization completed in 1229 ms
10:15:58.326 [main] INFO  o.s.s.c.ThreadPoolTaskExecutor - Initializing ExecutorService 'applicationTaskExecutor'
10:15:58.465 [main] INFO  c.a.d.s.b.a.DruidDataSourceAutoConfigure - Init DruidDataSource
10:15:59.173 [main] INFO  com.xdx.garbage.druid.CustomFilter - 连接开始前
10:15:59.362 [main] INFO  com.xdx.garbage.druid.CustomFilter - 连接连接结束后
10:15:59.365 [main] INFO  com.xdx.garbage.druid.CustomFilter - 连接开始前
10:15:59.379 [main] INFO  com.xdx.garbage.druid.CustomFilter - 连接连接结束后
10:15:59.388 [main] INFO  com.xdx.garbage.druid.CustomFilter - 连接开始前
10:15:59.406 [main] INFO  com.xdx.garbage.druid.CustomFilter - 连接连接结束后
10:15:59.407 [main] INFO  com.xdx.garbage.druid.CustomFilter - 连接开始前
10:15:59.419 [main] INFO  com.xdx.garbage.druid.CustomFilter - 连接连接结束后
10:15:59.421 [main] INFO  com.xdx.garbage.druid.CustomFilter - 连接开始前
10:15:59.432 [main] INFO  com.xdx.garbage.druid.CustomFilter - 连接连接结束后
10:15:59.436 [main] INFO  c.alibaba.druid.pool.DruidDataSource - {dataSource-1} inited
10:15:59.711 [main] INFO  o.a.coyote.http11.Http11NioProtocol - Starting ProtocolHandler ["http-nio-8080"]
10:15:59.736 [main] INFO  o.s.b.w.e.tomcat.TomcatWebServer - Tomcat started on port(s): 8080 (http) with context path ''
10:15:59.740 [main] INFO  com.xdx.garbage.GarbageApplication - Started GarbageApplication in 3.582 seconds (JVM running for 5.221)
10:16:28.223 [http-nio-8080-exec-1] INFO  o.a.c.c.C.[Tomcat].[localhost].[/] - Initializing Spring DispatcherServlet 'dispatcherServlet'
10:16:28.223 [http-nio-8080-exec-1] INFO  o.s.web.servlet.DispatcherServlet - Initializing Servlet 'dispatcherServlet'
10:16:28.229 [http-nio-8080-exec-1] INFO  o.s.web.servlet.DispatcherServlet - Completed initialization in 6 ms
10:20:25.306 [main] INFO  com.xdx.garbage.GarbageApplication - Starting GarbageApplication on PC-2019HWL with PID 13232 (D:\xdxgit\my-project\garbage\target\classes started by Administrator in D:\xdxgit\my-project\garbage)
10:20:25.308 [main] INFO  com.xdx.garbage.GarbageApplication - The following profiles are active: dev
10:20:25.832 [main] WARN  t.m.s.mapper.ClassPathMapperScanner - No MyBatis mapper was found in '[com.xdx.garbage.dao]' package. Please check your configuration.
10:20:26.096 [main] WARN  o.m.s.mapper.ClassPathMapperScanner - No MyBatis mapper was found in '[com.xdx.garbage]' package. Please check your configuration.
10:20:26.512 [main] INFO  o.s.b.w.e.tomcat.TomcatWebServer - Tomcat initialized with port(s): 8080 (http)
10:20:26.521 [main] INFO  o.a.coyote.http11.Http11NioProtocol - Initializing ProtocolHandler ["http-nio-8080"]
10:20:26.522 [main] INFO  o.a.catalina.core.StandardService - Starting service [Tomcat]
10:20:26.522 [main] INFO  o.a.catalina.core.StandardEngine - Starting Servlet engine: [Apache Tomcat/9.0.31]
10:20:26.638 [main] INFO  o.a.c.c.C.[Tomcat].[localhost].[/] - Initializing Spring embedded WebApplicationContext
10:20:26.638 [main] INFO  o.s.web.context.ContextLoader - Root WebApplicationContext: initialization completed in 1278 ms
10:20:26.824 [main] INFO  o.s.s.c.ThreadPoolTaskExecutor - Initializing ExecutorService 'applicationTaskExecutor'
10:20:26.962 [main] INFO  c.a.d.s.b.a.DruidDataSourceAutoConfigure - Init DruidDataSource
10:20:27.633 [main] INFO  com.xdx.garbage.druid.CustomFilter - 连接开始前
10:20:27.807 [main] INFO  com.xdx.garbage.druid.CustomFilter - 连接连接结束后
10:20:27.810 [main] INFO  com.xdx.garbage.druid.CustomFilter - 连接开始前
10:20:27.820 [main] INFO  com.xdx.garbage.druid.CustomFilter - 连接连接结束后
10:20:27.822 [main] INFO  com.xdx.garbage.druid.CustomFilter - 连接开始前
10:20:27.832 [main] INFO  com.xdx.garbage.druid.CustomFilter - 连接连接结束后
10:20:27.834 [main] INFO  com.xdx.garbage.druid.CustomFilter - 连接开始前
10:20:27.844 [main] INFO  com.xdx.garbage.druid.CustomFilter - 连接连接结束后
10:20:27.845 [main] INFO  com.xdx.garbage.druid.CustomFilter - 连接开始前
10:20:27.856 [main] INFO  com.xdx.garbage.druid.CustomFilter - 连接连接结束后
10:20:27.860 [main] INFO  c.alibaba.druid.pool.DruidDataSource - {dataSource-1} inited
10:20:28.069 [main] INFO  o.a.coyote.http11.Http11NioProtocol - Starting ProtocolHandler ["http-nio-8080"]
10:20:28.092 [main] INFO  o.s.b.w.e.tomcat.TomcatWebServer - Tomcat started on port(s): 8080 (http) with context path ''
10:20:28.095 [main] INFO  com.xdx.garbage.GarbageApplication - Started GarbageApplication in 3.283 seconds (JVM running for 4.678)
10:22:07.620 [main] INFO  com.xdx.garbage.GarbageApplication - Starting GarbageApplication on PC-2019HWL with PID 15016 (D:\xdxgit\my-project\garbage\target\classes started by Administrator in D:\xdxgit\my-project\garbage)
10:22:07.623 [main] INFO  com.xdx.garbage.GarbageApplication - The following profiles are active: dev
10:22:08.091 [main] WARN  t.m.s.mapper.ClassPathMapperScanner - No MyBatis mapper was found in '[com.xdx.garbage.dao]' package. Please check your configuration.
10:22:08.314 [main] WARN  o.m.s.mapper.ClassPathMapperScanner - No MyBatis mapper was found in '[com.xdx.garbage]' package. Please check your configuration.
10:22:08.715 [main] INFO  o.s.b.w.e.tomcat.TomcatWebServer - Tomcat initialized with port(s): 8080 (http)
10:22:08.724 [main] INFO  o.a.coyote.http11.Http11NioProtocol - Initializing ProtocolHandler ["http-nio-8080"]
10:22:08.725 [main] INFO  o.a.catalina.core.StandardService - Starting service [Tomcat]
10:22:08.725 [main] INFO  o.a.catalina.core.StandardEngine - Starting Servlet engine: [Apache Tomcat/9.0.31]
10:22:08.855 [main] INFO  o.a.c.c.C.[Tomcat].[localhost].[/] - Initializing Spring embedded WebApplicationContext
10:22:08.856 [main] INFO  o.s.web.context.ContextLoader - Root WebApplicationContext: initialization completed in 1130 ms
10:22:09.110 [main] INFO  c.a.d.s.b.a.DruidDataSourceAutoConfigure - Init DruidDataSource
10:22:09.825 [main] INFO  com.xdx.garbage.druid.CustomFilter - 连接开始前
10:22:10.000 [main] INFO  com.xdx.garbage.druid.CustomFilter - 连接连接结束后
10:22:10.003 [main] INFO  com.xdx.garbage.druid.CustomFilter - 连接开始前
10:22:10.013 [main] INFO  com.xdx.garbage.druid.CustomFilter - 连接连接结束后
10:22:10.015 [main] INFO  com.xdx.garbage.druid.CustomFilter - 连接开始前
10:22:10.025 [main] INFO  com.xdx.garbage.druid.CustomFilter - 连接连接结束后
10:22:10.026 [main] INFO  com.xdx.garbage.druid.CustomFilter - 连接开始前
10:22:10.039 [main] INFO  com.xdx.garbage.druid.CustomFilter - 连接连接结束后
10:22:10.040 [main] INFO  com.xdx.garbage.druid.CustomFilter - 连接开始前
10:22:10.050 [main] INFO  com.xdx.garbage.druid.CustomFilter - 连接连接结束后
10:22:10.053 [main] INFO  c.alibaba.druid.pool.DruidDataSource - {dataSource-1} inited
10:22:10.303 [main] INFO  o.a.coyote.http11.Http11NioProtocol - Starting ProtocolHandler ["http-nio-8080"]
10:22:10.324 [main] INFO  o.s.b.w.e.tomcat.TomcatWebServer - Tomcat started on port(s): 8080 (http) with context path ''
10:22:10.327 [main] INFO  com.xdx.garbage.GarbageApplication - Started GarbageApplication in 3.33 seconds (JVM running for 4.638)
10:22:47.028 [http-nio-8080-exec-1] INFO  o.a.c.c.C.[Tomcat].[localhost].[/] - Initializing Spring DispatcherServlet 'dispatcherServlet'
10:22:47.028 [http-nio-8080-exec-1] INFO  o.s.web.servlet.DispatcherServlet - Initializing Servlet 'dispatcherServlet'
10:22:47.034 [http-nio-8080-exec-1] INFO  o.s.web.servlet.DispatcherServlet - Completed initialization in 6 ms
10:22:47.048 [http-nio-8080-exec-1] ERROR c.x.g.c.interceptor.BackInterceptor - 拦截路径/hello
