09:03:45.202 [main] INFO  com.xdx.garbage.GarbageApplication - Starting GarbageApplication on PC-2019HWL with PID 12304 (D:\xdxgit\my-project\garbage\target\classes started by Administrator in D:\xdxgit\my-project\garbage)
09:03:45.205 [main] INFO  com.xdx.garbage.GarbageApplication - The following profiles are active: dev
09:03:46.127 [main] WARN  o.m.s.mapper.ClassPathMapperScanner - No MyBatis mapper was found in '[com.xdx.garbage]' package. Please check your configuration.
09:03:46.668 [main] INFO  o.s.b.w.e.tomcat.TomcatWebServer - Tomcat initialized with port(s): 8080 (http)
09:03:46.680 [main] INFO  o.a.coyote.http11.Http11NioProtocol - Initializing ProtocolHandler ["http-nio-8080"]
09:03:46.680 [main] INFO  o.a.catalina.core.StandardService - Starting service [Tomcat]
09:03:46.681 [main] INFO  o.a.catalina.core.StandardEngine - Starting Servlet engine: [Apache Tomcat/9.0.31]
09:03:46.800 [main] INFO  o.a.c.c.C.[Tomcat].[localhost].[/] - Initializing Spring embedded WebApplicationContext
09:03:46.801 [main] INFO  o.s.web.context.ContextLoader - Root WebApplicationContext: initialization completed in 1470 ms
09:03:46.964 [main] INFO  c.a.d.s.b.a.DruidDataSourceAutoConfigure - Init DruidDataSource
09:03:47.629 [main] INFO  com.xdx.garbage.druid.CustomFilter - 连接开始前
09:03:47.874 [main] INFO  com.xdx.garbage.druid.CustomFilter - 连接连接结束后
09:03:47.877 [main] INFO  com.xdx.garbage.druid.CustomFilter - 连接开始前
09:03:47.889 [main] INFO  com.xdx.garbage.druid.CustomFilter - 连接连接结束后
09:03:47.891 [main] INFO  com.xdx.garbage.druid.CustomFilter - 连接开始前
09:03:47.902 [main] INFO  com.xdx.garbage.druid.CustomFilter - 连接连接结束后
09:03:47.904 [main] INFO  com.xdx.garbage.druid.CustomFilter - 连接开始前
09:03:47.915 [main] INFO  com.xdx.garbage.druid.CustomFilter - 连接连接结束后
09:03:47.917 [main] INFO  com.xdx.garbage.druid.CustomFilter - 连接开始前
09:03:47.928 [main] INFO  com.xdx.garbage.druid.CustomFilter - 连接连接结束后
09:03:47.932 [main] INFO  c.alibaba.druid.pool.DruidDataSource - {dataSource-1} inited
09:03:49.770 [main] INFO  o.a.coyote.http11.Http11NioProtocol - Starting ProtocolHandler ["http-nio-8080"]
09:03:49.793 [main] INFO  o.s.b.w.e.tomcat.TomcatWebServer - Tomcat started on port(s): 8080 (http) with context path ''
09:03:49.796 [main] INFO  com.xdx.garbage.GarbageApplication - Started GarbageApplication in 5.345 seconds (JVM running for 6.955)
09:18:02.869 [http-nio-8080-exec-1] INFO  o.a.tomcat.util.http.parser.Cookie - A cookie header was received [1561993815,1562078057; MEIQIA_EXTRA_TRACK_ID=1LSJwD9gZ3nQrCJhtGSzrxgUsQq; Hm_lvt_03748b4a01419b3ffb52fdf2b71744af=1562682490; Idea-f60c4641=f260e6fb-c7ac-41ee-8734-6b5e358ec077] that contained an invalid cookie. That cookie will be ignored.
 Note: further occurrences of this error will be logged at DEBUG level.
09:18:02.876 [http-nio-8080-exec-1] INFO  o.a.c.c.C.[Tomcat].[localhost].[/] - Initializing Spring DispatcherServlet 'dispatcherServlet'
09:18:02.876 [http-nio-8080-exec-1] INFO  o.s.web.servlet.DispatcherServlet - Initializing Servlet 'dispatcherServlet'
09:18:02.886 [http-nio-8080-exec-1] INFO  o.s.web.servlet.DispatcherServlet - Completed initialization in 10 ms
09:18:03.039 [http-nio-8080-exec-1] DEBUG c.x.g.dao.TAdminMapper.selectOne - ==>  Preparing: SELECT id,create_time,update_time,user_name,is_del,pwd,role FROM t_admin WHERE user_name = ? 
09:18:03.126 [http-nio-8080-exec-1] DEBUG c.x.g.dao.TAdminMapper.selectOne - ==> Parameters: xdx(String)
09:18:03.153 [http-nio-8080-exec-1] TRACE c.x.g.dao.TAdminMapper.selectOne - <==    Columns: id, create_time, update_time, user_name, is_del, pwd, role
09:18:03.155 [http-nio-8080-exec-1] TRACE c.x.g.dao.TAdminMapper.selectOne - <==        Row: 1, 2020-03-12 08:38:17, null, xdx, 0, 61608C312B822ED815EF66D44E0B844DEB2B22E5, 'admin'
09:18:03.156 [http-nio-8080-exec-1] DEBUG c.x.g.dao.TAdminMapper.selectOne - <==      Total: 1
09:18:03.168 [http-nio-8080-exec-1] DEBUG c.x.g.dao.TAdminMapper.selectOne - ==>  Preparing: SELECT id,create_time,update_time,user_name,is_del,pwd,role FROM t_admin WHERE user_name = ? AND pwd = ? 
09:18:03.169 [http-nio-8080-exec-1] DEBUG c.x.g.dao.TAdminMapper.selectOne - ==> Parameters: xdx(String), 61608C312B822ED815EF66D44E0B844DEB2B22E5(String)
09:18:03.170 [http-nio-8080-exec-1] TRACE c.x.g.dao.TAdminMapper.selectOne - <==    Columns: id, create_time, update_time, user_name, is_del, pwd, role
09:18:03.171 [http-nio-8080-exec-1] TRACE c.x.g.dao.TAdminMapper.selectOne - <==        Row: 1, 2020-03-12 08:38:17, null, xdx, 0, 61608C312B822ED815EF66D44E0B844DEB2B22E5, 'admin'
09:18:03.171 [http-nio-8080-exec-1] DEBUG c.x.g.dao.TAdminMapper.selectOne - <==      Total: 1
09:18:03.254 [http-nio-8080-exec-2] ERROR c.x.g.c.interceptor.BackInterceptor - 拦截路径/ele/admin/info
09:18:03.255 [http-nio-8080-exec-2] INFO  c.x.g.c.back.AdminController - E7F24587332CE5F3DFCD3FCD6C7B2E48ddddddddddcom.xdx.garbage.entity.TAdmin@34d10069
09:18:03.255 [http-nio-8080-exec-2] INFO  c.x.g.c.back.AdminController - E7F24587332CE5F3DFCD3FCD6C7B2E48
09:18:03.653 [http-nio-8080-exec-3] WARN  o.s.web.servlet.PageNotFound - No mapping for GET /undefined
09:18:03.658 [http-nio-8080-exec-3] ERROR c.x.g.c.interceptor.BackInterceptor - 拦截路径/error
09:18:03.721 [http-nio-8080-exec-4] WARN  o.s.web.servlet.PageNotFound - No mapping for GET /undefined
09:18:03.722 [http-nio-8080-exec-4] ERROR c.x.g.c.interceptor.BackInterceptor - 拦截路径/error
09:18:07.460 [http-nio-8080-exec-5] ERROR c.x.g.c.interceptor.BackInterceptor - 拦截路径/ele/agency/lists
09:18:07.461 [http-nio-8080-exec-6] ERROR c.x.g.c.interceptor.BackInterceptor - 拦截路径/ele/province/listWithCities
09:18:07.474 [http-nio-8080-exec-6] DEBUG c.x.g.d.T.selectListWithCities - ==>  Preparing: SELECT * FROM t_province where is_del=0 order by id 
09:18:07.477 [http-nio-8080-exec-6] DEBUG c.x.g.d.T.selectListWithCities - ==> Parameters: 
09:18:07.481 [http-nio-8080-exec-6] TRACE c.x.g.d.T.selectListWithCities - <==    Columns: id, create_time, update_time, is_del, province_name
09:18:07.482 [http-nio-8080-exec-6] TRACE c.x.g.d.T.selectListWithCities - <==        Row: 1, 2020-03-15 15:49:29, 2020-03-15 15:49:38, 0, 福建省
09:18:07.483 [http-nio-8080-exec-6] DEBUG c.x.g.d.T.selectListByProvinceId - ====>  Preparing: SELECT * FROM t_city where province_id=? 
09:18:07.484 [http-nio-8080-exec-6] DEBUG c.x.g.d.T.selectListByProvinceId - ====> Parameters: 1(Long)
09:18:07.488 [http-nio-8080-exec-6] TRACE c.x.g.d.T.selectListByProvinceId - <====    Columns: id, create_time, update_time, is_del, province_id, city_name
09:18:07.489 [http-nio-8080-exec-6] TRACE c.x.g.d.T.selectListByProvinceId - <====        Row: 2, 2020-03-15 17:08:34, 2020-03-15 17:25:32, 0, 1, 厦门市
09:18:07.490 [http-nio-8080-exec-6] DEBUG c.x.g.d.T.selectByPrimaryKey - ======>  Preparing: SELECT id,create_time,update_time,is_del,province_name FROM t_province WHERE id = ? 
09:18:07.490 [http-nio-8080-exec-6] DEBUG c.x.g.d.T.selectByPrimaryKey - ======> Parameters: 1(Long)
09:18:07.492 [http-nio-8080-exec-6] TRACE c.x.g.d.T.selectByPrimaryKey - <======    Columns: id, create_time, update_time, is_del, province_name
09:18:07.492 [http-nio-8080-exec-6] TRACE c.x.g.d.T.selectByPrimaryKey - <======        Row: 1, 2020-03-15 15:49:29, 2020-03-15 15:49:38, 0, 福建省
09:18:07.492 [http-nio-8080-exec-6] DEBUG c.x.g.d.T.selectByPrimaryKey - <======      Total: 1
09:18:07.493 [http-nio-8080-exec-6] DEBUG c.x.g.d.T.selectListByProvinceId - <====      Total: 1
09:18:07.493 [http-nio-8080-exec-6] TRACE c.x.g.d.T.selectListWithCities - <==        Row: 2, 2020-03-15 17:25:02, null, 0, 广东省
09:18:07.493 [http-nio-8080-exec-6] DEBUG c.x.g.d.T.selectListByProvinceId - ====>  Preparing: SELECT * FROM t_city where province_id=? 
09:18:07.494 [http-nio-8080-exec-6] DEBUG c.x.g.d.T.selectListByProvinceId - ====> Parameters: 2(Long)
09:18:07.495 [http-nio-8080-exec-6] TRACE c.x.g.d.T.selectListByProvinceId - <====    Columns: id, create_time, update_time, is_del, province_id, city_name
09:18:07.495 [http-nio-8080-exec-6] TRACE c.x.g.d.T.selectListByProvinceId - <====        Row: 3, 2020-03-15 22:34:15, null, 0, 2, 深圳市
09:18:07.496 [http-nio-8080-exec-6] DEBUG c.x.g.d.T.selectByPrimaryKey - ======>  Preparing: SELECT id,create_time,update_time,is_del,province_name FROM t_province WHERE id = ? 
09:18:07.497 [http-nio-8080-exec-6] DEBUG c.x.g.d.T.selectByPrimaryKey - ======> Parameters: 2(Long)
09:18:07.498 [http-nio-8080-exec-6] TRACE c.x.g.d.T.selectByPrimaryKey - <======    Columns: id, create_time, update_time, is_del, province_name
09:18:07.498 [http-nio-8080-exec-6] TRACE c.x.g.d.T.selectByPrimaryKey - <======        Row: 2, 2020-03-15 17:25:02, null, 0, 广东省
09:18:07.499 [http-nio-8080-exec-6] DEBUG c.x.g.d.T.selectByPrimaryKey - <======      Total: 1
09:18:07.499 [http-nio-8080-exec-6] DEBUG c.x.g.d.T.selectListByProvinceId - <====      Total: 1
09:18:07.499 [http-nio-8080-exec-6] DEBUG c.x.g.d.T.selectListWithCities - <==      Total: 2
09:18:07.524 [http-nio-8080-exec-5] DEBUG c.x.g.d.T.selectByExample_COUNT - ==>  Preparing: SELECT count(0) FROM t_agency WHERE (is_del = ?) 
09:18:07.526 [http-nio-8080-exec-5] DEBUG c.x.g.d.T.selectByExample_COUNT - ==> Parameters: 0(Integer)
09:18:07.529 [http-nio-8080-exec-5] TRACE c.x.g.d.T.selectByExample_COUNT - <==    Columns: count(0)
09:18:07.529 [http-nio-8080-exec-5] TRACE c.x.g.d.T.selectByExample_COUNT - <==        Row: 0
09:18:07.530 [http-nio-8080-exec-5] DEBUG c.x.g.d.T.selectByExample_COUNT - <==      Total: 1
09:18:07.539 [http-nio-8080-exec-5] DEBUG c.x.g.d.T.selectCountByExample - ==>  Preparing: SELECT COUNT(id) FROM t_agency WHERE ( is_del = ? ) 
09:18:07.539 [http-nio-8080-exec-5] DEBUG c.x.g.d.T.selectCountByExample - ==> Parameters: 0(Integer)
09:18:07.540 [http-nio-8080-exec-5] TRACE c.x.g.d.T.selectCountByExample - <==    Columns: COUNT(id)
09:18:07.540 [http-nio-8080-exec-5] TRACE c.x.g.d.T.selectCountByExample - <==        Row: 0
09:18:07.541 [http-nio-8080-exec-5] DEBUG c.x.g.d.T.selectCountByExample - <==      Total: 1
09:18:39.767 [http-nio-8080-exec-7] ERROR c.x.g.c.interceptor.BackInterceptor - 拦截路径/ele/agency/add
09:18:39.779 [http-nio-8080-exec-7] DEBUG c.x.g.d.T.insertSelective - ==>  Preparing: INSERT INTO t_agency ( id,agent_name,province_id,city_id,agent_account,agent_pwd,note,tel ) VALUES( ?,?,?,?,?,?,?,? ) 
09:18:39.785 [http-nio-8080-exec-7] DEBUG c.x.g.d.T.insertSelective - ==> Parameters: null, 厦门片区代理(String), 1(Long), 2(Long), amoy(String), 61608C312B822ED815EF66D44E0B844DEB2B22E5(String), 测试(String), 15260220397(String)
09:18:39.802 [http-nio-8080-exec-7] ERROR druid.sql.Statement - {conn-10005, pstmt-20009} execute error. INSERT INTO t_agency  ( id,agent_name,province_id,city_id,agent_account,agent_pwd,note,tel ) VALUES( ?,?,?,?,?,?,?,? )
com.mysql.cj.jdbc.exceptions.MysqlDataTruncation: Data truncation: Data too long for column 'agent_pwd' at row 1
	at com.mysql.cj.jdbc.exceptions.SQLExceptionsMapping.translateException(SQLExceptionsMapping.java:104)
	at com.mysql.cj.jdbc.ClientPreparedStatement.executeInternal(ClientPreparedStatement.java:953)
	at com.mysql.cj.jdbc.ClientPreparedStatement.execute(ClientPreparedStatement.java:370)
	at com.alibaba.druid.filter.FilterChainImpl.preparedStatement_execute(FilterChainImpl.java:3461)
	at com.alibaba.druid.filter.FilterEventAdapter.preparedStatement_execute(FilterEventAdapter.java:440)
	at com.alibaba.druid.filter.FilterChainImpl.preparedStatement_execute(FilterChainImpl.java:3459)
	at com.alibaba.druid.filter.FilterEventAdapter.preparedStatement_execute(FilterEventAdapter.java:440)
	at com.alibaba.druid.filter.FilterChainImpl.preparedStatement_execute(FilterChainImpl.java:3459)
	at com.alibaba.druid.filter.FilterEventAdapter.preparedStatement_execute(FilterEventAdapter.java:440)
	at com.alibaba.druid.filter.FilterChainImpl.preparedStatement_execute(FilterChainImpl.java:3459)
	at com.alibaba.druid.filter.FilterAdapter.preparedStatement_execute(FilterAdapter.java:1081)
	at com.alibaba.druid.filter.FilterChainImpl.preparedStatement_execute(FilterChainImpl.java:3459)
	at com.alibaba.druid.proxy.jdbc.PreparedStatementProxyImpl.execute(PreparedStatementProxyImpl.java:167)
	at com.alibaba.druid.pool.DruidPooledPreparedStatement.execute(DruidPooledPreparedStatement.java:497)
	at sun.reflect.NativeMethodAccessorImpl.invoke0(Native Method)
	at sun.reflect.NativeMethodAccessorImpl.invoke(NativeMethodAccessorImpl.java:62)
	at sun.reflect.DelegatingMethodAccessorImpl.invoke(DelegatingMethodAccessorImpl.java:43)
	at java.lang.reflect.Method.invoke(Method.java:498)
	at org.apache.ibatis.logging.jdbc.PreparedStatementLogger.invoke(PreparedStatementLogger.java:59)
	at com.sun.proxy.$Proxy98.execute(Unknown Source)
	at org.apache.ibatis.executor.statement.PreparedStatementHandler.update(PreparedStatementHandler.java:47)
	at org.apache.ibatis.executor.statement.RoutingStatementHandler.update(RoutingStatementHandler.java:74)
	at org.apache.ibatis.executor.SimpleExecutor.doUpdate(SimpleExecutor.java:50)
	at org.apache.ibatis.executor.BaseExecutor.update(BaseExecutor.java:117)
	at org.apache.ibatis.executor.CachingExecutor.update(CachingExecutor.java:76)
	at sun.reflect.NativeMethodAccessorImpl.invoke0(Native Method)
	at sun.reflect.NativeMethodAccessorImpl.invoke(NativeMethodAccessorImpl.java:62)
	at sun.reflect.DelegatingMethodAccessorImpl.invoke(DelegatingMethodAccessorImpl.java:43)
	at java.lang.reflect.Method.invoke(Method.java:498)
	at org.apache.ibatis.plugin.Plugin.invoke(Plugin.java:63)
	at com.sun.proxy.$Proxy96.update(Unknown Source)
	at org.apache.ibatis.session.defaults.DefaultSqlSession.update(DefaultSqlSession.java:197)
	at org.apache.ibatis.session.defaults.DefaultSqlSession.insert(DefaultSqlSession.java:184)
	at sun.reflect.NativeMethodAccessorImpl.invoke0(Native Method)
	at sun.reflect.NativeMethodAccessorImpl.invoke(NativeMethodAccessorImpl.java:62)
	at sun.reflect.DelegatingMethodAccessorImpl.invoke(DelegatingMethodAccessorImpl.java:43)
	at java.lang.reflect.Method.invoke(Method.java:498)
	at org.mybatis.spring.SqlSessionTemplate$SqlSessionInterceptor.invoke(SqlSessionTemplate.java:426)
	at com.sun.proxy.$Proxy69.insert(Unknown Source)
	at org.mybatis.spring.SqlSessionTemplate.insert(SqlSessionTemplate.java:271)
	at org.apache.ibatis.binding.MapperMethod.execute(MapperMethod.java:62)
	at org.apache.ibatis.binding.MapperProxy.invoke(MapperProxy.java:57)
	at com.sun.proxy.$Proxy77.insertSelective(Unknown Source)
	at com.xdx.garbage.common.service.impl.BaseServiceImpl.insertSelective(BaseServiceImpl.java:57)
	at com.xdx.garbage.controller.back.AgencyController.add(AgencyController.java:23)
	at sun.reflect.NativeMethodAccessorImpl.invoke0(Native Method)
	at sun.reflect.NativeMethodAccessorImpl.invoke(NativeMethodAccessorImpl.java:62)
	at sun.reflect.DelegatingMethodAccessorImpl.invoke(DelegatingMethodAccessorImpl.java:43)
	at java.lang.reflect.Method.invoke(Method.java:498)
	at org.springframework.web.method.support.InvocableHandlerMethod.doInvoke(InvocableHandlerMethod.java:190)
	at org.springframework.web.method.support.InvocableHandlerMethod.invokeForRequest(InvocableHandlerMethod.java:138)
	at org.springframework.web.servlet.mvc.method.annotation.ServletInvocableHandlerMethod.invokeAndHandle(ServletInvocableHandlerMethod.java:106)
	at org.springframework.web.servlet.mvc.method.annotation.RequestMappingHandlerAdapter.invokeHandlerMethod(RequestMappingHandlerAdapter.java:879)
	at org.springframework.web.servlet.mvc.method.annotation.RequestMappingHandlerAdapter.handleInternal(RequestMappingHandlerAdapter.java:793)
	at org.springframework.web.servlet.mvc.method.AbstractHandlerMethodAdapter.handle(AbstractHandlerMethodAdapter.java:87)
	at org.springframework.web.servlet.DispatcherServlet.doDispatch(DispatcherServlet.java:1040)
	at org.springframework.web.servlet.DispatcherServlet.doService(DispatcherServlet.java:943)
	at org.springframework.web.servlet.FrameworkServlet.processRequest(FrameworkServlet.java:1006)
	at org.springframework.web.servlet.FrameworkServlet.doPost(FrameworkServlet.java:909)
	at javax.servlet.http.HttpServlet.service(HttpServlet.java:660)
	at org.springframework.web.servlet.FrameworkServlet.service(FrameworkServlet.java:883)
	at javax.servlet.http.HttpServlet.service(HttpServlet.java:741)
	at org.apache.catalina.core.ApplicationFilterChain.internalDoFilter(ApplicationFilterChain.java:231)
	at org.apache.catalina.core.ApplicationFilterChain.doFilter(ApplicationFilterChain.java:166)
	at org.apache.tomcat.websocket.server.WsFilter.doFilter(WsFilter.java:53)
	at org.apache.catalina.core.ApplicationFilterChain.internalDoFilter(ApplicationFilterChain.java:193)
	at org.apache.catalina.core.ApplicationFilterChain.doFilter(ApplicationFilterChain.java:166)
	at com.alibaba.druid.support.http.WebStatFilter.doFilter(WebStatFilter.java:124)
	at org.apache.catalina.core.ApplicationFilterChain.internalDoFilter(ApplicationFilterChain.java:193)
	at org.apache.catalina.core.ApplicationFilterChain.doFilter(ApplicationFilterChain.java:166)
	at org.springframework.web.filter.CharacterEncodingFilter.doFilterInternal(CharacterEncodingFilter.java:201)
	at org.springframework.web.filter.OncePerRequestFilter.doFilter(OncePerRequestFilter.java:119)
	at org.apache.catalina.core.ApplicationFilterChain.internalDoFilter(ApplicationFilterChain.java:193)
	at org.apache.catalina.core.ApplicationFilterChain.doFilter(ApplicationFilterChain.java:166)
	at org.apache.catalina.core.StandardWrapperValve.invoke(StandardWrapperValve.java:202)
	at org.apache.catalina.core.StandardContextValve.invoke(StandardContextValve.java:96)
	at org.apache.catalina.authenticator.AuthenticatorBase.invoke(AuthenticatorBase.java:541)
	at org.apache.catalina.core.StandardHostValve.invoke(StandardHostValve.java:139)
	at org.apache.catalina.valves.ErrorReportValve.invoke(ErrorReportValve.java:92)
	at org.apache.catalina.core.StandardEngineValve.invoke(StandardEngineValve.java:74)
	at org.apache.catalina.connector.CoyoteAdapter.service(CoyoteAdapter.java:343)
	at org.apache.coyote.http11.Http11Processor.service(Http11Processor.java:367)
	at org.apache.coyote.AbstractProcessorLight.process(AbstractProcessorLight.java:65)
	at org.apache.coyote.AbstractProtocol$ConnectionHandler.process(AbstractProtocol.java:868)
	at org.apache.tomcat.util.net.NioEndpoint$SocketProcessor.doRun(NioEndpoint.java:1639)
	at org.apache.tomcat.util.net.SocketProcessorBase.run(SocketProcessorBase.java:49)
	at java.util.concurrent.ThreadPoolExecutor.runWorker(ThreadPoolExecutor.java:1142)
	at java.util.concurrent.ThreadPoolExecutor$Worker.run(ThreadPoolExecutor.java:617)
	at org.apache.tomcat.util.threads.TaskThread$WrappingRunnable.run(TaskThread.java:61)
	at java.lang.Thread.run(Thread.java:748)
09:18:39.866 [http-nio-8080-exec-7] ERROR o.a.c.c.C.[.[.[.[dispatcherServlet] - Servlet.service() for servlet [dispatcherServlet] in context with path [] threw exception [Request processing failed; nested exception is org.springframework.dao.DataIntegrityViolationException: 
### Error updating database.  Cause: com.mysql.cj.jdbc.exceptions.MysqlDataTruncation: Data truncation: Data too long for column 'agent_pwd' at row 1
### The error may exist in com/xdx/garbage/dao/TAgencyMapper.java (best guess)
### The error may involve com.xdx.garbage.dao.TAgencyMapper.insertSelective-Inline
### The error occurred while setting parameters
### SQL: INSERT INTO t_agency  ( id,agent_name,province_id,city_id,agent_account,agent_pwd,note,tel ) VALUES( ?,?,?,?,?,?,?,? )
### Cause: com.mysql.cj.jdbc.exceptions.MysqlDataTruncation: Data truncation: Data too long for column 'agent_pwd' at row 1
; Data truncation: Data too long for column 'agent_pwd' at row 1; nested exception is com.mysql.cj.jdbc.exceptions.MysqlDataTruncation: Data truncation: Data too long for column 'agent_pwd' at row 1] with root cause
com.mysql.cj.jdbc.exceptions.MysqlDataTruncation: Data truncation: Data too long for column 'agent_pwd' at row 1
	at com.mysql.cj.jdbc.exceptions.SQLExceptionsMapping.translateException(SQLExceptionsMapping.java:104)
	at com.mysql.cj.jdbc.ClientPreparedStatement.executeInternal(ClientPreparedStatement.java:953)
	at com.mysql.cj.jdbc.ClientPreparedStatement.execute(ClientPreparedStatement.java:370)
	at com.alibaba.druid.filter.FilterChainImpl.preparedStatement_execute(FilterChainImpl.java:3461)
	at com.alibaba.druid.filter.FilterEventAdapter.preparedStatement_execute(FilterEventAdapter.java:440)
	at com.alibaba.druid.filter.FilterChainImpl.preparedStatement_execute(FilterChainImpl.java:3459)
	at com.alibaba.druid.filter.FilterEventAdapter.preparedStatement_execute(FilterEventAdapter.java:440)
	at com.alibaba.druid.filter.FilterChainImpl.preparedStatement_execute(FilterChainImpl.java:3459)
	at com.alibaba.druid.filter.FilterEventAdapter.preparedStatement_execute(FilterEventAdapter.java:440)
	at com.alibaba.druid.filter.FilterChainImpl.preparedStatement_execute(FilterChainImpl.java:3459)
	at com.alibaba.druid.filter.FilterAdapter.preparedStatement_execute(FilterAdapter.java:1081)
	at com.alibaba.druid.filter.FilterChainImpl.preparedStatement_execute(FilterChainImpl.java:3459)
	at com.alibaba.druid.proxy.jdbc.PreparedStatementProxyImpl.execute(PreparedStatementProxyImpl.java:167)
	at com.alibaba.druid.pool.DruidPooledPreparedStatement.execute(DruidPooledPreparedStatement.java:497)
	at sun.reflect.NativeMethodAccessorImpl.invoke0(Native Method)
	at sun.reflect.NativeMethodAccessorImpl.invoke(NativeMethodAccessorImpl.java:62)
	at sun.reflect.DelegatingMethodAccessorImpl.invoke(DelegatingMethodAccessorImpl.java:43)
	at java.lang.reflect.Method.invoke(Method.java:498)
	at org.apache.ibatis.logging.jdbc.PreparedStatementLogger.invoke(PreparedStatementLogger.java:59)
	at com.sun.proxy.$Proxy98.execute(Unknown Source)
	at org.apache.ibatis.executor.statement.PreparedStatementHandler.update(PreparedStatementHandler.java:47)
	at org.apache.ibatis.executor.statement.RoutingStatementHandler.update(RoutingStatementHandler.java:74)
	at org.apache.ibatis.executor.SimpleExecutor.doUpdate(SimpleExecutor.java:50)
	at org.apache.ibatis.executor.BaseExecutor.update(BaseExecutor.java:117)
	at org.apache.ibatis.executor.CachingExecutor.update(CachingExecutor.java:76)
	at sun.reflect.NativeMethodAccessorImpl.invoke0(Native Method)
	at sun.reflect.NativeMethodAccessorImpl.invoke(NativeMethodAccessorImpl.java:62)
	at sun.reflect.DelegatingMethodAccessorImpl.invoke(DelegatingMethodAccessorImpl.java:43)
	at java.lang.reflect.Method.invoke(Method.java:498)
	at org.apache.ibatis.plugin.Plugin.invoke(Plugin.java:63)
	at com.sun.proxy.$Proxy96.update(Unknown Source)
	at org.apache.ibatis.session.defaults.DefaultSqlSession.update(DefaultSqlSession.java:197)
	at org.apache.ibatis.session.defaults.DefaultSqlSession.insert(DefaultSqlSession.java:184)
	at sun.reflect.NativeMethodAccessorImpl.invoke0(Native Method)
	at sun.reflect.NativeMethodAccessorImpl.invoke(NativeMethodAccessorImpl.java:62)
	at sun.reflect.DelegatingMethodAccessorImpl.invoke(DelegatingMethodAccessorImpl.java:43)
	at java.lang.reflect.Method.invoke(Method.java:498)
	at org.mybatis.spring.SqlSessionTemplate$SqlSessionInterceptor.invoke(SqlSessionTemplate.java:426)
	at com.sun.proxy.$Proxy69.insert(Unknown Source)
	at org.mybatis.spring.SqlSessionTemplate.insert(SqlSessionTemplate.java:271)
	at org.apache.ibatis.binding.MapperMethod.execute(MapperMethod.java:62)
	at org.apache.ibatis.binding.MapperProxy.invoke(MapperProxy.java:57)
	at com.sun.proxy.$Proxy77.insertSelective(Unknown Source)
	at com.xdx.garbage.common.service.impl.BaseServiceImpl.insertSelective(BaseServiceImpl.java:57)
	at com.xdx.garbage.controller.back.AgencyController.add(AgencyController.java:23)
	at sun.reflect.NativeMethodAccessorImpl.invoke0(Native Method)
	at sun.reflect.NativeMethodAccessorImpl.invoke(NativeMethodAccessorImpl.java:62)
	at sun.reflect.DelegatingMethodAccessorImpl.invoke(DelegatingMethodAccessorImpl.java:43)
	at java.lang.reflect.Method.invoke(Method.java:498)
	at org.springframework.web.method.support.InvocableHandlerMethod.doInvoke(InvocableHandlerMethod.java:190)
	at org.springframework.web.method.support.InvocableHandlerMethod.invokeForRequest(InvocableHandlerMethod.java:138)
	at org.springframework.web.servlet.mvc.method.annotation.ServletInvocableHandlerMethod.invokeAndHandle(ServletInvocableHandlerMethod.java:106)
	at org.springframework.web.servlet.mvc.method.annotation.RequestMappingHandlerAdapter.invokeHandlerMethod(RequestMappingHandlerAdapter.java:879)
	at org.springframework.web.servlet.mvc.method.annotation.RequestMappingHandlerAdapter.handleInternal(RequestMappingHandlerAdapter.java:793)
	at org.springframework.web.servlet.mvc.method.AbstractHandlerMethodAdapter.handle(AbstractHandlerMethodAdapter.java:87)
	at org.springframework.web.servlet.DispatcherServlet.doDispatch(DispatcherServlet.java:1040)
	at org.springframework.web.servlet.DispatcherServlet.doService(DispatcherServlet.java:943)
	at org.springframework.web.servlet.FrameworkServlet.processRequest(FrameworkServlet.java:1006)
	at org.springframework.web.servlet.FrameworkServlet.doPost(FrameworkServlet.java:909)
	at javax.servlet.http.HttpServlet.service(HttpServlet.java:660)
	at org.springframework.web.servlet.FrameworkServlet.service(FrameworkServlet.java:883)
	at javax.servlet.http.HttpServlet.service(HttpServlet.java:741)
	at org.apache.catalina.core.ApplicationFilterChain.internalDoFilter(ApplicationFilterChain.java:231)
	at org.apache.catalina.core.ApplicationFilterChain.doFilter(ApplicationFilterChain.java:166)
	at org.apache.tomcat.websocket.server.WsFilter.doFilter(WsFilter.java:53)
	at org.apache.catalina.core.ApplicationFilterChain.internalDoFilter(ApplicationFilterChain.java:193)
	at org.apache.catalina.core.ApplicationFilterChain.doFilter(ApplicationFilterChain.java:166)
	at com.alibaba.druid.support.http.WebStatFilter.doFilter(WebStatFilter.java:124)
	at org.apache.catalina.core.ApplicationFilterChain.internalDoFilter(ApplicationFilterChain.java:193)
	at org.apache.catalina.core.ApplicationFilterChain.doFilter(ApplicationFilterChain.java:166)
	at org.springframework.web.filter.CharacterEncodingFilter.doFilterInternal(CharacterEncodingFilter.java:201)
	at org.springframework.web.filter.OncePerRequestFilter.doFilter(OncePerRequestFilter.java:119)
	at org.apache.catalina.core.ApplicationFilterChain.internalDoFilter(ApplicationFilterChain.java:193)
	at org.apache.catalina.core.ApplicationFilterChain.doFilter(ApplicationFilterChain.java:166)
	at org.apache.catalina.core.StandardWrapperValve.invoke(StandardWrapperValve.java:202)
	at org.apache.catalina.core.StandardContextValve.invoke(StandardContextValve.java:96)
	at org.apache.catalina.authenticator.AuthenticatorBase.invoke(AuthenticatorBase.java:541)
	at org.apache.catalina.core.StandardHostValve.invoke(StandardHostValve.java:139)
	at org.apache.catalina.valves.ErrorReportValve.invoke(ErrorReportValve.java:92)
	at org.apache.catalina.core.StandardEngineValve.invoke(StandardEngineValve.java:74)
	at org.apache.catalina.connector.CoyoteAdapter.service(CoyoteAdapter.java:343)
	at org.apache.coyote.http11.Http11Processor.service(Http11Processor.java:367)
	at org.apache.coyote.AbstractProcessorLight.process(AbstractProcessorLight.java:65)
	at org.apache.coyote.AbstractProtocol$ConnectionHandler.process(AbstractProtocol.java:868)
	at org.apache.tomcat.util.net.NioEndpoint$SocketProcessor.doRun(NioEndpoint.java:1639)
	at org.apache.tomcat.util.net.SocketProcessorBase.run(SocketProcessorBase.java:49)
	at java.util.concurrent.ThreadPoolExecutor.runWorker(ThreadPoolExecutor.java:1142)
	at java.util.concurrent.ThreadPoolExecutor$Worker.run(ThreadPoolExecutor.java:617)
	at org.apache.tomcat.util.threads.TaskThread$WrappingRunnable.run(TaskThread.java:61)
	at java.lang.Thread.run(Thread.java:748)
09:18:39.868 [http-nio-8080-exec-7] ERROR c.x.g.c.interceptor.BackInterceptor - 拦截路径/error
09:19:11.259 [http-nio-8080-exec-8] ERROR c.x.g.c.interceptor.BackInterceptor - 拦截路径/ele/agency/add
09:19:11.265 [http-nio-8080-exec-8] DEBUG c.x.g.d.T.insertSelective - ==>  Preparing: INSERT INTO t_agency ( id,agent_name,province_id,city_id,agent_account,agent_pwd,note,tel ) VALUES( ?,?,?,?,?,?,?,? ) 
09:19:11.266 [http-nio-8080-exec-8] DEBUG c.x.g.d.T.insertSelective - ==> Parameters: null, 厦门片区代理(String), 1(Long), 2(Long), amoy(String), 61608C312B822ED815EF66D44E0B844DEB2B22E5(String), 测试(String), 15260220397(String)
09:19:11.271 [http-nio-8080-exec-8] DEBUG c.x.g.d.T.insertSelective - <==    Updates: 1
09:19:11.275 [http-nio-8080-exec-8] DEBUG c.x.g.d.T.insertSelective!selectKey - ==>  Executing: SELECT LAST_INSERT_ID() 
09:19:11.276 [http-nio-8080-exec-8] TRACE c.x.g.d.T.insertSelective!selectKey - <==    Columns: LAST_INSERT_ID()
09:19:11.276 [http-nio-8080-exec-8] TRACE c.x.g.d.T.insertSelective!selectKey - <==        Row: 1
09:19:11.277 [http-nio-8080-exec-8] DEBUG c.x.g.d.T.insertSelective!selectKey - <==      Total: 1
09:19:11.329 [http-nio-8080-exec-9] ERROR c.x.g.c.interceptor.BackInterceptor - 拦截路径/ele/agency/lists
09:19:11.338 [http-nio-8080-exec-9] DEBUG c.x.g.d.T.selectByExample_COUNT - ==>  Preparing: SELECT count(0) FROM t_agency WHERE (is_del = ?) 
09:19:11.339 [http-nio-8080-exec-9] DEBUG c.x.g.d.T.selectByExample_COUNT - ==> Parameters: 0(Integer)
09:19:11.340 [http-nio-8080-exec-9] TRACE c.x.g.d.T.selectByExample_COUNT - <==    Columns: count(0)
09:19:11.341 [http-nio-8080-exec-9] TRACE c.x.g.d.T.selectByExample_COUNT - <==        Row: 1
09:19:11.341 [http-nio-8080-exec-9] DEBUG c.x.g.d.T.selectByExample_COUNT - <==      Total: 1
09:19:11.343 [http-nio-8080-exec-9] DEBUG c.x.g.d.T.selectByExample - ==>  Preparing: SELECT id,create_time,update_time,is_del,agent_name,province_id,city_id,agent_account,agent_pwd,satus,note,role,tel,balance FROM t_agency WHERE ( is_del = ? ) order by id desc LIMIT ? 
09:19:11.345 [http-nio-8080-exec-9] DEBUG c.x.g.d.T.selectByExample - ==> Parameters: 0(Integer), 20(Integer)
09:19:11.347 [http-nio-8080-exec-9] TRACE c.x.g.d.T.selectByExample - <==    Columns: id, create_time, update_time, is_del, agent_name, province_id, city_id, agent_account, agent_pwd, satus, note, role, tel, balance
09:19:11.348 [http-nio-8080-exec-9] TRACE c.x.g.d.T.selectByExample - <==        Row: 1, 2020-03-20 09:19:11, null, 0, 厦门片区代理, 1, 2, amoy, 61608C312B822ED815EF66D44E0B844DEB2B22E5, 0, 测试, 'agent', 15260220397, 0.00
09:19:11.349 [http-nio-8080-exec-9] DEBUG c.x.g.d.T.selectByExample - <==      Total: 1
09:19:11.358 [http-nio-8080-exec-9] DEBUG c.x.g.d.T.selectCountByExample - ==>  Preparing: SELECT COUNT(id) FROM t_agency WHERE ( is_del = ? ) 
09:19:11.358 [http-nio-8080-exec-9] DEBUG c.x.g.d.T.selectCountByExample - ==> Parameters: 0(Integer)
09:19:11.360 [http-nio-8080-exec-9] TRACE c.x.g.d.T.selectCountByExample - <==    Columns: COUNT(id)
09:19:11.360 [http-nio-8080-exec-9] TRACE c.x.g.d.T.selectCountByExample - <==        Row: 1
09:19:11.360 [http-nio-8080-exec-9] DEBUG c.x.g.d.T.selectCountByExample - <==      Total: 1
09:24:13.903 [main] INFO  com.xdx.garbage.GarbageApplication - Starting GarbageApplication on PC-2019HWL with PID 11544 (D:\xdxgit\my-project\garbage\target\classes started by Administrator in D:\xdxgit\my-project\garbage)
09:24:13.906 [main] INFO  com.xdx.garbage.GarbageApplication - The following profiles are active: dev
09:24:15.378 [main] WARN  o.m.s.mapper.ClassPathMapperScanner - No MyBatis mapper was found in '[com.xdx.garbage]' package. Please check your configuration.
09:24:16.051 [main] INFO  o.s.b.w.e.tomcat.TomcatWebServer - Tomcat initialized with port(s): 8080 (http)
09:24:16.066 [main] INFO  o.a.coyote.http11.Http11NioProtocol - Initializing ProtocolHandler ["http-nio-8080"]
09:24:16.067 [main] INFO  o.a.catalina.core.StandardService - Starting service [Tomcat]
09:24:16.067 [main] INFO  o.a.catalina.core.StandardEngine - Starting Servlet engine: [Apache Tomcat/9.0.31]
09:24:16.213 [main] INFO  o.a.c.c.C.[Tomcat].[localhost].[/] - Initializing Spring embedded WebApplicationContext
09:24:16.214 [main] INFO  o.s.web.context.ContextLoader - Root WebApplicationContext: initialization completed in 2231 ms
09:24:16.542 [main] INFO  c.a.d.s.b.a.DruidDataSourceAutoConfigure - Init DruidDataSource
09:24:17.325 [main] INFO  com.xdx.garbage.druid.CustomFilter - 连接开始前
09:24:17.564 [main] INFO  com.xdx.garbage.druid.CustomFilter - 连接连接结束后
09:24:17.568 [main] INFO  com.xdx.garbage.druid.CustomFilter - 连接开始前
09:24:17.581 [main] INFO  com.xdx.garbage.druid.CustomFilter - 连接连接结束后
09:24:17.583 [main] INFO  com.xdx.garbage.druid.CustomFilter - 连接开始前
09:24:17.594 [main] INFO  com.xdx.garbage.druid.CustomFilter - 连接连接结束后
09:24:17.596 [main] INFO  com.xdx.garbage.druid.CustomFilter - 连接开始前
09:24:17.607 [main] INFO  com.xdx.garbage.druid.CustomFilter - 连接连接结束后
09:24:17.608 [main] INFO  com.xdx.garbage.druid.CustomFilter - 连接开始前
09:24:17.618 [main] INFO  com.xdx.garbage.druid.CustomFilter - 连接连接结束后
09:24:17.622 [main] INFO  c.alibaba.druid.pool.DruidDataSource - {dataSource-1} inited
09:24:19.308 [main] INFO  o.a.coyote.http11.Http11NioProtocol - Starting ProtocolHandler ["http-nio-8080"]
09:24:19.349 [main] INFO  o.s.b.w.e.tomcat.TomcatWebServer - Tomcat started on port(s): 8080 (http) with context path ''
09:24:19.355 [main] INFO  com.xdx.garbage.GarbageApplication - Started GarbageApplication in 6.183 seconds (JVM running for 7.571)
09:24:31.131 [http-nio-8080-exec-1] INFO  o.a.tomcat.util.http.parser.Cookie - A cookie header was received [1561993815,1562078057; MEIQIA_EXTRA_TRACK_ID=1LSJwD9gZ3nQrCJhtGSzrxgUsQq; Hm_lvt_03748b4a01419b3ffb52fdf2b71744af=1562682490; Idea-f60c4641=f260e6fb-c7ac-41ee-8734-6b5e358ec077; JSESSIONID=E7F24587332CE5F3DFCD3FCD6C7B2E48; Admin-Token=E7F24587332CE5F3DFCD3FCD6C7B2E48] that contained an invalid cookie. That cookie will be ignored.
 Note: further occurrences of this error will be logged at DEBUG level.
09:24:31.142 [http-nio-8080-exec-1] INFO  o.a.c.c.C.[Tomcat].[localhost].[/] - Initializing Spring DispatcherServlet 'dispatcherServlet'
09:24:31.145 [http-nio-8080-exec-1] INFO  o.s.web.servlet.DispatcherServlet - Initializing Servlet 'dispatcherServlet'
09:24:31.159 [http-nio-8080-exec-1] INFO  o.s.web.servlet.DispatcherServlet - Completed initialization in 14 ms
09:24:31.209 [http-nio-8080-exec-1] ERROR c.x.g.c.interceptor.BackInterceptor - 拦截路径/ele/admin/info
09:24:36.509 [http-nio-8080-exec-4] DEBUG c.x.g.dao.TAdminMapper.selectOne - ==>  Preparing: SELECT id,create_time,update_time,user_name,is_del,pwd,role FROM t_admin WHERE user_name = ? 
09:24:36.697 [http-nio-8080-exec-4] DEBUG c.x.g.dao.TAdminMapper.selectOne - ==> Parameters: xdx(String)
09:24:36.731 [http-nio-8080-exec-4] TRACE c.x.g.dao.TAdminMapper.selectOne - <==    Columns: id, create_time, update_time, user_name, is_del, pwd, role
09:24:36.733 [http-nio-8080-exec-4] TRACE c.x.g.dao.TAdminMapper.selectOne - <==        Row: 1, 2020-03-12 08:38:17, null, xdx, 0, 61608C312B822ED815EF66D44E0B844DEB2B22E5, 'admin'
09:24:36.735 [http-nio-8080-exec-4] DEBUG c.x.g.dao.TAdminMapper.selectOne - <==      Total: 1
09:24:36.751 [http-nio-8080-exec-4] DEBUG c.x.g.dao.TAdminMapper.selectOne - ==>  Preparing: SELECT id,create_time,update_time,user_name,is_del,pwd,role FROM t_admin WHERE user_name = ? AND pwd = ? 
09:24:36.752 [http-nio-8080-exec-4] DEBUG c.x.g.dao.TAdminMapper.selectOne - ==> Parameters: xdx(String), 61608C312B822ED815EF66D44E0B844DEB2B22E5(String)
09:24:36.754 [http-nio-8080-exec-4] TRACE c.x.g.dao.TAdminMapper.selectOne - <==    Columns: id, create_time, update_time, user_name, is_del, pwd, role
09:24:36.754 [http-nio-8080-exec-4] TRACE c.x.g.dao.TAdminMapper.selectOne - <==        Row: 1, 2020-03-12 08:38:17, null, xdx, 0, 61608C312B822ED815EF66D44E0B844DEB2B22E5, 'admin'
09:24:36.755 [http-nio-8080-exec-4] DEBUG c.x.g.dao.TAdminMapper.selectOne - <==      Total: 1
09:24:36.841 [http-nio-8080-exec-5] ERROR c.x.g.c.interceptor.BackInterceptor - 拦截路径/ele/admin/info
09:24:36.841 [http-nio-8080-exec-5] INFO  c.x.g.c.back.AdminController - 5448E32B5D09573B01D101DB6522167Cddddddddddcom.xdx.garbage.entity.TAdmin@3dce3a97
09:24:36.842 [http-nio-8080-exec-5] INFO  c.x.g.c.back.AdminController - 5448E32B5D09573B01D101DB6522167C
09:24:37.167 [http-nio-8080-exec-3] WARN  o.s.web.servlet.PageNotFound - No mapping for GET /undefined
09:24:37.176 [http-nio-8080-exec-3] ERROR c.x.g.c.interceptor.BackInterceptor - 拦截路径/error
09:24:37.409 [http-nio-8080-exec-7] ERROR c.x.g.c.interceptor.BackInterceptor - 拦截路径/ele/province/listWithCities
09:24:37.409 [http-nio-8080-exec-8] ERROR c.x.g.c.interceptor.BackInterceptor - 拦截路径/ele/agency/lists
09:24:37.424 [http-nio-8080-exec-7] DEBUG c.x.g.d.T.selectListWithCities - ==>  Preparing: SELECT * FROM t_province where is_del=0 order by id 
09:24:37.429 [http-nio-8080-exec-7] DEBUG c.x.g.d.T.selectListWithCities - ==> Parameters: 
09:24:37.442 [http-nio-8080-exec-7] TRACE c.x.g.d.T.selectListWithCities - <==    Columns: id, create_time, update_time, is_del, province_name
09:24:37.443 [http-nio-8080-exec-7] TRACE c.x.g.d.T.selectListWithCities - <==        Row: 1, 2020-03-15 15:49:29, 2020-03-15 15:49:38, 0, 福建省
09:24:37.445 [http-nio-8080-exec-7] DEBUG c.x.g.d.T.selectListByProvinceId - ====>  Preparing: SELECT * FROM t_city where province_id=? 
09:24:37.447 [http-nio-8080-exec-7] DEBUG c.x.g.d.T.selectListByProvinceId - ====> Parameters: 1(Long)
09:24:37.450 [http-nio-8080-exec-7] TRACE c.x.g.d.T.selectListByProvinceId - <====    Columns: id, create_time, update_time, is_del, province_id, city_name
09:24:37.450 [http-nio-8080-exec-7] TRACE c.x.g.d.T.selectListByProvinceId - <====        Row: 2, 2020-03-15 17:08:34, 2020-03-15 17:25:32, 0, 1, 厦门市
09:24:37.452 [http-nio-8080-exec-7] DEBUG c.x.g.d.T.selectByPrimaryKey - ======>  Preparing: SELECT id,create_time,update_time,is_del,province_name FROM t_province WHERE id = ? 
09:24:37.453 [http-nio-8080-exec-7] DEBUG c.x.g.d.T.selectByPrimaryKey - ======> Parameters: 1(Long)
09:24:37.455 [http-nio-8080-exec-7] TRACE c.x.g.d.T.selectByPrimaryKey - <======    Columns: id, create_time, update_time, is_del, province_name
09:24:37.456 [http-nio-8080-exec-7] TRACE c.x.g.d.T.selectByPrimaryKey - <======        Row: 1, 2020-03-15 15:49:29, 2020-03-15 15:49:38, 0, 福建省
09:24:37.457 [http-nio-8080-exec-7] DEBUG c.x.g.d.T.selectByPrimaryKey - <======      Total: 1
09:24:37.457 [http-nio-8080-exec-7] DEBUG c.x.g.d.T.selectListByProvinceId - <====      Total: 1
09:24:37.458 [http-nio-8080-exec-7] TRACE c.x.g.d.T.selectListWithCities - <==        Row: 2, 2020-03-15 17:25:02, null, 0, 广东省
09:24:37.461 [http-nio-8080-exec-7] DEBUG c.x.g.d.T.selectListByProvinceId - ====>  Preparing: SELECT * FROM t_city where province_id=? 
09:24:37.463 [http-nio-8080-exec-7] DEBUG c.x.g.d.T.selectListByProvinceId - ====> Parameters: 2(Long)
09:24:37.465 [http-nio-8080-exec-7] TRACE c.x.g.d.T.selectListByProvinceId - <====    Columns: id, create_time, update_time, is_del, province_id, city_name
09:24:37.466 [http-nio-8080-exec-7] TRACE c.x.g.d.T.selectListByProvinceId - <====        Row: 3, 2020-03-15 22:34:15, null, 0, 2, 深圳市
09:24:37.467 [http-nio-8080-exec-7] DEBUG c.x.g.d.T.selectByPrimaryKey - ======>  Preparing: SELECT id,create_time,update_time,is_del,province_name FROM t_province WHERE id = ? 
09:24:37.468 [http-nio-8080-exec-7] DEBUG c.x.g.d.T.selectByPrimaryKey - ======> Parameters: 2(Long)
09:24:37.470 [http-nio-8080-exec-7] TRACE c.x.g.d.T.selectByPrimaryKey - <======    Columns: id, create_time, update_time, is_del, province_name
09:24:37.471 [http-nio-8080-exec-7] TRACE c.x.g.d.T.selectByPrimaryKey - <======        Row: 2, 2020-03-15 17:25:02, null, 0, 广东省
09:24:37.472 [http-nio-8080-exec-7] DEBUG c.x.g.d.T.selectByPrimaryKey - <======      Total: 1
09:24:37.472 [http-nio-8080-exec-7] DEBUG c.x.g.d.T.selectListByProvinceId - <====      Total: 1
09:24:37.473 [http-nio-8080-exec-7] DEBUG c.x.g.d.T.selectListWithCities - <==      Total: 2
09:24:37.530 [http-nio-8080-exec-8] DEBUG c.x.g.d.T.selectListWithProvinceCity_COUNT - ==>  Preparing: SELECT count(0) FROM t_launch_point WHERE is_del = 0 
09:24:37.531 [http-nio-8080-exec-8] DEBUG c.x.g.d.T.selectListWithProvinceCity_COUNT - ==> Parameters: 
09:24:37.537 [http-nio-8080-exec-8] TRACE c.x.g.d.T.selectListWithProvinceCity_COUNT - <==    Columns: count(0)
09:24:37.537 [http-nio-8080-exec-8] TRACE c.x.g.d.T.selectListWithProvinceCity_COUNT - <==        Row: 2
09:24:37.537 [http-nio-8080-exec-8] DEBUG c.x.g.d.T.selectListWithProvinceCity_COUNT - <==      Total: 1
09:24:37.539 [http-nio-8080-exec-8] DEBUG c.x.g.d.T.selectListWithProvinceCity - ==>  Preparing: SELECT * FROM t_launch_point where is_del=0 order by id desc LIMIT ? 
09:24:37.543 [http-nio-8080-exec-8] DEBUG c.x.g.d.T.selectListWithProvinceCity - ==> Parameters: 20(Integer)
09:24:37.545 [http-nio-8080-exec-8] TRACE c.x.g.d.T.selectListWithProvinceCity - <==    Columns: id, create_time, update_time, is_del, point_name, province_id, city_id, longitude, latitude, status
09:24:37.546 [http-nio-8080-exec-8] TRACE c.x.g.d.T.selectListWithProvinceCity - <==        Row: 2, 2020-03-17 22:18:22, 2020-03-17 22:18:26, 0, 阿罗海投放点, 1, 2, 11.32, 22.33, 1
09:24:37.547 [http-nio-8080-exec-8] DEBUG c.x.g.d.T.selectByPrimaryKey - ====>  Preparing: SELECT id,create_time,update_time,is_del,province_name FROM t_province WHERE id = ? 
09:24:37.548 [http-nio-8080-exec-8] DEBUG c.x.g.d.T.selectByPrimaryKey - ====> Parameters: 1(Long)
09:24:37.550 [http-nio-8080-exec-8] TRACE c.x.g.d.T.selectByPrimaryKey - <====    Columns: id, create_time, update_time, is_del, province_name
09:24:37.550 [http-nio-8080-exec-8] TRACE c.x.g.d.T.selectByPrimaryKey - <====        Row: 1, 2020-03-15 15:49:29, 2020-03-15 15:49:38, 0, 福建省
09:24:37.551 [http-nio-8080-exec-8] DEBUG c.x.g.d.T.selectByPrimaryKey - <====      Total: 1
09:24:37.552 [http-nio-8080-exec-8] DEBUG c.x.g.d.T.selectByPrimaryKey - ====>  Preparing: SELECT id,create_time,update_time,is_del,province_id,city_name FROM t_city WHERE id = ? 
09:24:37.552 [http-nio-8080-exec-8] DEBUG c.x.g.d.T.selectByPrimaryKey - ====> Parameters: 2(Long)
09:24:37.554 [http-nio-8080-exec-8] TRACE c.x.g.d.T.selectByPrimaryKey - <====    Columns: id, create_time, update_time, is_del, province_id, city_name
09:24:37.554 [http-nio-8080-exec-8] TRACE c.x.g.d.T.selectByPrimaryKey - <====        Row: 2, 2020-03-15 17:08:34, 2020-03-15 17:25:32, 0, 1, 厦门市
09:24:37.555 [http-nio-8080-exec-8] DEBUG c.x.g.d.T.selectByPrimaryKey - <====      Total: 1
09:24:37.556 [http-nio-8080-exec-8] TRACE c.x.g.d.T.selectListWithProvinceCity - <==        Row: 1, 2020-03-17 08:54:56, 2020-03-17 08:56:43, 0, 绿苑新城投放点, 1, 2, 11.34, 23.12, 1
09:24:37.558 [http-nio-8080-exec-8] DEBUG c.x.g.d.T.selectListWithProvinceCity - <==      Total: 2
09:24:37.591 [http-nio-8080-exec-8] DEBUG c.x.g.d.T.selectCountByExample - ==>  Preparing: SELECT COUNT(id) FROM t_agency WHERE ( is_del = ? ) 
09:24:37.592 [http-nio-8080-exec-8] DEBUG c.x.g.d.T.selectCountByExample - ==> Parameters: 0(Integer)
09:24:37.594 [http-nio-8080-exec-8] TRACE c.x.g.d.T.selectCountByExample - <==    Columns: COUNT(id)
09:24:37.595 [http-nio-8080-exec-8] TRACE c.x.g.d.T.selectCountByExample - <==        Row: 1
09:24:37.595 [http-nio-8080-exec-8] DEBUG c.x.g.d.T.selectCountByExample - <==      Total: 1
09:25:10.162 [main] INFO  com.xdx.garbage.GarbageApplication - Starting GarbageApplication on PC-2019HWL with PID 12452 (D:\xdxgit\my-project\garbage\target\classes started by Administrator in D:\xdxgit\my-project\garbage)
09:25:10.165 [main] INFO  com.xdx.garbage.GarbageApplication - The following profiles are active: dev
09:25:11.104 [main] WARN  o.m.s.mapper.ClassPathMapperScanner - No MyBatis mapper was found in '[com.xdx.garbage]' package. Please check your configuration.
09:25:11.621 [main] INFO  o.s.b.w.e.tomcat.TomcatWebServer - Tomcat initialized with port(s): 8080 (http)
09:25:11.632 [main] INFO  o.a.coyote.http11.Http11NioProtocol - Initializing ProtocolHandler ["http-nio-8080"]
09:25:11.633 [main] INFO  o.a.catalina.core.StandardService - Starting service [Tomcat]
09:25:11.633 [main] INFO  o.a.catalina.core.StandardEngine - Starting Servlet engine: [Apache Tomcat/9.0.31]
09:25:11.752 [main] INFO  o.a.c.c.C.[Tomcat].[localhost].[/] - Initializing Spring embedded WebApplicationContext
09:25:11.752 [main] INFO  o.s.web.context.ContextLoader - Root WebApplicationContext: initialization completed in 1531 ms
09:25:11.888 [main] INFO  c.a.d.s.b.a.DruidDataSourceAutoConfigure - Init DruidDataSource
09:25:12.567 [main] INFO  com.xdx.garbage.druid.CustomFilter - 连接开始前
09:25:12.836 [main] INFO  com.xdx.garbage.druid.CustomFilter - 连接连接结束后
09:25:12.839 [main] INFO  com.xdx.garbage.druid.CustomFilter - 连接开始前
09:25:12.851 [main] INFO  com.xdx.garbage.druid.CustomFilter - 连接连接结束后
09:25:12.852 [main] INFO  com.xdx.garbage.druid.CustomFilter - 连接开始前
09:25:12.862 [main] INFO  com.xdx.garbage.druid.CustomFilter - 连接连接结束后
09:25:12.864 [main] INFO  com.xdx.garbage.druid.CustomFilter - 连接开始前
09:25:12.873 [main] INFO  com.xdx.garbage.druid.CustomFilter - 连接连接结束后
09:25:12.874 [main] INFO  com.xdx.garbage.druid.CustomFilter - 连接开始前
09:25:12.883 [main] INFO  com.xdx.garbage.druid.CustomFilter - 连接连接结束后
09:25:12.887 [main] INFO  c.alibaba.druid.pool.DruidDataSource - {dataSource-1} inited
09:25:13.963 [main] INFO  o.a.coyote.http11.Http11NioProtocol - Starting ProtocolHandler ["http-nio-8080"]
09:25:13.985 [main] INFO  o.s.b.w.e.tomcat.TomcatWebServer - Tomcat started on port(s): 8080 (http) with context path ''
09:25:13.988 [main] INFO  com.xdx.garbage.GarbageApplication - Started GarbageApplication in 4.343 seconds (JVM running for 5.7)
09:27:27.826 [http-nio-8080-exec-1] INFO  o.a.tomcat.util.http.parser.Cookie - A cookie header was received [1561993815,1562078057; MEIQIA_EXTRA_TRACK_ID=1LSJwD9gZ3nQrCJhtGSzrxgUsQq; Hm_lvt_03748b4a01419b3ffb52fdf2b71744af=1562682490; Idea-f60c4641=f260e6fb-c7ac-41ee-8734-6b5e358ec077; JSESSIONID=5448E32B5D09573B01D101DB6522167C; Admin-Token=5448E32B5D09573B01D101DB6522167C] that contained an invalid cookie. That cookie will be ignored.
 Note: further occurrences of this error will be logged at DEBUG level.
09:27:27.833 [http-nio-8080-exec-1] INFO  o.a.c.c.C.[Tomcat].[localhost].[/] - Initializing Spring DispatcherServlet 'dispatcherServlet'
09:27:27.833 [http-nio-8080-exec-1] INFO  o.s.web.servlet.DispatcherServlet - Initializing Servlet 'dispatcherServlet'
09:27:27.846 [http-nio-8080-exec-1] INFO  o.s.web.servlet.DispatcherServlet - Completed initialization in 12 ms
09:27:27.866 [http-nio-8080-exec-1] ERROR c.x.g.c.interceptor.BackInterceptor - 拦截路径/ele/admin/info
09:27:31.940 [http-nio-8080-exec-2] DEBUG c.x.g.dao.TAdminMapper.selectOne - ==>  Preparing: SELECT id,create_time,update_time,user_name,is_del,pwd,role FROM t_admin WHERE user_name = ? 
09:27:32.020 [http-nio-8080-exec-2] DEBUG c.x.g.dao.TAdminMapper.selectOne - ==> Parameters: xdx(String)
09:27:32.042 [http-nio-8080-exec-2] TRACE c.x.g.dao.TAdminMapper.selectOne - <==    Columns: id, create_time, update_time, user_name, is_del, pwd, role
09:27:32.044 [http-nio-8080-exec-2] TRACE c.x.g.dao.TAdminMapper.selectOne - <==        Row: 1, 2020-03-12 08:38:17, null, xdx, 0, 61608C312B822ED815EF66D44E0B844DEB2B22E5, 'admin'
09:27:32.045 [http-nio-8080-exec-2] DEBUG c.x.g.dao.TAdminMapper.selectOne - <==      Total: 1
09:27:32.057 [http-nio-8080-exec-2] DEBUG c.x.g.dao.TAdminMapper.selectOne - ==>  Preparing: SELECT id,create_time,update_time,user_name,is_del,pwd,role FROM t_admin WHERE user_name = ? AND pwd = ? 
09:27:32.058 [http-nio-8080-exec-2] DEBUG c.x.g.dao.TAdminMapper.selectOne - ==> Parameters: xdx(String), 61608C312B822ED815EF66D44E0B844DEB2B22E5(String)
09:27:32.059 [http-nio-8080-exec-2] TRACE c.x.g.dao.TAdminMapper.selectOne - <==    Columns: id, create_time, update_time, user_name, is_del, pwd, role
09:27:32.059 [http-nio-8080-exec-2] TRACE c.x.g.dao.TAdminMapper.selectOne - <==        Row: 1, 2020-03-12 08:38:17, null, xdx, 0, 61608C312B822ED815EF66D44E0B844DEB2B22E5, 'admin'
09:27:32.060 [http-nio-8080-exec-2] DEBUG c.x.g.dao.TAdminMapper.selectOne - <==      Total: 1
09:27:32.127 [http-nio-8080-exec-3] ERROR c.x.g.c.interceptor.BackInterceptor - 拦截路径/ele/admin/info
09:27:32.127 [http-nio-8080-exec-3] INFO  c.x.g.c.back.AdminController - D2BEFB43E34054CD9753053F7F44DCF6ddddddddddcom.xdx.garbage.entity.TAdmin@6fda0c67
09:27:32.127 [http-nio-8080-exec-3] INFO  c.x.g.c.back.AdminController - D2BEFB43E34054CD9753053F7F44DCF6
09:27:32.462 [http-nio-8080-exec-4] WARN  o.s.web.servlet.PageNotFound - No mapping for GET /undefined
09:27:32.467 [http-nio-8080-exec-4] ERROR c.x.g.c.interceptor.BackInterceptor - 拦截路径/error
09:27:32.702 [http-nio-8080-exec-5] ERROR c.x.g.c.interceptor.BackInterceptor - 拦截路径/ele/province/listWithCities
09:27:32.704 [http-nio-8080-exec-6] ERROR c.x.g.c.interceptor.BackInterceptor - 拦截路径/ele/agency/lists
09:27:32.713 [http-nio-8080-exec-5] DEBUG c.x.g.d.T.selectListWithCities - ==>  Preparing: SELECT * FROM t_province where is_del=0 order by id 
09:27:32.717 [http-nio-8080-exec-5] DEBUG c.x.g.d.T.selectListWithCities - ==> Parameters: 
09:27:32.728 [http-nio-8080-exec-5] TRACE c.x.g.d.T.selectListWithCities - <==    Columns: id, create_time, update_time, is_del, province_name
09:27:32.729 [http-nio-8080-exec-5] TRACE c.x.g.d.T.selectListWithCities - <==        Row: 1, 2020-03-15 15:49:29, 2020-03-15 15:49:38, 0, 福建省
09:27:32.731 [http-nio-8080-exec-5] DEBUG c.x.g.d.T.selectListByProvinceId - ====>  Preparing: SELECT * FROM t_city where province_id=? 
09:27:32.732 [http-nio-8080-exec-5] DEBUG c.x.g.d.T.selectListByProvinceId - ====> Parameters: 1(Long)
09:27:32.734 [http-nio-8080-exec-5] TRACE c.x.g.d.T.selectListByProvinceId - <====    Columns: id, create_time, update_time, is_del, province_id, city_name
09:27:32.735 [http-nio-8080-exec-5] TRACE c.x.g.d.T.selectListByProvinceId - <====        Row: 2, 2020-03-15 17:08:34, 2020-03-15 17:25:32, 0, 1, 厦门市
09:27:32.736 [http-nio-8080-exec-5] DEBUG c.x.g.d.T.selectByPrimaryKey - ======>  Preparing: SELECT id,create_time,update_time,is_del,province_name FROM t_province WHERE id = ? 
09:27:32.736 [http-nio-8080-exec-5] DEBUG c.x.g.d.T.selectByPrimaryKey - ======> Parameters: 1(Long)
09:27:32.739 [http-nio-8080-exec-5] TRACE c.x.g.d.T.selectByPrimaryKey - <======    Columns: id, create_time, update_time, is_del, province_name
09:27:32.739 [http-nio-8080-exec-5] TRACE c.x.g.d.T.selectByPrimaryKey - <======        Row: 1, 2020-03-15 15:49:29, 2020-03-15 15:49:38, 0, 福建省
09:27:32.740 [http-nio-8080-exec-5] DEBUG c.x.g.d.T.selectByPrimaryKey - <======      Total: 1
09:27:32.740 [http-nio-8080-exec-5] DEBUG c.x.g.d.T.selectListByProvinceId - <====      Total: 1
09:27:32.741 [http-nio-8080-exec-5] TRACE c.x.g.d.T.selectListWithCities - <==        Row: 2, 2020-03-15 17:25:02, null, 0, 广东省
09:27:32.741 [http-nio-8080-exec-5] DEBUG c.x.g.d.T.selectListByProvinceId - ====>  Preparing: SELECT * FROM t_city where province_id=? 
09:27:32.742 [http-nio-8080-exec-5] DEBUG c.x.g.d.T.selectListByProvinceId - ====> Parameters: 2(Long)
09:27:32.744 [http-nio-8080-exec-5] TRACE c.x.g.d.T.selectListByProvinceId - <====    Columns: id, create_time, update_time, is_del, province_id, city_name
09:27:32.745 [http-nio-8080-exec-5] TRACE c.x.g.d.T.selectListByProvinceId - <====        Row: 3, 2020-03-15 22:34:15, null, 0, 2, 深圳市
09:27:32.745 [http-nio-8080-exec-5] DEBUG c.x.g.d.T.selectByPrimaryKey - ======>  Preparing: SELECT id,create_time,update_time,is_del,province_name FROM t_province WHERE id = ? 
09:27:32.746 [http-nio-8080-exec-5] DEBUG c.x.g.d.T.selectByPrimaryKey - ======> Parameters: 2(Long)
09:27:32.749 [http-nio-8080-exec-5] TRACE c.x.g.d.T.selectByPrimaryKey - <======    Columns: id, create_time, update_time, is_del, province_name
09:27:32.749 [http-nio-8080-exec-5] TRACE c.x.g.d.T.selectByPrimaryKey - <======        Row: 2, 2020-03-15 17:25:02, null, 0, 广东省
09:27:32.749 [http-nio-8080-exec-5] DEBUG c.x.g.d.T.selectByPrimaryKey - <======      Total: 1
09:27:32.751 [http-nio-8080-exec-5] DEBUG c.x.g.d.T.selectListByProvinceId - <====      Total: 1
09:27:32.751 [http-nio-8080-exec-5] DEBUG c.x.g.d.T.selectListWithCities - <==      Total: 2
09:27:32.757 [http-nio-8080-exec-6] DEBUG c.x.g.d.T.selectListWithProvinceCity_COUNT - ==>  Preparing: SELECT count(0) FROM t_agency WHERE is_del = 0 
09:27:32.758 [http-nio-8080-exec-6] DEBUG c.x.g.d.T.selectListWithProvinceCity_COUNT - ==> Parameters: 
09:27:32.760 [http-nio-8080-exec-6] TRACE c.x.g.d.T.selectListWithProvinceCity_COUNT - <==    Columns: count(0)
09:27:32.760 [http-nio-8080-exec-6] TRACE c.x.g.d.T.selectListWithProvinceCity_COUNT - <==        Row: 1
09:27:32.761 [http-nio-8080-exec-6] DEBUG c.x.g.d.T.selectListWithProvinceCity_COUNT - <==      Total: 1
09:27:32.763 [http-nio-8080-exec-6] DEBUG c.x.g.d.T.selectListWithProvinceCity - ==>  Preparing: SELECT * FROM t_agency where is_del=0 order by id desc LIMIT ? 
09:27:32.765 [http-nio-8080-exec-6] DEBUG c.x.g.d.T.selectListWithProvinceCity - ==> Parameters: 20(Integer)
09:27:32.766 [http-nio-8080-exec-6] TRACE c.x.g.d.T.selectListWithProvinceCity - <==    Columns: id, create_time, update_time, is_del, agent_name, province_id, city_id, agent_account, agent_pwd, satus, note, role, tel, balance
09:27:32.767 [http-nio-8080-exec-6] TRACE c.x.g.d.T.selectListWithProvinceCity - <==        Row: 1, 2020-03-20 09:19:11, null, 0, 厦门片区代理, 1, 2, amoy, 61608C312B822ED815EF66D44E0B844DEB2B22E5, 0, 测试, 'agent', 15260220397, 0.00
09:27:32.770 [http-nio-8080-exec-6] DEBUG c.x.g.d.T.selectByPrimaryKey - ====>  Preparing: SELECT id,create_time,update_time,is_del,province_name FROM t_province WHERE id = ? 
09:27:32.771 [http-nio-8080-exec-6] DEBUG c.x.g.d.T.selectByPrimaryKey - ====> Parameters: 1(Long)
09:27:32.773 [http-nio-8080-exec-6] TRACE c.x.g.d.T.selectByPrimaryKey - <====    Columns: id, create_time, update_time, is_del, province_name
09:27:32.773 [http-nio-8080-exec-6] TRACE c.x.g.d.T.selectByPrimaryKey - <====        Row: 1, 2020-03-15 15:49:29, 2020-03-15 15:49:38, 0, 福建省
09:27:32.774 [http-nio-8080-exec-6] DEBUG c.x.g.d.T.selectByPrimaryKey - <====      Total: 1
09:27:32.774 [http-nio-8080-exec-6] DEBUG c.x.g.d.T.selectByPrimaryKey - ====>  Preparing: SELECT id,create_time,update_time,is_del,province_id,city_name FROM t_city WHERE id = ? 
09:27:32.775 [http-nio-8080-exec-6] DEBUG c.x.g.d.T.selectByPrimaryKey - ====> Parameters: 2(Long)
09:27:32.776 [http-nio-8080-exec-6] TRACE c.x.g.d.T.selectByPrimaryKey - <====    Columns: id, create_time, update_time, is_del, province_id, city_name
09:27:32.777 [http-nio-8080-exec-6] TRACE c.x.g.d.T.selectByPrimaryKey - <====        Row: 2, 2020-03-15 17:08:34, 2020-03-15 17:25:32, 0, 1, 厦门市
09:27:32.778 [http-nio-8080-exec-6] DEBUG c.x.g.d.T.selectByPrimaryKey - <====      Total: 1
09:27:32.778 [http-nio-8080-exec-6] DEBUG c.x.g.d.T.selectListWithProvinceCity - <==      Total: 1
09:27:32.801 [http-nio-8080-exec-6] DEBUG c.x.g.d.T.selectCountByExample - ==>  Preparing: SELECT COUNT(id) FROM t_agency WHERE ( is_del = ? ) 
09:27:32.802 [http-nio-8080-exec-6] DEBUG c.x.g.d.T.selectCountByExample - ==> Parameters: 0(Integer)
09:27:32.804 [http-nio-8080-exec-6] TRACE c.x.g.d.T.selectCountByExample - <==    Columns: COUNT(id)
09:27:32.804 [http-nio-8080-exec-6] TRACE c.x.g.d.T.selectCountByExample - <==        Row: 1
09:27:32.804 [http-nio-8080-exec-6] DEBUG c.x.g.d.T.selectCountByExample - <==      Total: 1
09:29:20.625 [http-nio-8080-exec-7] ERROR c.x.g.c.interceptor.BackInterceptor - 拦截路径/ele/admin/info
09:29:20.625 [http-nio-8080-exec-7] INFO  c.x.g.c.back.AdminController - D2BEFB43E34054CD9753053F7F44DCF6ddddddddddcom.xdx.garbage.entity.TAdmin@6fda0c67
09:29:20.626 [http-nio-8080-exec-7] INFO  c.x.g.c.back.AdminController - D2BEFB43E34054CD9753053F7F44DCF6
09:29:21.251 [http-nio-8080-exec-8] WARN  o.s.web.servlet.PageNotFound - No mapping for GET /undefined
09:29:21.252 [http-nio-8080-exec-8] ERROR c.x.g.c.interceptor.BackInterceptor - 拦截路径/error
09:29:21.531 [http-nio-8080-exec-9] ERROR c.x.g.c.interceptor.BackInterceptor - 拦截路径/ele/province/listWithCities
09:29:21.536 [http-nio-8080-exec-10] ERROR c.x.g.c.interceptor.BackInterceptor - 拦截路径/ele/agency/lists
09:29:21.544 [http-nio-8080-exec-9] DEBUG c.x.g.d.T.selectListWithCities - ==>  Preparing: SELECT * FROM t_province where is_del=0 order by id 
09:29:21.546 [http-nio-8080-exec-10] DEBUG c.x.g.d.T.selectListWithProvinceCity_COUNT - ==>  Preparing: SELECT count(0) FROM t_agency WHERE is_del = 0 
09:29:21.546 [http-nio-8080-exec-10] DEBUG c.x.g.d.T.selectListWithProvinceCity_COUNT - ==> Parameters: 
09:29:21.547 [http-nio-8080-exec-10] TRACE c.x.g.d.T.selectListWithProvinceCity_COUNT - <==    Columns: count(0)
09:29:21.547 [http-nio-8080-exec-10] TRACE c.x.g.d.T.selectListWithProvinceCity_COUNT - <==        Row: 1
09:29:21.548 [http-nio-8080-exec-10] DEBUG c.x.g.d.T.selectListWithProvinceCity_COUNT - <==      Total: 1
09:29:21.548 [http-nio-8080-exec-10] DEBUG c.x.g.d.T.selectListWithProvinceCity - ==>  Preparing: SELECT * FROM t_agency where is_del=0 order by id desc LIMIT ? 
09:29:21.549 [http-nio-8080-exec-10] DEBUG c.x.g.d.T.selectListWithProvinceCity - ==> Parameters: 20(Integer)
09:29:21.547 [http-nio-8080-exec-9] DEBUG c.x.g.d.T.selectListWithCities - ==> Parameters: 
09:29:21.551 [http-nio-8080-exec-10] TRACE c.x.g.d.T.selectListWithProvinceCity - <==    Columns: id, create_time, update_time, is_del, agent_name, province_id, city_id, agent_account, agent_pwd, satus, note, role, tel, balance
09:29:21.551 [http-nio-8080-exec-10] TRACE c.x.g.d.T.selectListWithProvinceCity - <==        Row: 1, 2020-03-20 09:19:11, null, 0, 厦门片区代理, 1, 2, amoy, 61608C312B822ED815EF66D44E0B844DEB2B22E5, 0, 测试, 'agent', 15260220397, 0.00
09:29:21.553 [http-nio-8080-exec-10] DEBUG c.x.g.d.T.selectByPrimaryKey - ====>  Preparing: SELECT id,create_time,update_time,is_del,province_name FROM t_province WHERE id = ? 
09:29:21.553 [http-nio-8080-exec-9] TRACE c.x.g.d.T.selectListWithCities - <==    Columns: id, create_time, update_time, is_del, province_name
09:29:21.553 [http-nio-8080-exec-10] DEBUG c.x.g.d.T.selectByPrimaryKey - ====> Parameters: 1(Long)
09:29:21.554 [http-nio-8080-exec-9] TRACE c.x.g.d.T.selectListWithCities - <==        Row: 1, 2020-03-15 15:49:29, 2020-03-15 15:49:38, 0, 福建省
09:29:21.556 [http-nio-8080-exec-9] DEBUG c.x.g.d.T.selectListByProvinceId - ====>  Preparing: SELECT * FROM t_city where province_id=? 
09:29:21.556 [http-nio-8080-exec-9] DEBUG c.x.g.d.T.selectListByProvinceId - ====> Parameters: 1(Long)
09:29:21.557 [http-nio-8080-exec-10] TRACE c.x.g.d.T.selectByPrimaryKey - <====    Columns: id, create_time, update_time, is_del, province_name
09:29:21.557 [http-nio-8080-exec-10] TRACE c.x.g.d.T.selectByPrimaryKey - <====        Row: 1, 2020-03-15 15:49:29, 2020-03-15 15:49:38, 0, 福建省
09:29:21.558 [http-nio-8080-exec-10] DEBUG c.x.g.d.T.selectByPrimaryKey - <====      Total: 1
09:29:21.559 [http-nio-8080-exec-10] DEBUG c.x.g.d.T.selectByPrimaryKey - ====>  Preparing: SELECT id,create_time,update_time,is_del,province_id,city_name FROM t_city WHERE id = ? 
09:29:21.559 [http-nio-8080-exec-10] DEBUG c.x.g.d.T.selectByPrimaryKey - ====> Parameters: 2(Long)
09:29:21.561 [http-nio-8080-exec-10] TRACE c.x.g.d.T.selectByPrimaryKey - <====    Columns: id, create_time, update_time, is_del, province_id, city_name
09:29:21.561 [http-nio-8080-exec-10] TRACE c.x.g.d.T.selectByPrimaryKey - <====        Row: 2, 2020-03-15 17:08:34, 2020-03-15 17:25:32, 0, 1, 厦门市
09:29:21.562 [http-nio-8080-exec-10] DEBUG c.x.g.d.T.selectByPrimaryKey - <====      Total: 1
09:29:21.562 [http-nio-8080-exec-10] DEBUG c.x.g.d.T.selectListWithProvinceCity - <==      Total: 1
09:29:21.567 [http-nio-8080-exec-9] TRACE c.x.g.d.T.selectListByProvinceId - <====    Columns: id, create_time, update_time, is_del, province_id, city_name
09:29:21.568 [http-nio-8080-exec-9] TRACE c.x.g.d.T.selectListByProvinceId - <====        Row: 2, 2020-03-15 17:08:34, 2020-03-15 17:25:32, 0, 1, 厦门市
09:29:21.568 [http-nio-8080-exec-9] DEBUG c.x.g.d.T.selectByPrimaryKey - ======>  Preparing: SELECT id,create_time,update_time,is_del,province_name FROM t_province WHERE id = ? 
09:29:21.569 [http-nio-8080-exec-9] DEBUG c.x.g.d.T.selectByPrimaryKey - ======> Parameters: 1(Long)
09:29:21.570 [http-nio-8080-exec-9] TRACE c.x.g.d.T.selectByPrimaryKey - <======    Columns: id, create_time, update_time, is_del, province_name
09:29:21.571 [http-nio-8080-exec-9] TRACE c.x.g.d.T.selectByPrimaryKey - <======        Row: 1, 2020-03-15 15:49:29, 2020-03-15 15:49:38, 0, 福建省
09:29:21.571 [http-nio-8080-exec-9] DEBUG c.x.g.d.T.selectByPrimaryKey - <======      Total: 1
09:29:21.571 [http-nio-8080-exec-9] DEBUG c.x.g.d.T.selectListByProvinceId - <====      Total: 1
09:29:21.575 [http-nio-8080-exec-9] TRACE c.x.g.d.T.selectListWithCities - <==        Row: 2, 2020-03-15 17:25:02, null, 0, 广东省
09:29:21.575 [http-nio-8080-exec-9] DEBUG c.x.g.d.T.selectListByProvinceId - ====>  Preparing: SELECT * FROM t_city where province_id=? 
09:29:21.576 [http-nio-8080-exec-9] DEBUG c.x.g.d.T.selectListByProvinceId - ====> Parameters: 2(Long)
09:29:21.580 [http-nio-8080-exec-10] DEBUG c.x.g.d.T.selectCountByExample - ==>  Preparing: SELECT COUNT(id) FROM t_agency WHERE ( is_del = ? ) 
09:29:21.580 [http-nio-8080-exec-10] DEBUG c.x.g.d.T.selectCountByExample - ==> Parameters: 0(Integer)
09:29:21.581 [http-nio-8080-exec-10] TRACE c.x.g.d.T.selectCountByExample - <==    Columns: COUNT(id)
09:29:21.582 [http-nio-8080-exec-10] TRACE c.x.g.d.T.selectCountByExample - <==        Row: 1
09:29:21.582 [http-nio-8080-exec-10] DEBUG c.x.g.d.T.selectCountByExample - <==      Total: 1
09:29:21.581 [http-nio-8080-exec-9] TRACE c.x.g.d.T.selectListByProvinceId - <====    Columns: id, create_time, update_time, is_del, province_id, city_name
09:29:21.582 [http-nio-8080-exec-9] TRACE c.x.g.d.T.selectListByProvinceId - <====        Row: 3, 2020-03-15 22:34:15, null, 0, 2, 深圳市
09:29:21.583 [http-nio-8080-exec-9] DEBUG c.x.g.d.T.selectByPrimaryKey - ======>  Preparing: SELECT id,create_time,update_time,is_del,province_name FROM t_province WHERE id = ? 
09:29:21.584 [http-nio-8080-exec-9] DEBUG c.x.g.d.T.selectByPrimaryKey - ======> Parameters: 2(Long)
09:29:21.586 [http-nio-8080-exec-9] TRACE c.x.g.d.T.selectByPrimaryKey - <======    Columns: id, create_time, update_time, is_del, province_name
09:29:21.586 [http-nio-8080-exec-9] TRACE c.x.g.d.T.selectByPrimaryKey - <======        Row: 2, 2020-03-15 17:25:02, null, 0, 广东省
09:29:21.586 [http-nio-8080-exec-9] DEBUG c.x.g.d.T.selectByPrimaryKey - <======      Total: 1
09:29:21.592 [http-nio-8080-exec-9] DEBUG c.x.g.d.T.selectListByProvinceId - <====      Total: 1
09:29:21.592 [http-nio-8080-exec-9] DEBUG c.x.g.d.T.selectListWithCities - <==      Total: 2
09:29:40.880 [http-nio-8080-exec-1] ERROR c.x.g.c.interceptor.BackInterceptor - 拦截路径/ele/agency/status
09:29:40.899 [http-nio-8080-exec-1] DEBUG c.x.g.d.T.updateByPrimaryKeySelective - ==>  Preparing: UPDATE t_agency SET id = id WHERE id = ? 
09:29:40.902 [http-nio-8080-exec-1] DEBUG c.x.g.d.T.updateByPrimaryKeySelective - ==> Parameters: 1(Long)
09:29:40.904 [http-nio-8080-exec-1] DEBUG c.x.g.d.T.updateByPrimaryKeySelective - <==    Updates: 1
09:29:46.602 [http-nio-8080-exec-2] ERROR c.x.g.c.interceptor.BackInterceptor - 拦截路径/ele/agency/lists
09:29:46.609 [http-nio-8080-exec-2] DEBUG c.x.g.d.T.selectListWithProvinceCity_COUNT - ==>  Preparing: SELECT count(0) FROM t_agency WHERE is_del = 0 
09:29:46.610 [http-nio-8080-exec-2] DEBUG c.x.g.d.T.selectListWithProvinceCity_COUNT - ==> Parameters: 
09:29:46.611 [http-nio-8080-exec-2] TRACE c.x.g.d.T.selectListWithProvinceCity_COUNT - <==    Columns: count(0)
09:29:46.611 [http-nio-8080-exec-2] TRACE c.x.g.d.T.selectListWithProvinceCity_COUNT - <==        Row: 1
09:29:46.611 [http-nio-8080-exec-2] DEBUG c.x.g.d.T.selectListWithProvinceCity_COUNT - <==      Total: 1
09:29:46.612 [http-nio-8080-exec-2] DEBUG c.x.g.d.T.selectListWithProvinceCity - ==>  Preparing: SELECT * FROM t_agency where is_del=0 order by id desc LIMIT ? 
09:29:46.613 [http-nio-8080-exec-2] DEBUG c.x.g.d.T.selectListWithProvinceCity - ==> Parameters: 20(Integer)
09:29:46.614 [http-nio-8080-exec-2] TRACE c.x.g.d.T.selectListWithProvinceCity - <==    Columns: id, create_time, update_time, is_del, agent_name, province_id, city_id, agent_account, agent_pwd, satus, note, role, tel, balance
09:29:46.615 [http-nio-8080-exec-2] TRACE c.x.g.d.T.selectListWithProvinceCity - <==        Row: 1, 2020-03-20 09:19:11, null, 0, 厦门片区代理, 1, 2, amoy, 61608C312B822ED815EF66D44E0B844DEB2B22E5, 0, 测试, 'agent', 15260220397, 0.00
09:29:46.616 [http-nio-8080-exec-2] DEBUG c.x.g.d.T.selectByPrimaryKey - ====>  Preparing: SELECT id,create_time,update_time,is_del,province_name FROM t_province WHERE id = ? 
09:29:46.616 [http-nio-8080-exec-2] DEBUG c.x.g.d.T.selectByPrimaryKey - ====> Parameters: 1(Long)
09:29:46.617 [http-nio-8080-exec-2] TRACE c.x.g.d.T.selectByPrimaryKey - <====    Columns: id, create_time, update_time, is_del, province_name
09:29:46.618 [http-nio-8080-exec-2] TRACE c.x.g.d.T.selectByPrimaryKey - <====        Row: 1, 2020-03-15 15:49:29, 2020-03-15 15:49:38, 0, 福建省
09:29:46.618 [http-nio-8080-exec-2] DEBUG c.x.g.d.T.selectByPrimaryKey - <====      Total: 1
09:29:46.619 [http-nio-8080-exec-2] DEBUG c.x.g.d.T.selectByPrimaryKey - ====>  Preparing: SELECT id,create_time,update_time,is_del,province_id,city_name FROM t_city WHERE id = ? 
09:29:46.619 [http-nio-8080-exec-2] DEBUG c.x.g.d.T.selectByPrimaryKey - ====> Parameters: 2(Long)
09:29:46.620 [http-nio-8080-exec-2] TRACE c.x.g.d.T.selectByPrimaryKey - <====    Columns: id, create_time, update_time, is_del, province_id, city_name
09:29:46.621 [http-nio-8080-exec-2] TRACE c.x.g.d.T.selectByPrimaryKey - <====        Row: 2, 2020-03-15 17:08:34, 2020-03-15 17:25:32, 0, 1, 厦门市
09:29:46.621 [http-nio-8080-exec-2] DEBUG c.x.g.d.T.selectByPrimaryKey - <====      Total: 1
09:29:46.621 [http-nio-8080-exec-2] DEBUG c.x.g.d.T.selectListWithProvinceCity - <==      Total: 1
09:29:46.631 [http-nio-8080-exec-2] DEBUG c.x.g.d.T.selectCountByExample - ==>  Preparing: SELECT COUNT(id) FROM t_agency WHERE ( is_del = ? ) 
09:29:46.631 [http-nio-8080-exec-2] DEBUG c.x.g.d.T.selectCountByExample - ==> Parameters: 0(Integer)
09:29:46.632 [http-nio-8080-exec-2] TRACE c.x.g.d.T.selectCountByExample - <==    Columns: COUNT(id)
09:29:46.633 [http-nio-8080-exec-2] TRACE c.x.g.d.T.selectCountByExample - <==        Row: 1
09:29:46.633 [http-nio-8080-exec-2] DEBUG c.x.g.d.T.selectCountByExample - <==      Total: 1
09:31:31.883 [main] INFO  com.xdx.garbage.GarbageApplication - Starting GarbageApplication on PC-2019HWL with PID 6984 (D:\xdxgit\my-project\garbage\target\classes started by Administrator in D:\xdxgit\my-project\garbage)
09:31:31.886 [main] INFO  com.xdx.garbage.GarbageApplication - The following profiles are active: dev
09:31:33.032 [main] WARN  o.m.s.mapper.ClassPathMapperScanner - No MyBatis mapper was found in '[com.xdx.garbage]' package. Please check your configuration.
09:31:33.687 [main] INFO  o.s.b.w.e.tomcat.TomcatWebServer - Tomcat initialized with port(s): 8080 (http)
09:31:33.701 [main] INFO  o.a.coyote.http11.Http11NioProtocol - Initializing ProtocolHandler ["http-nio-8080"]
09:31:33.702 [main] INFO  o.a.catalina.core.StandardService - Starting service [Tomcat]
09:31:33.703 [main] INFO  o.a.catalina.core.StandardEngine - Starting Servlet engine: [Apache Tomcat/9.0.31]
09:31:33.841 [main] INFO  o.a.c.c.C.[Tomcat].[localhost].[/] - Initializing Spring embedded WebApplicationContext
09:31:33.842 [main] INFO  o.s.web.context.ContextLoader - Root WebApplicationContext: initialization completed in 1887 ms
09:31:34.169 [main] INFO  c.a.d.s.b.a.DruidDataSourceAutoConfigure - Init DruidDataSource
09:31:34.936 [main] INFO  com.xdx.garbage.druid.CustomFilter - 连接开始前
09:31:35.180 [main] INFO  com.xdx.garbage.druid.CustomFilter - 连接连接结束后
09:31:35.184 [main] INFO  com.xdx.garbage.druid.CustomFilter - 连接开始前
09:31:35.197 [main] INFO  com.xdx.garbage.druid.CustomFilter - 连接连接结束后
09:31:35.198 [main] INFO  com.xdx.garbage.druid.CustomFilter - 连接开始前
09:31:35.210 [main] INFO  com.xdx.garbage.druid.CustomFilter - 连接连接结束后
09:31:35.212 [main] INFO  com.xdx.garbage.druid.CustomFilter - 连接开始前
09:31:35.223 [main] INFO  com.xdx.garbage.druid.CustomFilter - 连接连接结束后
09:31:35.224 [main] INFO  com.xdx.garbage.druid.CustomFilter - 连接开始前
09:31:35.234 [main] INFO  com.xdx.garbage.druid.CustomFilter - 连接连接结束后
09:31:35.239 [main] INFO  c.alibaba.druid.pool.DruidDataSource - {dataSource-1} inited
09:31:36.880 [main] INFO  o.a.coyote.http11.Http11NioProtocol - Starting ProtocolHandler ["http-nio-8080"]
09:31:36.912 [main] INFO  o.s.b.w.e.tomcat.TomcatWebServer - Tomcat started on port(s): 8080 (http) with context path ''
09:31:36.916 [main] INFO  com.xdx.garbage.GarbageApplication - Started GarbageApplication in 5.642 seconds (JVM running for 7.422)
09:31:46.627 [http-nio-8080-exec-1] INFO  o.a.tomcat.util.http.parser.Cookie - A cookie header was received [1561993815,1562078057; MEIQIA_EXTRA_TRACK_ID=1LSJwD9gZ3nQrCJhtGSzrxgUsQq; Hm_lvt_03748b4a01419b3ffb52fdf2b71744af=1562682490; Idea-f60c4641=f260e6fb-c7ac-41ee-8734-6b5e358ec077; JSESSIONID=D2BEFB43E34054CD9753053F7F44DCF6; Admin-Token=D2BEFB43E34054CD9753053F7F44DCF6] that contained an invalid cookie. That cookie will be ignored.
 Note: further occurrences of this error will be logged at DEBUG level.
09:31:46.638 [http-nio-8080-exec-1] INFO  o.a.c.c.C.[Tomcat].[localhost].[/] - Initializing Spring DispatcherServlet 'dispatcherServlet'
09:31:46.638 [http-nio-8080-exec-1] INFO  o.s.web.servlet.DispatcherServlet - Initializing Servlet 'dispatcherServlet'
09:31:46.652 [http-nio-8080-exec-1] INFO  o.s.web.servlet.DispatcherServlet - Completed initialization in 14 ms
09:31:46.699 [http-nio-8080-exec-1] ERROR c.x.g.c.interceptor.BackInterceptor - 拦截路径/ele/admin/info
09:31:51.724 [http-nio-8080-exec-2] DEBUG c.x.g.dao.TAdminMapper.selectOne - ==>  Preparing: SELECT id,create_time,update_time,user_name,is_del,pwd,role FROM t_admin WHERE user_name = ? 
09:31:51.943 [http-nio-8080-exec-2] DEBUG c.x.g.dao.TAdminMapper.selectOne - ==> Parameters: xdx(String)
09:31:51.977 [http-nio-8080-exec-2] TRACE c.x.g.dao.TAdminMapper.selectOne - <==    Columns: id, create_time, update_time, user_name, is_del, pwd, role
09:31:51.979 [http-nio-8080-exec-2] TRACE c.x.g.dao.TAdminMapper.selectOne - <==        Row: 1, 2020-03-12 08:38:17, null, xdx, 0, 61608C312B822ED815EF66D44E0B844DEB2B22E5, 'admin'
09:31:51.981 [http-nio-8080-exec-2] DEBUG c.x.g.dao.TAdminMapper.selectOne - <==      Total: 1
09:31:51.997 [http-nio-8080-exec-2] DEBUG c.x.g.dao.TAdminMapper.selectOne - ==>  Preparing: SELECT id,create_time,update_time,user_name,is_del,pwd,role FROM t_admin WHERE user_name = ? AND pwd = ? 
09:31:51.998 [http-nio-8080-exec-2] DEBUG c.x.g.dao.TAdminMapper.selectOne - ==> Parameters: xdx(String), 61608C312B822ED815EF66D44E0B844DEB2B22E5(String)
09:31:52.000 [http-nio-8080-exec-2] TRACE c.x.g.dao.TAdminMapper.selectOne - <==    Columns: id, create_time, update_time, user_name, is_del, pwd, role
09:31:52.000 [http-nio-8080-exec-2] TRACE c.x.g.dao.TAdminMapper.selectOne - <==        Row: 1, 2020-03-12 08:38:17, null, xdx, 0, 61608C312B822ED815EF66D44E0B844DEB2B22E5, 'admin'
09:31:52.001 [http-nio-8080-exec-2] DEBUG c.x.g.dao.TAdminMapper.selectOne - <==      Total: 1
09:31:52.094 [http-nio-8080-exec-3] ERROR c.x.g.c.interceptor.BackInterceptor - 拦截路径/ele/admin/info
09:31:52.094 [http-nio-8080-exec-3] INFO  c.x.g.c.back.AdminController - B17397B94E68B7A55B4041B31107D4C5ddddddddddcom.xdx.garbage.entity.TAdmin@15aaec56
09:31:52.094 [http-nio-8080-exec-3] INFO  c.x.g.c.back.AdminController - B17397B94E68B7A55B4041B31107D4C5
09:31:52.446 [http-nio-8080-exec-4] WARN  o.s.web.servlet.PageNotFound - No mapping for GET /undefined
09:31:52.454 [http-nio-8080-exec-4] ERROR c.x.g.c.interceptor.BackInterceptor - 拦截路径/error
09:31:52.664 [http-nio-8080-exec-5] ERROR c.x.g.c.interceptor.BackInterceptor - 拦截路径/ele/province/listWithCities
09:31:52.673 [http-nio-8080-exec-6] ERROR c.x.g.c.interceptor.BackInterceptor - 拦截路径/ele/agency/lists
09:31:52.680 [http-nio-8080-exec-5] DEBUG c.x.g.d.T.selectListWithCities - ==>  Preparing: SELECT * FROM t_province where is_del=0 order by id 
09:31:52.685 [http-nio-8080-exec-5] DEBUG c.x.g.d.T.selectListWithCities - ==> Parameters: 
09:31:52.687 [http-nio-8080-exec-5] TRACE c.x.g.d.T.selectListWithCities - <==    Columns: id, create_time, update_time, is_del, province_name
09:31:52.688 [http-nio-8080-exec-5] TRACE c.x.g.d.T.selectListWithCities - <==        Row: 1, 2020-03-15 15:49:29, 2020-03-15 15:49:38, 0, 福建省
09:31:52.691 [http-nio-8080-exec-5] DEBUG c.x.g.d.T.selectListByProvinceId - ====>  Preparing: SELECT * FROM t_city where province_id=? 
09:31:52.693 [http-nio-8080-exec-5] DEBUG c.x.g.d.T.selectListByProvinceId - ====> Parameters: 1(Long)
09:31:52.707 [http-nio-8080-exec-5] TRACE c.x.g.d.T.selectListByProvinceId - <====    Columns: id, create_time, update_time, is_del, province_id, city_name
09:31:52.708 [http-nio-8080-exec-5] TRACE c.x.g.d.T.selectListByProvinceId - <====        Row: 2, 2020-03-15 17:08:34, 2020-03-15 17:25:32, 0, 1, 厦门市
09:31:52.709 [http-nio-8080-exec-5] DEBUG c.x.g.d.T.selectByPrimaryKey - ======>  Preparing: SELECT id,create_time,update_time,is_del,province_name FROM t_province WHERE id = ? 
09:31:52.710 [http-nio-8080-exec-5] DEBUG c.x.g.d.T.selectByPrimaryKey - ======> Parameters: 1(Long)
09:31:52.712 [http-nio-8080-exec-5] TRACE c.x.g.d.T.selectByPrimaryKey - <======    Columns: id, create_time, update_time, is_del, province_name
09:31:52.713 [http-nio-8080-exec-5] TRACE c.x.g.d.T.selectByPrimaryKey - <======        Row: 1, 2020-03-15 15:49:29, 2020-03-15 15:49:38, 0, 福建省
09:31:52.714 [http-nio-8080-exec-5] DEBUG c.x.g.d.T.selectByPrimaryKey - <======      Total: 1
09:31:52.714 [http-nio-8080-exec-5] DEBUG c.x.g.d.T.selectListByProvinceId - <====      Total: 1
09:31:52.715 [http-nio-8080-exec-5] TRACE c.x.g.d.T.selectListWithCities - <==        Row: 2, 2020-03-15 17:25:02, null, 0, 广东省
09:31:52.715 [http-nio-8080-exec-5] DEBUG c.x.g.d.T.selectListByProvinceId - ====>  Preparing: SELECT * FROM t_city where province_id=? 
09:31:52.717 [http-nio-8080-exec-5] DEBUG c.x.g.d.T.selectListByProvinceId - ====> Parameters: 2(Long)
09:31:52.719 [http-nio-8080-exec-5] TRACE c.x.g.d.T.selectListByProvinceId - <====    Columns: id, create_time, update_time, is_del, province_id, city_name
09:31:52.720 [http-nio-8080-exec-5] TRACE c.x.g.d.T.selectListByProvinceId - <====        Row: 3, 2020-03-15 22:34:15, null, 0, 2, 深圳市
09:31:52.721 [http-nio-8080-exec-5] DEBUG c.x.g.d.T.selectByPrimaryKey - ======>  Preparing: SELECT id,create_time,update_time,is_del,province_name FROM t_province WHERE id = ? 
09:31:52.722 [http-nio-8080-exec-5] DEBUG c.x.g.d.T.selectByPrimaryKey - ======> Parameters: 2(Long)
09:31:52.724 [http-nio-8080-exec-5] TRACE c.x.g.d.T.selectByPrimaryKey - <======    Columns: id, create_time, update_time, is_del, province_name
09:31:52.724 [http-nio-8080-exec-5] TRACE c.x.g.d.T.selectByPrimaryKey - <======        Row: 2, 2020-03-15 17:25:02, null, 0, 广东省
09:31:52.725 [http-nio-8080-exec-5] DEBUG c.x.g.d.T.selectByPrimaryKey - <======      Total: 1
09:31:52.725 [http-nio-8080-exec-5] DEBUG c.x.g.d.T.selectListByProvinceId - <====      Total: 1
09:31:52.726 [http-nio-8080-exec-5] DEBUG c.x.g.d.T.selectListWithCities - <==      Total: 2
09:31:52.808 [http-nio-8080-exec-6] DEBUG c.x.g.d.T.selectListWithProvinceCity_COUNT - ==>  Preparing: SELECT count(0) FROM t_agency WHERE is_del = 0 
09:31:52.809 [http-nio-8080-exec-6] DEBUG c.x.g.d.T.selectListWithProvinceCity_COUNT - ==> Parameters: 
09:31:52.811 [http-nio-8080-exec-6] TRACE c.x.g.d.T.selectListWithProvinceCity_COUNT - <==    Columns: count(0)
09:31:52.812 [http-nio-8080-exec-6] TRACE c.x.g.d.T.selectListWithProvinceCity_COUNT - <==        Row: 1
09:31:52.812 [http-nio-8080-exec-6] DEBUG c.x.g.d.T.selectListWithProvinceCity_COUNT - <==      Total: 1
09:31:52.814 [http-nio-8080-exec-6] DEBUG c.x.g.d.T.selectListWithProvinceCity - ==>  Preparing: SELECT * FROM t_agency where is_del=0 order by id desc LIMIT ? 
09:31:52.818 [http-nio-8080-exec-6] DEBUG c.x.g.d.T.selectListWithProvinceCity - ==> Parameters: 20(Integer)
09:31:52.821 [http-nio-8080-exec-6] TRACE c.x.g.d.T.selectListWithProvinceCity - <==    Columns: id, create_time, update_time, is_del, agent_name, province_id, city_id, agent_account, agent_pwd, status, note, role, tel, balance
09:31:52.822 [http-nio-8080-exec-6] TRACE c.x.g.d.T.selectListWithProvinceCity - <==        Row: 1, 2020-03-20 09:19:11, null, 0, 厦门片区代理, 1, 2, amoy, 61608C312B822ED815EF66D44E0B844DEB2B22E5, 0, 测试, 'agent', 15260220397, 0.00
09:31:52.824 [http-nio-8080-exec-6] DEBUG c.x.g.d.T.selectByPrimaryKey - ====>  Preparing: SELECT id,create_time,update_time,is_del,province_name FROM t_province WHERE id = ? 
09:31:52.825 [http-nio-8080-exec-6] DEBUG c.x.g.d.T.selectByPrimaryKey - ====> Parameters: 1(Long)
09:31:52.827 [http-nio-8080-exec-6] TRACE c.x.g.d.T.selectByPrimaryKey - <====    Columns: id, create_time, update_time, is_del, province_name
09:31:52.827 [http-nio-8080-exec-6] TRACE c.x.g.d.T.selectByPrimaryKey - <====        Row: 1, 2020-03-15 15:49:29, 2020-03-15 15:49:38, 0, 福建省
09:31:52.828 [http-nio-8080-exec-6] DEBUG c.x.g.d.T.selectByPrimaryKey - <====      Total: 1
09:31:52.829 [http-nio-8080-exec-6] DEBUG c.x.g.d.T.selectByPrimaryKey - ====>  Preparing: SELECT id,create_time,update_time,is_del,province_id,city_name FROM t_city WHERE id = ? 
09:31:52.829 [http-nio-8080-exec-6] DEBUG c.x.g.d.T.selectByPrimaryKey - ====> Parameters: 2(Long)
09:31:52.831 [http-nio-8080-exec-6] TRACE c.x.g.d.T.selectByPrimaryKey - <====    Columns: id, create_time, update_time, is_del, province_id, city_name
09:31:52.831 [http-nio-8080-exec-6] TRACE c.x.g.d.T.selectByPrimaryKey - <====        Row: 2, 2020-03-15 17:08:34, 2020-03-15 17:25:32, 0, 1, 厦门市
09:31:52.832 [http-nio-8080-exec-6] DEBUG c.x.g.d.T.selectByPrimaryKey - <====      Total: 1
09:31:52.832 [http-nio-8080-exec-6] DEBUG c.x.g.d.T.selectListWithProvinceCity - <==      Total: 1
09:31:52.864 [http-nio-8080-exec-6] DEBUG c.x.g.d.T.selectCountByExample - ==>  Preparing: SELECT COUNT(id) FROM t_agency WHERE ( is_del = ? ) 
09:31:52.865 [http-nio-8080-exec-6] DEBUG c.x.g.d.T.selectCountByExample - ==> Parameters: 0(Integer)
09:31:52.866 [http-nio-8080-exec-6] TRACE c.x.g.d.T.selectCountByExample - <==    Columns: COUNT(id)
09:31:52.867 [http-nio-8080-exec-6] TRACE c.x.g.d.T.selectCountByExample - <==        Row: 1
09:31:52.867 [http-nio-8080-exec-6] DEBUG c.x.g.d.T.selectCountByExample - <==      Total: 1
09:31:58.631 [http-nio-8080-exec-7] ERROR c.x.g.c.interceptor.BackInterceptor - 拦截路径/ele/agency/status
09:31:58.661 [http-nio-8080-exec-7] DEBUG c.x.g.d.T.updateByPrimaryKeySelective - ==>  Preparing: UPDATE t_agency SET id = id,status = ? WHERE id = ? 
09:31:58.665 [http-nio-8080-exec-7] DEBUG c.x.g.d.T.updateByPrimaryKeySelective - ==> Parameters: 1(Integer), 1(Long)
09:31:58.670 [http-nio-8080-exec-7] DEBUG c.x.g.d.T.updateByPrimaryKeySelective - <==    Updates: 1
09:32:00.955 [http-nio-8080-exec-8] ERROR c.x.g.c.interceptor.BackInterceptor - 拦截路径/ele/agency/lists
09:32:00.963 [http-nio-8080-exec-8] DEBUG c.x.g.d.T.selectListWithProvinceCity_COUNT - ==>  Preparing: SELECT count(0) FROM t_agency WHERE is_del = 0 
09:32:00.963 [http-nio-8080-exec-8] DEBUG c.x.g.d.T.selectListWithProvinceCity_COUNT - ==> Parameters: 
09:32:00.965 [http-nio-8080-exec-8] TRACE c.x.g.d.T.selectListWithProvinceCity_COUNT - <==    Columns: count(0)
09:32:00.965 [http-nio-8080-exec-8] TRACE c.x.g.d.T.selectListWithProvinceCity_COUNT - <==        Row: 1
09:32:00.965 [http-nio-8080-exec-8] DEBUG c.x.g.d.T.selectListWithProvinceCity_COUNT - <==      Total: 1
09:32:00.967 [http-nio-8080-exec-8] DEBUG c.x.g.d.T.selectListWithProvinceCity - ==>  Preparing: SELECT * FROM t_agency where is_del=0 order by id desc LIMIT ? 
09:32:00.968 [http-nio-8080-exec-8] DEBUG c.x.g.d.T.selectListWithProvinceCity - ==> Parameters: 20(Integer)
09:32:00.970 [http-nio-8080-exec-8] TRACE c.x.g.d.T.selectListWithProvinceCity - <==    Columns: id, create_time, update_time, is_del, agent_name, province_id, city_id, agent_account, agent_pwd, status, note, role, tel, balance
09:32:00.971 [http-nio-8080-exec-8] TRACE c.x.g.d.T.selectListWithProvinceCity - <==        Row: 1, 2020-03-20 09:19:11, 2020-03-20 09:31:58, 0, 厦门片区代理, 1, 2, amoy, 61608C312B822ED815EF66D44E0B844DEB2B22E5, 1, 测试, 'agent', 15260220397, 0.00
09:32:00.973 [http-nio-8080-exec-8] DEBUG c.x.g.d.T.selectByPrimaryKey - ====>  Preparing: SELECT id,create_time,update_time,is_del,province_name FROM t_province WHERE id = ? 
09:32:00.974 [http-nio-8080-exec-8] DEBUG c.x.g.d.T.selectByPrimaryKey - ====> Parameters: 1(Long)
09:32:00.976 [http-nio-8080-exec-8] TRACE c.x.g.d.T.selectByPrimaryKey - <====    Columns: id, create_time, update_time, is_del, province_name
09:32:00.977 [http-nio-8080-exec-8] TRACE c.x.g.d.T.selectByPrimaryKey - <====        Row: 1, 2020-03-15 15:49:29, 2020-03-15 15:49:38, 0, 福建省
09:32:00.978 [http-nio-8080-exec-8] DEBUG c.x.g.d.T.selectByPrimaryKey - <====      Total: 1
09:32:00.979 [http-nio-8080-exec-8] DEBUG c.x.g.d.T.selectByPrimaryKey - ====>  Preparing: SELECT id,create_time,update_time,is_del,province_id,city_name FROM t_city WHERE id = ? 
09:32:00.980 [http-nio-8080-exec-8] DEBUG c.x.g.d.T.selectByPrimaryKey - ====> Parameters: 2(Long)
09:32:00.982 [http-nio-8080-exec-8] TRACE c.x.g.d.T.selectByPrimaryKey - <====    Columns: id, create_time, update_time, is_del, province_id, city_name
09:32:00.982 [http-nio-8080-exec-8] TRACE c.x.g.d.T.selectByPrimaryKey - <====        Row: 2, 2020-03-15 17:08:34, 2020-03-15 17:25:32, 0, 1, 厦门市
09:32:00.983 [http-nio-8080-exec-8] DEBUG c.x.g.d.T.selectByPrimaryKey - <====      Total: 1
09:32:00.984 [http-nio-8080-exec-8] DEBUG c.x.g.d.T.selectListWithProvinceCity - <==      Total: 1
09:32:00.994 [http-nio-8080-exec-8] DEBUG c.x.g.d.T.selectCountByExample - ==>  Preparing: SELECT COUNT(id) FROM t_agency WHERE ( is_del = ? ) 
09:32:00.996 [http-nio-8080-exec-8] DEBUG c.x.g.d.T.selectCountByExample - ==> Parameters: 0(Integer)
09:32:00.997 [http-nio-8080-exec-8] TRACE c.x.g.d.T.selectCountByExample - <==    Columns: COUNT(id)
09:32:00.997 [http-nio-8080-exec-8] TRACE c.x.g.d.T.selectCountByExample - <==        Row: 1
09:32:00.997 [http-nio-8080-exec-8] DEBUG c.x.g.d.T.selectCountByExample - <==      Total: 1
09:32:22.871 [http-nio-8080-exec-9] ERROR c.x.g.c.interceptor.BackInterceptor - 拦截路径/ele/agency/1
09:32:22.879 [http-nio-8080-exec-9] DEBUG c.x.g.d.T.updateByPrimaryKeySelective - ==>  Preparing: UPDATE t_agency SET id = id,create_time = ?,update_time = ?,is_del = ?,agent_name = ?,province_id = ?,city_id = ?,agent_account = ?,agent_pwd = ?,status = ?,note = ?,role = ?,tel = ?,balance = ? WHERE id = ? 
09:32:22.885 [http-nio-8080-exec-9] DEBUG c.x.g.d.T.updateByPrimaryKeySelective - ==> Parameters: 2020-03-20 09:19:11.0(Timestamp), 2020-03-20 09:31:58.0(Timestamp), 0(Integer), 厦门片区代理(String), 1(Long), 2(Long), amoy(String), 61608C312B822ED815EF66D44E0B844DEB2B22E5(String), 1(Integer), 测试(String), 'agent'(String), 15260220398(String), 0(BigDecimal), 1(Long)
09:32:22.890 [http-nio-8080-exec-9] DEBUG c.x.g.d.T.updateByPrimaryKeySelective - <==    Updates: 1
09:32:22.939 [http-nio-8080-exec-10] ERROR c.x.g.c.interceptor.BackInterceptor - 拦截路径/ele/agency/lists
09:32:22.947 [http-nio-8080-exec-10] DEBUG c.x.g.d.T.selectListWithProvinceCity_COUNT - ==>  Preparing: SELECT count(0) FROM t_agency WHERE is_del = 0 
09:32:22.948 [http-nio-8080-exec-10] DEBUG c.x.g.d.T.selectListWithProvinceCity_COUNT - ==> Parameters: 
09:32:22.949 [http-nio-8080-exec-10] TRACE c.x.g.d.T.selectListWithProvinceCity_COUNT - <==    Columns: count(0)
09:32:22.950 [http-nio-8080-exec-10] TRACE c.x.g.d.T.selectListWithProvinceCity_COUNT - <==        Row: 1
09:32:22.950 [http-nio-8080-exec-10] DEBUG c.x.g.d.T.selectListWithProvinceCity_COUNT - <==      Total: 1
09:32:22.951 [http-nio-8080-exec-10] DEBUG c.x.g.d.T.selectListWithProvinceCity - ==>  Preparing: SELECT * FROM t_agency where is_del=0 order by id desc LIMIT ? 
09:32:22.952 [http-nio-8080-exec-10] DEBUG c.x.g.d.T.selectListWithProvinceCity - ==> Parameters: 20(Integer)
09:32:22.955 [http-nio-8080-exec-10] TRACE c.x.g.d.T.selectListWithProvinceCity - <==    Columns: id, create_time, update_time, is_del, agent_name, province_id, city_id, agent_account, agent_pwd, status, note, role, tel, balance
09:32:22.955 [http-nio-8080-exec-10] TRACE c.x.g.d.T.selectListWithProvinceCity - <==        Row: 1, 2020-03-20 09:19:11, 2020-03-20 09:31:58, 0, 厦门片区代理, 1, 2, amoy, 61608C312B822ED815EF66D44E0B844DEB2B22E5, 1, 测试, 'agent', 15260220398, 0.00
09:32:22.957 [http-nio-8080-exec-10] DEBUG c.x.g.d.T.selectByPrimaryKey - ====>  Preparing: SELECT id,create_time,update_time,is_del,province_name FROM t_province WHERE id = ? 
09:32:22.958 [http-nio-8080-exec-10] DEBUG c.x.g.d.T.selectByPrimaryKey - ====> Parameters: 1(Long)
09:32:22.960 [http-nio-8080-exec-10] TRACE c.x.g.d.T.selectByPrimaryKey - <====    Columns: id, create_time, update_time, is_del, province_name
09:32:22.961 [http-nio-8080-exec-10] TRACE c.x.g.d.T.selectByPrimaryKey - <====        Row: 1, 2020-03-15 15:49:29, 2020-03-15 15:49:38, 0, 福建省
09:32:22.962 [http-nio-8080-exec-10] DEBUG c.x.g.d.T.selectByPrimaryKey - <====      Total: 1
09:32:22.963 [http-nio-8080-exec-10] DEBUG c.x.g.d.T.selectByPrimaryKey - ====>  Preparing: SELECT id,create_time,update_time,is_del,province_id,city_name FROM t_city WHERE id = ? 
09:32:22.963 [http-nio-8080-exec-10] DEBUG c.x.g.d.T.selectByPrimaryKey - ====> Parameters: 2(Long)
09:32:22.965 [http-nio-8080-exec-10] TRACE c.x.g.d.T.selectByPrimaryKey - <====    Columns: id, create_time, update_time, is_del, province_id, city_name
09:32:22.965 [http-nio-8080-exec-10] TRACE c.x.g.d.T.selectByPrimaryKey - <====        Row: 2, 2020-03-15 17:08:34, 2020-03-15 17:25:32, 0, 1, 厦门市
09:32:22.966 [http-nio-8080-exec-10] DEBUG c.x.g.d.T.selectByPrimaryKey - <====      Total: 1
09:32:22.966 [http-nio-8080-exec-10] DEBUG c.x.g.d.T.selectListWithProvinceCity - <==      Total: 1
09:32:22.976 [http-nio-8080-exec-10] DEBUG c.x.g.d.T.selectCountByExample - ==>  Preparing: SELECT COUNT(id) FROM t_agency WHERE ( is_del = ? ) 
09:32:22.977 [http-nio-8080-exec-10] DEBUG c.x.g.d.T.selectCountByExample - ==> Parameters: 0(Integer)
09:32:22.979 [http-nio-8080-exec-10] TRACE c.x.g.d.T.selectCountByExample - <==    Columns: COUNT(id)
09:32:22.979 [http-nio-8080-exec-10] TRACE c.x.g.d.T.selectCountByExample - <==        Row: 1
09:32:22.979 [http-nio-8080-exec-10] DEBUG c.x.g.d.T.selectCountByExample - <==      Total: 1
