08:05:31.394 [main] INFO  com.xdx.garbage.GarbageApplication - Starting GarbageApplication on PC-2019HWL with PID 6484 (D:\xdxgit\my-project\garbage\target\classes started by Administrator in D:\xdxgit\my-project\garbage)
08:05:31.397 [main] INFO  com.xdx.garbage.GarbageApplication - The following profiles are active: dev
08:05:32.334 [main] WARN  o.m.s.mapper.ClassPathMapperScanner - No MyBatis mapper was found in '[com.xdx.garbage]' package. Please check your configuration.
08:05:32.827 [main] INFO  o.s.b.w.e.tomcat.TomcatWebServer - Tomcat initialized with port(s): 8080 (http)
08:05:32.840 [main] INFO  o.a.coyote.http11.Http11NioProtocol - Initializing ProtocolHandler ["http-nio-8080"]
08:05:32.840 [main] INFO  o.a.catalina.core.StandardService - Starting service [Tomcat]
08:05:32.840 [main] INFO  o.a.catalina.core.StandardEngine - Starting Servlet engine: [Apache Tomcat/9.0.31]
08:05:32.964 [main] INFO  o.a.c.c.C.[Tomcat].[localhost].[/] - Initializing Spring embedded WebApplicationContext
08:05:32.964 [main] INFO  o.s.web.context.ContextLoader - Root WebApplicationContext: initialization completed in 1457 ms
08:05:33.129 [main] INFO  c.a.d.s.b.a.DruidDataSourceAutoConfigure - Init DruidDataSource
08:05:33.980 [main] INFO  com.xdx.garbage.druid.CustomFilter - 连接开始前
08:05:34.226 [main] INFO  com.xdx.garbage.druid.CustomFilter - 连接连接结束后
08:05:34.229 [main] INFO  com.xdx.garbage.druid.CustomFilter - 连接开始前
08:05:34.242 [main] INFO  com.xdx.garbage.druid.CustomFilter - 连接连接结束后
08:05:34.244 [main] INFO  com.xdx.garbage.druid.CustomFilter - 连接开始前
08:05:34.256 [main] INFO  com.xdx.garbage.druid.CustomFilter - 连接连接结束后
08:05:34.257 [main] INFO  com.xdx.garbage.druid.CustomFilter - 连接开始前
08:05:34.268 [main] INFO  com.xdx.garbage.druid.CustomFilter - 连接连接结束后
08:05:34.270 [main] INFO  com.xdx.garbage.druid.CustomFilter - 连接开始前
08:05:34.280 [main] INFO  com.xdx.garbage.druid.CustomFilter - 连接连接结束后
08:05:34.284 [main] INFO  c.alibaba.druid.pool.DruidDataSource - {dataSource-1} inited
08:05:35.433 [main] INFO  o.s.s.c.ThreadPoolTaskExecutor - Initializing ExecutorService
08:05:35.435 [main] INFO  o.s.s.c.ThreadPoolTaskExecutor - Initializing ExecutorService 'asyncServiceExecutor'
08:05:35.669 [main] INFO  o.a.coyote.http11.Http11NioProtocol - Starting ProtocolHandler ["http-nio-8080"]
08:05:35.696 [main] INFO  o.s.b.w.e.tomcat.TomcatWebServer - Tomcat started on port(s): 8080 (http) with context path ''
08:05:35.700 [main] INFO  com.xdx.garbage.GarbageApplication - Started GarbageApplication in 4.788 seconds (JVM running for 7.158)
08:12:05.067 [http-nio-8080-exec-1] INFO  o.a.c.c.C.[Tomcat].[localhost].[/] - Initializing Spring DispatcherServlet 'dispatcherServlet'
08:12:05.067 [http-nio-8080-exec-1] INFO  o.s.web.servlet.DispatcherServlet - Initializing Servlet 'dispatcherServlet'
08:12:05.076 [http-nio-8080-exec-1] INFO  o.s.web.servlet.DispatcherServlet - Completed initialization in 9 ms
08:12:05.435 [http-nio-8080-exec-3] INFO  c.x.g.c.mini.IndexController - wx591ae471bd6ee7ad
08:12:05.435 [http-nio-8080-exec-3] INFO  c.x.g.c.mini.IndexController - fa762c002f452c5df06c2a4be070cb8d
08:12:05.593 [http-nio-8080-exec-2] DEBUG c.x.g.d.T.selectByExample - ==>  Preparing: SELECT id,create_time,update_time,is_del,point_name,province_id,city_id,agent_id,longitude,latitude,status FROM t_launch_point WHERE ( is_del = ? and status = ? ) 
08:12:05.695 [http-nio-8080-exec-2] DEBUG c.x.g.d.T.selectByExample - ==> Parameters: 0(Integer), 1(Integer)
08:12:05.733 [http-nio-8080-exec-2] TRACE c.x.g.d.T.selectByExample - <==    Columns: id, create_time, update_time, is_del, point_name, province_id, city_id, agent_id, longitude, latitude, status
08:12:05.734 [http-nio-8080-exec-2] TRACE c.x.g.d.T.selectByExample - <==        Row: 1, 2020-03-17 08:54:56, 2020-03-17 08:56:43, 0, 绿苑新城投放点, 1, 2, 2, 11.34, 23.12, 1
08:12:05.736 [http-nio-8080-exec-2] TRACE c.x.g.d.T.selectByExample - <==        Row: 2, 2020-03-17 22:18:22, 2020-03-17 22:18:26, 0, 阿罗海投放点, 1, 2, 4, 118.0322590000, 24.480410000, 1
08:12:05.736 [http-nio-8080-exec-2] DEBUG c.x.g.d.T.selectByExample - <==      Total: 2
08:12:05.948 [http-nio-8080-exec-3] DEBUG c.x.g.dao.TUserMapper.selectOne - ==>  Preparing: SELECT id,create_time,update_time,is_del,open_id,nick_name,house_id,house_detail,balance,phone,user_role FROM t_user WHERE open_id = ? 
08:12:05.949 [http-nio-8080-exec-3] DEBUG c.x.g.dao.TUserMapper.selectOne - ==> Parameters: oqYVK5ETZ7sBkFXrW5NcIVdmh8EQ(String)
08:12:05.954 [http-nio-8080-exec-3] TRACE c.x.g.dao.TUserMapper.selectOne - <==    Columns: id, create_time, update_time, is_del, open_id, nick_name, house_id, house_detail, balance, phone, user_role
08:12:05.955 [http-nio-8080-exec-3] TRACE c.x.g.dao.TUserMapper.selectOne - <==        Row: 1, 2020-03-25 22:12:40, null, 0, oqYVK5ETZ7sBkFXrW5NcIVdmh8EQ, null, null, null, 0.00, null, 'user'
08:12:05.956 [http-nio-8080-exec-3] DEBUG c.x.g.dao.TUserMapper.selectOne - <==      Total: 1
08:12:05.964 [http-nio-8080-exec-3] DEBUG c.x.g.dao.TUserMapper.selectOne - ==>  Preparing: SELECT id,create_time,update_time,is_del,open_id,nick_name,house_id,house_detail,balance,phone,user_role FROM t_user WHERE id = ? 
08:12:05.965 [http-nio-8080-exec-3] DEBUG c.x.g.dao.TUserMapper.selectOne - ==> Parameters: 1(Long)
08:12:05.967 [http-nio-8080-exec-3] TRACE c.x.g.dao.TUserMapper.selectOne - <==    Columns: id, create_time, update_time, is_del, open_id, nick_name, house_id, house_detail, balance, phone, user_role
08:12:05.967 [http-nio-8080-exec-3] TRACE c.x.g.dao.TUserMapper.selectOne - <==        Row: 1, 2020-03-25 22:12:40, null, 0, oqYVK5ETZ7sBkFXrW5NcIVdmh8EQ, null, null, null, 0.00, null, 'user'
08:12:05.968 [http-nio-8080-exec-3] DEBUG c.x.g.dao.TUserMapper.selectOne - <==      Total: 1
08:12:06.014 [http-nio-8080-exec-4] DEBUG c.x.g.d.T.selectByExample - ==>  Preparing: SELECT id,create_time,update_time,is_del,status,photo_src,jump_url,show_place FROM t_carousel WHERE ( is_del = ? ) order by id desc 
08:12:06.016 [http-nio-8080-exec-4] DEBUG c.x.g.d.T.selectByExample - ==> Parameters: 0(Integer)
08:12:06.021 [http-nio-8080-exec-4] TRACE c.x.g.d.T.selectByExample - <==    Columns: id, create_time, update_time, is_del, status, photo_src, jump_url, show_place
08:12:06.021 [http-nio-8080-exec-4] TRACE c.x.g.d.T.selectByExample - <==        Row: 6, 2020-03-14 10:54:18, 2020-03-14 11:57:57, 0, 0, /upload/carousel/28590a411d5f407e9417daeb97550507.png, xxxx, null
08:12:06.022 [http-nio-8080-exec-4] TRACE c.x.g.d.T.selectByExample - <==        Row: 4, 2020-03-14 07:42:04, 2020-03-14 08:41:33, 0, 1, /upload/b7c371f451ac4108b2163c728dd93b2a.jpg, gggggggggg, null
08:12:06.023 [http-nio-8080-exec-4] TRACE c.x.g.d.T.selectByExample - <==        Row: 3, 2020-03-14 07:40:20, null, 0, 0, /upload/aa75d22830954dcb9915d1239befb0cb.jpg, xxxxxxx, null
08:12:06.023 [http-nio-8080-exec-4] TRACE c.x.g.d.T.selectByExample - <==        Row: 2, 2020-03-14 00:37:37, null, 0, 0, /upload/6afeca802b7a4d7e94b3a945ea30c2e4.jpg, dddd, null
08:12:06.024 [http-nio-8080-exec-4] DEBUG c.x.g.d.T.selectByExample - <==      Total: 4
08:12:06.032 [http-nio-8080-exec-4] DEBUG c.x.g.dao.TUserMapper.selectOne - ==>  Preparing: SELECT id,create_time,update_time,is_del,open_id,nick_name,house_id,house_detail,balance,phone,user_role FROM t_user WHERE id = ? 
08:12:06.033 [http-nio-8080-exec-4] DEBUG c.x.g.dao.TUserMapper.selectOne - ==> Parameters: 1(Long)
08:12:06.034 [http-nio-8080-exec-4] TRACE c.x.g.dao.TUserMapper.selectOne - <==    Columns: id, create_time, update_time, is_del, open_id, nick_name, house_id, house_detail, balance, phone, user_role
08:12:06.034 [http-nio-8080-exec-4] TRACE c.x.g.dao.TUserMapper.selectOne - <==        Row: 1, 2020-03-25 22:12:40, null, 0, oqYVK5ETZ7sBkFXrW5NcIVdmh8EQ, null, null, null, 0.00, null, 'user'
08:12:06.035 [http-nio-8080-exec-4] DEBUG c.x.g.dao.TUserMapper.selectOne - <==      Total: 1
11:29:46.082 [http-nio-8080-exec-8] INFO  c.x.g.c.mini.IndexController - wx591ae471bd6ee7ad
11:29:46.083 [http-nio-8080-exec-8] INFO  c.x.g.c.mini.IndexController - fa762c002f452c5df06c2a4be070cb8d
11:29:46.554 [http-nio-8080-exec-8] DEBUG c.x.g.dao.TUserMapper.selectOne - ==>  Preparing: SELECT id,create_time,update_time,is_del,open_id,nick_name,house_id,house_detail,balance,phone,user_role FROM t_user WHERE open_id = ? 
11:29:46.555 [http-nio-8080-exec-8] DEBUG c.x.g.dao.TUserMapper.selectOne - ==> Parameters: oqYVK5ETZ7sBkFXrW5NcIVdmh8EQ(String)
11:29:46.558 [http-nio-8080-exec-8] TRACE c.x.g.dao.TUserMapper.selectOne - <==    Columns: id, create_time, update_time, is_del, open_id, nick_name, house_id, house_detail, balance, phone, user_role
11:29:46.558 [http-nio-8080-exec-8] TRACE c.x.g.dao.TUserMapper.selectOne - <==        Row: 1, 2020-03-25 22:12:40, null, 0, oqYVK5ETZ7sBkFXrW5NcIVdmh8EQ, null, null, null, 0.00, null, 'user'
11:29:46.560 [http-nio-8080-exec-8] DEBUG c.x.g.dao.TUserMapper.selectOne - <==      Total: 1
11:29:46.570 [http-nio-8080-exec-8] DEBUG c.x.g.dao.TUserMapper.selectOne - ==>  Preparing: SELECT id,create_time,update_time,is_del,open_id,nick_name,house_id,house_detail,balance,phone,user_role FROM t_user WHERE id = ? 
11:29:46.570 [http-nio-8080-exec-8] DEBUG c.x.g.dao.TUserMapper.selectOne - ==> Parameters: 1(Long)
11:29:46.572 [http-nio-8080-exec-8] TRACE c.x.g.dao.TUserMapper.selectOne - <==    Columns: id, create_time, update_time, is_del, open_id, nick_name, house_id, house_detail, balance, phone, user_role
11:29:46.572 [http-nio-8080-exec-8] TRACE c.x.g.dao.TUserMapper.selectOne - <==        Row: 1, 2020-03-25 22:12:40, null, 0, oqYVK5ETZ7sBkFXrW5NcIVdmh8EQ, null, null, null, 0.00, null, 'user'
11:29:46.573 [http-nio-8080-exec-8] DEBUG c.x.g.dao.TUserMapper.selectOne - <==      Total: 1
19:12:50.975 [Druid-ConnectionPool-Create-884502914] INFO  com.xdx.garbage.druid.CustomFilter - 连接开始前
19:12:51.018 [Druid-ConnectionPool-Create-884502914] INFO  com.xdx.garbage.druid.CustomFilter - 连接连接结束后
19:12:51.026 [http-nio-8080-exec-4] DEBUG c.x.g.d.T.selectByExample - ==>  Preparing: SELECT id,create_time,update_time,is_del,point_name,province_id,city_id,agent_id,longitude,latitude,status FROM t_launch_point WHERE ( is_del = ? and status = ? ) 
19:12:51.027 [http-nio-8080-exec-4] DEBUG c.x.g.d.T.selectByExample - ==> Parameters: 0(Integer), 1(Integer)
19:12:51.029 [http-nio-8080-exec-4] TRACE c.x.g.d.T.selectByExample - <==    Columns: id, create_time, update_time, is_del, point_name, province_id, city_id, agent_id, longitude, latitude, status
19:12:51.030 [http-nio-8080-exec-4] TRACE c.x.g.d.T.selectByExample - <==        Row: 1, 2020-03-17 08:54:56, 2020-03-17 08:56:43, 0, 绿苑新城投放点, 1, 2, 2, 11.34, 23.12, 1
19:12:51.030 [http-nio-8080-exec-4] TRACE c.x.g.d.T.selectByExample - <==        Row: 2, 2020-03-17 22:18:22, 2020-03-17 22:18:26, 0, 阿罗海投放点, 1, 2, 4, 118.0322590000, 24.480410000, 1
19:12:51.031 [http-nio-8080-exec-4] DEBUG c.x.g.d.T.selectByExample - <==      Total: 2
19:13:59.360 [http-nio-8080-exec-5] DEBUG c.x.g.d.T.selectByExample - ==>  Preparing: SELECT id,create_time,update_time,is_del,point_name,province_id,city_id,agent_id,longitude,latitude,status FROM t_launch_point WHERE ( is_del = ? and status = ? ) 
19:13:59.361 [http-nio-8080-exec-5] DEBUG c.x.g.d.T.selectByExample - ==> Parameters: 0(Integer), 1(Integer)
19:13:59.363 [http-nio-8080-exec-5] TRACE c.x.g.d.T.selectByExample - <==    Columns: id, create_time, update_time, is_del, point_name, province_id, city_id, agent_id, longitude, latitude, status
19:13:59.363 [http-nio-8080-exec-5] TRACE c.x.g.d.T.selectByExample - <==        Row: 1, 2020-03-17 08:54:56, 2020-03-17 08:56:43, 0, 绿苑新城投放点, 1, 2, 2, 11.34, 23.12, 1
19:13:59.364 [http-nio-8080-exec-5] TRACE c.x.g.d.T.selectByExample - <==        Row: 2, 2020-03-17 22:18:22, 2020-03-17 22:18:26, 0, 阿罗海投放点, 1, 2, 4, 118.0322590000, 24.480410000, 1
19:13:59.364 [http-nio-8080-exec-5] DEBUG c.x.g.d.T.selectByExample - <==      Total: 2
