08:06:09.900 [main] INFO  com.xdx.garbage.GarbageApplication - Starting GarbageApplication on PC-2019HWL with PID 10320 (D:\xdxgit\my-project\garbage\target\classes started by Administrator in D:\xdxgit\my-project\garbage)
08:06:09.916 [main] INFO  com.xdx.garbage.GarbageApplication - The following profiles are active: dev
08:06:10.767 [main] WARN  o.m.s.mapper.ClassPathMapperScanner - No MyBatis mapper was found in '[com.xdx.garbage]' package. Please check your configuration.
08:06:11.261 [main] INFO  o.s.b.w.e.tomcat.TomcatWebServer - Tomcat initialized with port(s): 8080 (http)
08:06:11.272 [main] INFO  o.a.coyote.http11.Http11NioProtocol - Initializing ProtocolHandler ["http-nio-8080"]
08:06:11.273 [main] INFO  o.a.catalina.core.StandardService - Starting service [Tomcat]
08:06:11.273 [main] INFO  o.a.catalina.core.StandardEngine - Starting Servlet engine: [Apache Tomcat/9.0.31]
08:06:11.391 [main] INFO  o.a.c.c.C.[Tomcat].[localhost].[/] - Initializing Spring embedded WebApplicationContext
08:06:11.391 [main] INFO  o.s.web.context.ContextLoader - Root WebApplicationContext: initialization completed in 1382 ms
08:06:11.543 [main] INFO  c.a.d.s.b.a.DruidDataSourceAutoConfigure - Init DruidDataSource
08:06:12.222 [main] INFO  com.xdx.garbage.druid.CustomFilter - 连接开始前
08:06:12.446 [main] INFO  com.xdx.garbage.druid.CustomFilter - 连接连接结束后
08:06:12.446 [main] INFO  com.xdx.garbage.druid.CustomFilter - 连接开始前
08:06:12.462 [main] INFO  com.xdx.garbage.druid.CustomFilter - 连接连接结束后
08:06:12.462 [main] INFO  com.xdx.garbage.druid.CustomFilter - 连接开始前
08:06:12.477 [main] INFO  com.xdx.garbage.druid.CustomFilter - 连接连接结束后
08:06:12.477 [main] INFO  com.xdx.garbage.druid.CustomFilter - 连接开始前
08:06:12.493 [main] INFO  com.xdx.garbage.druid.CustomFilter - 连接连接结束后
08:06:12.493 [main] INFO  com.xdx.garbage.druid.CustomFilter - 连接开始前
08:06:12.493 [main] INFO  com.xdx.garbage.druid.CustomFilter - 连接连接结束后
08:06:12.509 [main] INFO  c.alibaba.druid.pool.DruidDataSource - {dataSource-1} inited
08:06:13.524 [main] INFO  o.a.coyote.http11.Http11NioProtocol - Starting ProtocolHandler ["http-nio-8080"]
08:06:13.541 [main] INFO  o.s.b.w.e.tomcat.TomcatWebServer - Tomcat started on port(s): 8080 (http) with context path ''
08:06:13.541 [main] INFO  com.xdx.garbage.GarbageApplication - Started GarbageApplication in 4.223 seconds (JVM running for 5.87)
08:07:22.335 [http-nio-8080-exec-1] INFO  o.a.tomcat.util.http.parser.Cookie - A cookie header was received [1561993815,1562078057; MEIQIA_EXTRA_TRACK_ID=1LSJwD9gZ3nQrCJhtGSzrxgUsQq; Hm_lvt_03748b4a01419b3ffb52fdf2b71744af=1562682490; Idea-f60c4641=f260e6fb-c7ac-41ee-8734-6b5e358ec077] that contained an invalid cookie. That cookie will be ignored.
 Note: further occurrences of this error will be logged at DEBUG level.
08:07:22.335 [http-nio-8080-exec-1] INFO  o.a.c.c.C.[Tomcat].[localhost].[/] - Initializing Spring DispatcherServlet 'dispatcherServlet'
08:07:22.335 [http-nio-8080-exec-1] INFO  o.s.web.servlet.DispatcherServlet - Initializing Servlet 'dispatcherServlet'
08:07:22.350 [http-nio-8080-exec-1] INFO  o.s.web.servlet.DispatcherServlet - Completed initialization in 15 ms
08:07:22.491 [http-nio-8080-exec-1] DEBUG c.x.g.dao.TAdminMapper.selectOne - ==>  Preparing: SELECT id,create_time,update_time,user_name,is_del,pwd,role FROM t_admin WHERE user_name = ? 
08:07:22.569 [http-nio-8080-exec-1] DEBUG c.x.g.dao.TAdminMapper.selectOne - ==> Parameters: xdx(String)
08:07:22.600 [http-nio-8080-exec-1] TRACE c.x.g.dao.TAdminMapper.selectOne - <==    Columns: id, create_time, update_time, user_name, is_del, pwd, role
08:07:22.600 [http-nio-8080-exec-1] TRACE c.x.g.dao.TAdminMapper.selectOne - <==        Row: 1, 2020-03-12 08:38:17, null, xdx, 0, 61608C312B822ED815EF66D44E0B844DEB2B22E5, 'admin'
08:07:22.600 [http-nio-8080-exec-1] DEBUG c.x.g.dao.TAdminMapper.selectOne - <==      Total: 1
08:07:22.615 [http-nio-8080-exec-1] DEBUG c.x.g.dao.TAdminMapper.selectOne - ==>  Preparing: SELECT id,create_time,update_time,user_name,is_del,pwd,role FROM t_admin WHERE user_name = ? AND pwd = ? 
08:07:22.615 [http-nio-8080-exec-1] DEBUG c.x.g.dao.TAdminMapper.selectOne - ==> Parameters: xdx(String), 61608C312B822ED815EF66D44E0B844DEB2B22E5(String)
08:07:22.615 [http-nio-8080-exec-1] TRACE c.x.g.dao.TAdminMapper.selectOne - <==    Columns: id, create_time, update_time, user_name, is_del, pwd, role
08:07:22.615 [http-nio-8080-exec-1] TRACE c.x.g.dao.TAdminMapper.selectOne - <==        Row: 1, 2020-03-12 08:38:17, null, xdx, 0, 61608C312B822ED815EF66D44E0B844DEB2B22E5, 'admin'
08:07:22.615 [http-nio-8080-exec-1] DEBUG c.x.g.dao.TAdminMapper.selectOne - <==      Total: 1
08:07:22.693 [http-nio-8080-exec-2] ERROR c.x.g.c.interceptor.BackInterceptor - 拦截路径/ele/admin/info
08:07:22.709 [http-nio-8080-exec-2] INFO  c.x.g.c.back.AdminController - 28C84885D4AE1057AC62C1ED311EAC67ddddddddddcom.xdx.garbage.entity.TAdmin@652bf37
08:07:22.709 [http-nio-8080-exec-2] INFO  c.x.g.c.back.AdminController - 28C84885D4AE1057AC62C1ED311EAC67
08:07:23.146 [http-nio-8080-exec-3] WARN  o.s.web.servlet.PageNotFound - No mapping for GET /undefined
08:07:23.146 [http-nio-8080-exec-3] ERROR c.x.g.c.interceptor.BackInterceptor - 拦截路径/error
08:07:23.208 [http-nio-8080-exec-4] WARN  o.s.web.servlet.PageNotFound - No mapping for GET /undefined
08:07:23.208 [http-nio-8080-exec-4] ERROR c.x.g.c.interceptor.BackInterceptor - 拦截路径/error
08:20:54.184 [http-nio-8080-exec-5] ERROR c.x.g.c.interceptor.BackInterceptor - 拦截路径/ele/admin/info
08:20:54.184 [http-nio-8080-exec-5] INFO  c.x.g.c.back.AdminController - 28C84885D4AE1057AC62C1ED311EAC67ddddddddddcom.xdx.garbage.entity.TAdmin@652bf37
08:20:54.184 [http-nio-8080-exec-5] INFO  c.x.g.c.back.AdminController - 28C84885D4AE1057AC62C1ED311EAC67
08:20:54.699 [http-nio-8080-exec-6] WARN  o.s.web.servlet.PageNotFound - No mapping for GET /undefined
08:20:54.699 [http-nio-8080-exec-6] ERROR c.x.g.c.interceptor.BackInterceptor - 拦截路径/error
08:20:54.761 [http-nio-8080-exec-7] WARN  o.s.web.servlet.PageNotFound - No mapping for GET /undefined
08:20:54.761 [http-nio-8080-exec-7] ERROR c.x.g.c.interceptor.BackInterceptor - 拦截路径/error
08:21:00.065 [http-nio-8080-exec-8] ERROR c.x.g.c.interceptor.BackInterceptor - 拦截路径/ele/news/lists
08:21:00.128 [http-nio-8080-exec-8] DEBUG c.x.g.d.T.selectByExample_COUNT - ==>  Preparing: SELECT count(0) FROM t_news WHERE (is_del = ?) 
08:21:00.128 [http-nio-8080-exec-8] DEBUG c.x.g.d.T.selectByExample_COUNT - ==> Parameters: 0(Integer)
08:21:00.128 [http-nio-8080-exec-8] TRACE c.x.g.d.T.selectByExample_COUNT - <==    Columns: count(0)
08:21:00.128 [http-nio-8080-exec-8] TRACE c.x.g.d.T.selectByExample_COUNT - <==        Row: 0
08:21:00.128 [http-nio-8080-exec-8] DEBUG c.x.g.d.T.selectByExample_COUNT - <==      Total: 1
08:21:00.143 [http-nio-8080-exec-8] DEBUG c.x.g.d.T.selectCountByExample - ==>  Preparing: SELECT COUNT(id) FROM t_news WHERE ( is_del = ? ) 
08:21:00.143 [http-nio-8080-exec-8] DEBUG c.x.g.d.T.selectCountByExample - ==> Parameters: 0(Integer)
08:21:00.143 [http-nio-8080-exec-8] TRACE c.x.g.d.T.selectCountByExample - <==    Columns: COUNT(id)
08:21:00.143 [http-nio-8080-exec-8] TRACE c.x.g.d.T.selectCountByExample - <==        Row: 0
08:21:00.143 [http-nio-8080-exec-8] DEBUG c.x.g.d.T.selectCountByExample - <==      Total: 1
08:23:47.592 [http-nio-8080-exec-9] ERROR c.x.g.c.interceptor.BackInterceptor - 拦截路径/ele/admin/singleUpload/carousel
08:24:08.135 [http-nio-8080-exec-10] ERROR c.x.g.c.interceptor.BackInterceptor - 拦截路径/ele/admin/singleUpload/carousel
08:24:14.063 [http-nio-8080-exec-1] ERROR c.x.g.c.interceptor.BackInterceptor - 拦截路径/ele/news/add
08:24:14.063 [http-nio-8080-exec-1] DEBUG c.x.g.d.TNewsMapper.insertSelective - ==>  Preparing: INSERT INTO t_news ( id,news_title,photo_src,jump_url ) VALUES( ?,?,?,? ) 
08:24:14.078 [http-nio-8080-exec-1] DEBUG c.x.g.d.TNewsMapper.insertSelective - ==> Parameters: null, 垃圾分类造福万家(String), /upload/carousel/4f0536d0a2a24469bb575151e28cc1ab.jpg(String), https://mp.weixin.qq.com/s/uxmylab7WPz4UuiSK-dLcQ(String)
08:24:14.094 [http-nio-8080-exec-1] ERROR druid.sql.Statement - {conn-10005, pstmt-20004} execute error. INSERT INTO t_news  ( id,news_title,photo_src,jump_url ) VALUES( ?,?,?,? )
com.mysql.cj.jdbc.exceptions.MysqlDataTruncation: Data truncation: Data too long for column 'photo_src' at row 1
	at com.mysql.cj.jdbc.exceptions.SQLExceptionsMapping.translateException(SQLExceptionsMapping.java:104)
	at com.mysql.cj.jdbc.ClientPreparedStatement.executeInternal(ClientPreparedStatement.java:953)
	at com.mysql.cj.jdbc.ClientPreparedStatement.execute(ClientPreparedStatement.java:370)
	at com.alibaba.druid.filter.FilterChainImpl.preparedStatement_execute(FilterChainImpl.java:3461)
	at com.alibaba.druid.filter.FilterEventAdapter.preparedStatement_execute(FilterEventAdapter.java:440)
	at com.alibaba.druid.filter.FilterChainImpl.preparedStatement_execute(FilterChainImpl.java:3459)
	at com.alibaba.druid.filter.FilterEventAdapter.preparedStatement_execute(FilterEventAdapter.java:440)
	at com.alibaba.druid.filter.FilterChainImpl.preparedStatement_execute(FilterChainImpl.java:3459)
	at com.alibaba.druid.filter.FilterEventAdapter.preparedStatement_execute(FilterEventAdapter.java:440)
	at com.alibaba.druid.filter.FilterChainImpl.preparedStatement_execute(FilterChainImpl.java:3459)
	at com.alibaba.druid.filter.FilterAdapter.preparedStatement_execute(FilterAdapter.java:1081)
	at com.alibaba.druid.filter.FilterChainImpl.preparedStatement_execute(FilterChainImpl.java:3459)
	at com.alibaba.druid.proxy.jdbc.PreparedStatementProxyImpl.execute(PreparedStatementProxyImpl.java:167)
	at com.alibaba.druid.pool.DruidPooledPreparedStatement.execute(DruidPooledPreparedStatement.java:497)
	at sun.reflect.NativeMethodAccessorImpl.invoke0(Native Method)
	at sun.reflect.NativeMethodAccessorImpl.invoke(NativeMethodAccessorImpl.java:62)
	at sun.reflect.DelegatingMethodAccessorImpl.invoke(DelegatingMethodAccessorImpl.java:43)
	at java.lang.reflect.Method.invoke(Method.java:498)
	at org.apache.ibatis.logging.jdbc.PreparedStatementLogger.invoke(PreparedStatementLogger.java:59)
	at com.sun.proxy.$Proxy97.execute(Unknown Source)
	at org.apache.ibatis.executor.statement.PreparedStatementHandler.update(PreparedStatementHandler.java:47)
	at org.apache.ibatis.executor.statement.RoutingStatementHandler.update(RoutingStatementHandler.java:74)
	at org.apache.ibatis.executor.SimpleExecutor.doUpdate(SimpleExecutor.java:50)
	at org.apache.ibatis.executor.BaseExecutor.update(BaseExecutor.java:117)
	at org.apache.ibatis.executor.CachingExecutor.update(CachingExecutor.java:76)
	at sun.reflect.NativeMethodAccessorImpl.invoke0(Native Method)
	at sun.reflect.NativeMethodAccessorImpl.invoke(NativeMethodAccessorImpl.java:62)
	at sun.reflect.DelegatingMethodAccessorImpl.invoke(DelegatingMethodAccessorImpl.java:43)
	at java.lang.reflect.Method.invoke(Method.java:498)
	at org.apache.ibatis.plugin.Plugin.invoke(Plugin.java:63)
	at com.sun.proxy.$Proxy95.update(Unknown Source)
	at org.apache.ibatis.session.defaults.DefaultSqlSession.update(DefaultSqlSession.java:197)
	at org.apache.ibatis.session.defaults.DefaultSqlSession.insert(DefaultSqlSession.java:184)
	at sun.reflect.NativeMethodAccessorImpl.invoke0(Native Method)
	at sun.reflect.NativeMethodAccessorImpl.invoke(NativeMethodAccessorImpl.java:62)
	at sun.reflect.DelegatingMethodAccessorImpl.invoke(DelegatingMethodAccessorImpl.java:43)
	at java.lang.reflect.Method.invoke(Method.java:498)
	at org.mybatis.spring.SqlSessionTemplate$SqlSessionInterceptor.invoke(SqlSessionTemplate.java:426)
	at com.sun.proxy.$Proxy69.insert(Unknown Source)
	at org.mybatis.spring.SqlSessionTemplate.insert(SqlSessionTemplate.java:271)
	at org.apache.ibatis.binding.MapperMethod.execute(MapperMethod.java:62)
	at org.apache.ibatis.binding.MapperProxy.invoke(MapperProxy.java:57)
	at com.sun.proxy.$Proxy83.insertSelective(Unknown Source)
	at com.xdx.garbage.common.service.impl.BaseServiceImpl.insertSelective(BaseServiceImpl.java:57)
	at com.xdx.garbage.common.controller.BaseController.add(BaseController.java:130)
	at sun.reflect.NativeMethodAccessorImpl.invoke0(Native Method)
	at sun.reflect.NativeMethodAccessorImpl.invoke(NativeMethodAccessorImpl.java:62)
	at sun.reflect.DelegatingMethodAccessorImpl.invoke(DelegatingMethodAccessorImpl.java:43)
	at java.lang.reflect.Method.invoke(Method.java:498)
	at org.springframework.web.method.support.InvocableHandlerMethod.doInvoke(InvocableHandlerMethod.java:190)
	at org.springframework.web.method.support.InvocableHandlerMethod.invokeForRequest(InvocableHandlerMethod.java:138)
	at org.springframework.web.servlet.mvc.method.annotation.ServletInvocableHandlerMethod.invokeAndHandle(ServletInvocableHandlerMethod.java:106)
	at org.springframework.web.servlet.mvc.method.annotation.RequestMappingHandlerAdapter.invokeHandlerMethod(RequestMappingHandlerAdapter.java:879)
	at org.springframework.web.servlet.mvc.method.annotation.RequestMappingHandlerAdapter.handleInternal(RequestMappingHandlerAdapter.java:793)
	at org.springframework.web.servlet.mvc.method.AbstractHandlerMethodAdapter.handle(AbstractHandlerMethodAdapter.java:87)
	at org.springframework.web.servlet.DispatcherServlet.doDispatch(DispatcherServlet.java:1040)
	at org.springframework.web.servlet.DispatcherServlet.doService(DispatcherServlet.java:943)
	at org.springframework.web.servlet.FrameworkServlet.processRequest(FrameworkServlet.java:1006)
	at org.springframework.web.servlet.FrameworkServlet.doPost(FrameworkServlet.java:909)
	at javax.servlet.http.HttpServlet.service(HttpServlet.java:660)
	at org.springframework.web.servlet.FrameworkServlet.service(FrameworkServlet.java:883)
	at javax.servlet.http.HttpServlet.service(HttpServlet.java:741)
	at org.apache.catalina.core.ApplicationFilterChain.internalDoFilter(ApplicationFilterChain.java:231)
	at org.apache.catalina.core.ApplicationFilterChain.doFilter(ApplicationFilterChain.java:166)
	at org.apache.tomcat.websocket.server.WsFilter.doFilter(WsFilter.java:53)
	at org.apache.catalina.core.ApplicationFilterChain.internalDoFilter(ApplicationFilterChain.java:193)
	at org.apache.catalina.core.ApplicationFilterChain.doFilter(ApplicationFilterChain.java:166)
	at com.alibaba.druid.support.http.WebStatFilter.doFilter(WebStatFilter.java:124)
	at org.apache.catalina.core.ApplicationFilterChain.internalDoFilter(ApplicationFilterChain.java:193)
	at org.apache.catalina.core.ApplicationFilterChain.doFilter(ApplicationFilterChain.java:166)
	at org.springframework.web.filter.CharacterEncodingFilter.doFilterInternal(CharacterEncodingFilter.java:201)
	at org.springframework.web.filter.OncePerRequestFilter.doFilter(OncePerRequestFilter.java:119)
	at org.apache.catalina.core.ApplicationFilterChain.internalDoFilter(ApplicationFilterChain.java:193)
	at org.apache.catalina.core.ApplicationFilterChain.doFilter(ApplicationFilterChain.java:166)
	at org.apache.catalina.core.StandardWrapperValve.invoke(StandardWrapperValve.java:202)
	at org.apache.catalina.core.StandardContextValve.invoke(StandardContextValve.java:96)
	at org.apache.catalina.authenticator.AuthenticatorBase.invoke(AuthenticatorBase.java:541)
	at org.apache.catalina.core.StandardHostValve.invoke(StandardHostValve.java:139)
	at org.apache.catalina.valves.ErrorReportValve.invoke(ErrorReportValve.java:92)
	at org.apache.catalina.core.StandardEngineValve.invoke(StandardEngineValve.java:74)
	at org.apache.catalina.connector.CoyoteAdapter.service(CoyoteAdapter.java:343)
	at org.apache.coyote.http11.Http11Processor.service(Http11Processor.java:367)
	at org.apache.coyote.AbstractProcessorLight.process(AbstractProcessorLight.java:65)
	at org.apache.coyote.AbstractProtocol$ConnectionHandler.process(AbstractProtocol.java:868)
	at org.apache.tomcat.util.net.NioEndpoint$SocketProcessor.doRun(NioEndpoint.java:1639)
	at org.apache.tomcat.util.net.SocketProcessorBase.run(SocketProcessorBase.java:49)
	at java.util.concurrent.ThreadPoolExecutor.runWorker(ThreadPoolExecutor.java:1142)
	at java.util.concurrent.ThreadPoolExecutor$Worker.run(ThreadPoolExecutor.java:617)
	at org.apache.tomcat.util.threads.TaskThread$WrappingRunnable.run(TaskThread.java:61)
	at java.lang.Thread.run(Thread.java:748)
08:24:14.156 [http-nio-8080-exec-1] ERROR o.a.c.c.C.[.[.[.[dispatcherServlet] - Servlet.service() for servlet [dispatcherServlet] in context with path [] threw exception [Request processing failed; nested exception is org.springframework.dao.DataIntegrityViolationException: 
### Error updating database.  Cause: com.mysql.cj.jdbc.exceptions.MysqlDataTruncation: Data truncation: Data too long for column 'photo_src' at row 1
### The error may exist in com/xdx/garbage/dao/TNewsMapper.java (best guess)
### The error may involve com.xdx.garbage.dao.TNewsMapper.insertSelective-Inline
### The error occurred while setting parameters
### SQL: INSERT INTO t_news  ( id,news_title,photo_src,jump_url ) VALUES( ?,?,?,? )
### Cause: com.mysql.cj.jdbc.exceptions.MysqlDataTruncation: Data truncation: Data too long for column 'photo_src' at row 1
; Data truncation: Data too long for column 'photo_src' at row 1; nested exception is com.mysql.cj.jdbc.exceptions.MysqlDataTruncation: Data truncation: Data too long for column 'photo_src' at row 1] with root cause
com.mysql.cj.jdbc.exceptions.MysqlDataTruncation: Data truncation: Data too long for column 'photo_src' at row 1
	at com.mysql.cj.jdbc.exceptions.SQLExceptionsMapping.translateException(SQLExceptionsMapping.java:104)
	at com.mysql.cj.jdbc.ClientPreparedStatement.executeInternal(ClientPreparedStatement.java:953)
	at com.mysql.cj.jdbc.ClientPreparedStatement.execute(ClientPreparedStatement.java:370)
	at com.alibaba.druid.filter.FilterChainImpl.preparedStatement_execute(FilterChainImpl.java:3461)
	at com.alibaba.druid.filter.FilterEventAdapter.preparedStatement_execute(FilterEventAdapter.java:440)
	at com.alibaba.druid.filter.FilterChainImpl.preparedStatement_execute(FilterChainImpl.java:3459)
	at com.alibaba.druid.filter.FilterEventAdapter.preparedStatement_execute(FilterEventAdapter.java:440)
	at com.alibaba.druid.filter.FilterChainImpl.preparedStatement_execute(FilterChainImpl.java:3459)
	at com.alibaba.druid.filter.FilterEventAdapter.preparedStatement_execute(FilterEventAdapter.java:440)
	at com.alibaba.druid.filter.FilterChainImpl.preparedStatement_execute(FilterChainImpl.java:3459)
	at com.alibaba.druid.filter.FilterAdapter.preparedStatement_execute(FilterAdapter.java:1081)
	at com.alibaba.druid.filter.FilterChainImpl.preparedStatement_execute(FilterChainImpl.java:3459)
	at com.alibaba.druid.proxy.jdbc.PreparedStatementProxyImpl.execute(PreparedStatementProxyImpl.java:167)
	at com.alibaba.druid.pool.DruidPooledPreparedStatement.execute(DruidPooledPreparedStatement.java:497)
	at sun.reflect.NativeMethodAccessorImpl.invoke0(Native Method)
	at sun.reflect.NativeMethodAccessorImpl.invoke(NativeMethodAccessorImpl.java:62)
	at sun.reflect.DelegatingMethodAccessorImpl.invoke(DelegatingMethodAccessorImpl.java:43)
	at java.lang.reflect.Method.invoke(Method.java:498)
	at org.apache.ibatis.logging.jdbc.PreparedStatementLogger.invoke(PreparedStatementLogger.java:59)
	at com.sun.proxy.$Proxy97.execute(Unknown Source)
	at org.apache.ibatis.executor.statement.PreparedStatementHandler.update(PreparedStatementHandler.java:47)
	at org.apache.ibatis.executor.statement.RoutingStatementHandler.update(RoutingStatementHandler.java:74)
	at org.apache.ibatis.executor.SimpleExecutor.doUpdate(SimpleExecutor.java:50)
	at org.apache.ibatis.executor.BaseExecutor.update(BaseExecutor.java:117)
	at org.apache.ibatis.executor.CachingExecutor.update(CachingExecutor.java:76)
	at sun.reflect.NativeMethodAccessorImpl.invoke0(Native Method)
	at sun.reflect.NativeMethodAccessorImpl.invoke(NativeMethodAccessorImpl.java:62)
	at sun.reflect.DelegatingMethodAccessorImpl.invoke(DelegatingMethodAccessorImpl.java:43)
	at java.lang.reflect.Method.invoke(Method.java:498)
	at org.apache.ibatis.plugin.Plugin.invoke(Plugin.java:63)
	at com.sun.proxy.$Proxy95.update(Unknown Source)
	at org.apache.ibatis.session.defaults.DefaultSqlSession.update(DefaultSqlSession.java:197)
	at org.apache.ibatis.session.defaults.DefaultSqlSession.insert(DefaultSqlSession.java:184)
	at sun.reflect.NativeMethodAccessorImpl.invoke0(Native Method)
	at sun.reflect.NativeMethodAccessorImpl.invoke(NativeMethodAccessorImpl.java:62)
	at sun.reflect.DelegatingMethodAccessorImpl.invoke(DelegatingMethodAccessorImpl.java:43)
	at java.lang.reflect.Method.invoke(Method.java:498)
	at org.mybatis.spring.SqlSessionTemplate$SqlSessionInterceptor.invoke(SqlSessionTemplate.java:426)
	at com.sun.proxy.$Proxy69.insert(Unknown Source)
	at org.mybatis.spring.SqlSessionTemplate.insert(SqlSessionTemplate.java:271)
	at org.apache.ibatis.binding.MapperMethod.execute(MapperMethod.java:62)
	at org.apache.ibatis.binding.MapperProxy.invoke(MapperProxy.java:57)
	at com.sun.proxy.$Proxy83.insertSelective(Unknown Source)
	at com.xdx.garbage.common.service.impl.BaseServiceImpl.insertSelective(BaseServiceImpl.java:57)
	at com.xdx.garbage.common.controller.BaseController.add(BaseController.java:130)
	at sun.reflect.NativeMethodAccessorImpl.invoke0(Native Method)
	at sun.reflect.NativeMethodAccessorImpl.invoke(NativeMethodAccessorImpl.java:62)
	at sun.reflect.DelegatingMethodAccessorImpl.invoke(DelegatingMethodAccessorImpl.java:43)
	at java.lang.reflect.Method.invoke(Method.java:498)
	at org.springframework.web.method.support.InvocableHandlerMethod.doInvoke(InvocableHandlerMethod.java:190)
	at org.springframework.web.method.support.InvocableHandlerMethod.invokeForRequest(InvocableHandlerMethod.java:138)
	at org.springframework.web.servlet.mvc.method.annotation.ServletInvocableHandlerMethod.invokeAndHandle(ServletInvocableHandlerMethod.java:106)
	at org.springframework.web.servlet.mvc.method.annotation.RequestMappingHandlerAdapter.invokeHandlerMethod(RequestMappingHandlerAdapter.java:879)
	at org.springframework.web.servlet.mvc.method.annotation.RequestMappingHandlerAdapter.handleInternal(RequestMappingHandlerAdapter.java:793)
	at org.springframework.web.servlet.mvc.method.AbstractHandlerMethodAdapter.handle(AbstractHandlerMethodAdapter.java:87)
	at org.springframework.web.servlet.DispatcherServlet.doDispatch(DispatcherServlet.java:1040)
	at org.springframework.web.servlet.DispatcherServlet.doService(DispatcherServlet.java:943)
	at org.springframework.web.servlet.FrameworkServlet.processRequest(FrameworkServlet.java:1006)
	at org.springframework.web.servlet.FrameworkServlet.doPost(FrameworkServlet.java:909)
	at javax.servlet.http.HttpServlet.service(HttpServlet.java:660)
	at org.springframework.web.servlet.FrameworkServlet.service(FrameworkServlet.java:883)
	at javax.servlet.http.HttpServlet.service(HttpServlet.java:741)
	at org.apache.catalina.core.ApplicationFilterChain.internalDoFilter(ApplicationFilterChain.java:231)
	at org.apache.catalina.core.ApplicationFilterChain.doFilter(ApplicationFilterChain.java:166)
	at org.apache.tomcat.websocket.server.WsFilter.doFilter(WsFilter.java:53)
	at org.apache.catalina.core.ApplicationFilterChain.internalDoFilter(ApplicationFilterChain.java:193)
	at org.apache.catalina.core.ApplicationFilterChain.doFilter(ApplicationFilterChain.java:166)
	at com.alibaba.druid.support.http.WebStatFilter.doFilter(WebStatFilter.java:124)
	at org.apache.catalina.core.ApplicationFilterChain.internalDoFilter(ApplicationFilterChain.java:193)
	at org.apache.catalina.core.ApplicationFilterChain.doFilter(ApplicationFilterChain.java:166)
	at org.springframework.web.filter.CharacterEncodingFilter.doFilterInternal(CharacterEncodingFilter.java:201)
	at org.springframework.web.filter.OncePerRequestFilter.doFilter(OncePerRequestFilter.java:119)
	at org.apache.catalina.core.ApplicationFilterChain.internalDoFilter(ApplicationFilterChain.java:193)
	at org.apache.catalina.core.ApplicationFilterChain.doFilter(ApplicationFilterChain.java:166)
	at org.apache.catalina.core.StandardWrapperValve.invoke(StandardWrapperValve.java:202)
	at org.apache.catalina.core.StandardContextValve.invoke(StandardContextValve.java:96)
	at org.apache.catalina.authenticator.AuthenticatorBase.invoke(AuthenticatorBase.java:541)
	at org.apache.catalina.core.StandardHostValve.invoke(StandardHostValve.java:139)
	at org.apache.catalina.valves.ErrorReportValve.invoke(ErrorReportValve.java:92)
	at org.apache.catalina.core.StandardEngineValve.invoke(StandardEngineValve.java:74)
	at org.apache.catalina.connector.CoyoteAdapter.service(CoyoteAdapter.java:343)
	at org.apache.coyote.http11.Http11Processor.service(Http11Processor.java:367)
	at org.apache.coyote.AbstractProcessorLight.process(AbstractProcessorLight.java:65)
	at org.apache.coyote.AbstractProtocol$ConnectionHandler.process(AbstractProtocol.java:868)
	at org.apache.tomcat.util.net.NioEndpoint$SocketProcessor.doRun(NioEndpoint.java:1639)
	at org.apache.tomcat.util.net.SocketProcessorBase.run(SocketProcessorBase.java:49)
	at java.util.concurrent.ThreadPoolExecutor.runWorker(ThreadPoolExecutor.java:1142)
	at java.util.concurrent.ThreadPoolExecutor$Worker.run(ThreadPoolExecutor.java:617)
	at org.apache.tomcat.util.threads.TaskThread$WrappingRunnable.run(TaskThread.java:61)
	at java.lang.Thread.run(Thread.java:748)
08:24:14.156 [http-nio-8080-exec-1] ERROR c.x.g.c.interceptor.BackInterceptor - 拦截路径/error
08:25:33.255 [http-nio-8080-exec-2] ERROR c.x.g.c.interceptor.BackInterceptor - 拦截路径/ele/admin/info
08:25:33.255 [http-nio-8080-exec-2] INFO  c.x.g.c.back.AdminController - 28C84885D4AE1057AC62C1ED311EAC67ddddddddddcom.xdx.garbage.entity.TAdmin@652bf37
08:25:33.255 [http-nio-8080-exec-2] INFO  c.x.g.c.back.AdminController - 28C84885D4AE1057AC62C1ED311EAC67
08:25:33.692 [http-nio-8080-exec-3] WARN  o.s.web.servlet.PageNotFound - No mapping for GET /undefined
08:25:33.692 [http-nio-8080-exec-3] ERROR c.x.g.c.interceptor.BackInterceptor - 拦截路径/error
08:25:33.926 [http-nio-8080-exec-4] ERROR c.x.g.c.interceptor.BackInterceptor - 拦截路径/ele/news/lists
08:25:33.941 [http-nio-8080-exec-4] DEBUG c.x.g.d.T.selectByExample_COUNT - ==>  Preparing: SELECT count(0) FROM t_news WHERE (is_del = ?) 
08:25:33.941 [http-nio-8080-exec-4] DEBUG c.x.g.d.T.selectByExample_COUNT - ==> Parameters: 0(Integer)
08:25:33.941 [http-nio-8080-exec-4] TRACE c.x.g.d.T.selectByExample_COUNT - <==    Columns: count(0)
08:25:33.941 [http-nio-8080-exec-4] TRACE c.x.g.d.T.selectByExample_COUNT - <==        Row: 0
08:25:33.941 [http-nio-8080-exec-4] DEBUG c.x.g.d.T.selectByExample_COUNT - <==      Total: 1
08:25:33.957 [http-nio-8080-exec-4] DEBUG c.x.g.d.T.selectCountByExample - ==>  Preparing: SELECT COUNT(id) FROM t_news WHERE ( is_del = ? ) 
08:25:33.957 [http-nio-8080-exec-4] DEBUG c.x.g.d.T.selectCountByExample - ==> Parameters: 0(Integer)
08:25:33.957 [http-nio-8080-exec-4] TRACE c.x.g.d.T.selectCountByExample - <==    Columns: COUNT(id)
08:25:33.957 [http-nio-8080-exec-4] TRACE c.x.g.d.T.selectCountByExample - <==        Row: 0
08:25:33.957 [http-nio-8080-exec-4] DEBUG c.x.g.d.T.selectCountByExample - <==      Total: 1
08:25:49.399 [http-nio-8080-exec-5] ERROR c.x.g.c.interceptor.BackInterceptor - 拦截路径/ele/admin/singleUpload/news
08:25:50.460 [http-nio-8080-exec-6] ERROR c.x.g.c.interceptor.BackInterceptor - 拦截路径/ele/news/add
08:25:50.460 [http-nio-8080-exec-6] DEBUG c.x.g.d.TNewsMapper.insertSelective - ==>  Preparing: INSERT INTO t_news ( id,news_title,photo_src,jump_url ) VALUES( ?,?,?,? ) 
08:25:50.460 [http-nio-8080-exec-6] DEBUG c.x.g.d.TNewsMapper.insertSelective - ==> Parameters: null, 论持久战(String), /upload/news/f568868c43ae4e80bb8153a711837b23.jpg(String), https://mp.weixin.qq.com/s/uxmylab7WPz4UuiSK-dLcQ(String)
08:25:50.460 [http-nio-8080-exec-6] DEBUG c.x.g.d.TNewsMapper.insertSelective - <==    Updates: 1
08:25:50.476 [http-nio-8080-exec-6] DEBUG c.x.g.d.T.insertSelective!selectKey - ==>  Executing: SELECT LAST_INSERT_ID() 
08:25:50.476 [http-nio-8080-exec-6] TRACE c.x.g.d.T.insertSelective!selectKey - <==    Columns: LAST_INSERT_ID()
08:25:50.476 [http-nio-8080-exec-6] TRACE c.x.g.d.T.insertSelective!selectKey - <==        Row: 1
08:25:50.476 [http-nio-8080-exec-6] DEBUG c.x.g.d.T.insertSelective!selectKey - <==      Total: 1
08:25:50.522 [http-nio-8080-exec-7] ERROR c.x.g.c.interceptor.BackInterceptor - 拦截路径/ele/news/lists
08:25:50.522 [http-nio-8080-exec-7] DEBUG c.x.g.d.T.selectByExample_COUNT - ==>  Preparing: SELECT count(0) FROM t_news WHERE (is_del = ?) 
08:25:50.522 [http-nio-8080-exec-7] DEBUG c.x.g.d.T.selectByExample_COUNT - ==> Parameters: 0(Integer)
08:25:50.538 [http-nio-8080-exec-7] TRACE c.x.g.d.T.selectByExample_COUNT - <==    Columns: count(0)
08:25:50.538 [http-nio-8080-exec-7] TRACE c.x.g.d.T.selectByExample_COUNT - <==        Row: 1
08:25:50.538 [http-nio-8080-exec-7] DEBUG c.x.g.d.T.selectByExample_COUNT - <==      Total: 1
08:25:50.538 [http-nio-8080-exec-7] DEBUG c.x.g.d.TNewsMapper.selectByExample - ==>  Preparing: SELECT id,create_time,update_time,is_del,news_title,photo_src,status,jump_url,news_content FROM t_news WHERE ( is_del = ? ) order by id desc LIMIT ? 
08:25:50.538 [http-nio-8080-exec-7] DEBUG c.x.g.d.TNewsMapper.selectByExample - ==> Parameters: 0(Integer), 20(Integer)
08:25:50.538 [http-nio-8080-exec-7] TRACE c.x.g.d.TNewsMapper.selectByExample - <==    Columns: id, create_time, update_time, is_del, news_title, photo_src, status, jump_url, news_content
08:25:50.538 [http-nio-8080-exec-7] TRACE c.x.g.d.TNewsMapper.selectByExample - <==        Row: 1, 2020-03-18 08:25:50, null, 0, 论持久战, /upload/news/f568868c43ae4e80bb8153a711837b23.jpg, 0, https://mp.weixin.qq.com/s/uxmylab7WPz4UuiSK-dLcQ, <<BLOB>>
08:25:50.538 [http-nio-8080-exec-7] DEBUG c.x.g.d.TNewsMapper.selectByExample - <==      Total: 1
08:25:50.554 [http-nio-8080-exec-7] DEBUG c.x.g.d.T.selectCountByExample - ==>  Preparing: SELECT COUNT(id) FROM t_news WHERE ( is_del = ? ) 
08:25:50.554 [http-nio-8080-exec-7] DEBUG c.x.g.d.T.selectCountByExample - ==> Parameters: 0(Integer)
08:25:50.554 [http-nio-8080-exec-7] TRACE c.x.g.d.T.selectCountByExample - <==    Columns: COUNT(id)
08:25:50.554 [http-nio-8080-exec-7] TRACE c.x.g.d.T.selectCountByExample - <==        Row: 1
08:25:50.554 [http-nio-8080-exec-7] DEBUG c.x.g.d.T.selectCountByExample - <==      Total: 1
08:26:32.230 [http-nio-8080-exec-8] ERROR c.x.g.c.interceptor.BackInterceptor - 拦截路径/ele/admin/info
08:26:32.230 [http-nio-8080-exec-8] INFO  c.x.g.c.back.AdminController - 28C84885D4AE1057AC62C1ED311EAC67ddddddddddcom.xdx.garbage.entity.TAdmin@652bf37
08:26:32.230 [http-nio-8080-exec-8] INFO  c.x.g.c.back.AdminController - 28C84885D4AE1057AC62C1ED311EAC67
08:26:32.635 [http-nio-8080-exec-9] WARN  o.s.web.servlet.PageNotFound - No mapping for GET /undefined
08:26:32.635 [http-nio-8080-exec-9] ERROR c.x.g.c.interceptor.BackInterceptor - 拦截路径/error
08:26:32.885 [http-nio-8080-exec-10] ERROR c.x.g.c.interceptor.BackInterceptor - 拦截路径/ele/news/lists
08:26:32.885 [http-nio-8080-exec-10] DEBUG c.x.g.d.T.selectByExample_COUNT - ==>  Preparing: SELECT count(0) FROM t_news WHERE (is_del = ?) 
08:26:32.885 [http-nio-8080-exec-10] DEBUG c.x.g.d.T.selectByExample_COUNT - ==> Parameters: 0(Integer)
08:26:32.885 [http-nio-8080-exec-10] TRACE c.x.g.d.T.selectByExample_COUNT - <==    Columns: count(0)
08:26:32.885 [http-nio-8080-exec-10] TRACE c.x.g.d.T.selectByExample_COUNT - <==        Row: 1
08:26:32.885 [http-nio-8080-exec-10] DEBUG c.x.g.d.T.selectByExample_COUNT - <==      Total: 1
08:26:32.901 [http-nio-8080-exec-10] DEBUG c.x.g.d.TNewsMapper.selectByExample - ==>  Preparing: SELECT id,create_time,update_time,is_del,news_title,photo_src,status,jump_url,news_content FROM t_news WHERE ( is_del = ? ) order by id desc LIMIT ? 
08:26:32.901 [http-nio-8080-exec-10] DEBUG c.x.g.d.TNewsMapper.selectByExample - ==> Parameters: 0(Integer), 20(Integer)
08:26:32.901 [http-nio-8080-exec-10] TRACE c.x.g.d.TNewsMapper.selectByExample - <==    Columns: id, create_time, update_time, is_del, news_title, photo_src, status, jump_url, news_content
08:26:32.901 [http-nio-8080-exec-10] TRACE c.x.g.d.TNewsMapper.selectByExample - <==        Row: 1, 2020-03-18 08:25:50, null, 0, 论持久战, /upload/news/f568868c43ae4e80bb8153a711837b23.jpg, 0, https://mp.weixin.qq.com/s/uxmylab7WPz4UuiSK-dLcQ, <<BLOB>>
08:26:32.901 [http-nio-8080-exec-10] DEBUG c.x.g.d.TNewsMapper.selectByExample - <==      Total: 1
08:26:32.901 [http-nio-8080-exec-10] DEBUG c.x.g.d.T.selectCountByExample - ==>  Preparing: SELECT COUNT(id) FROM t_news WHERE ( is_del = ? ) 
08:26:32.901 [http-nio-8080-exec-10] DEBUG c.x.g.d.T.selectCountByExample - ==> Parameters: 0(Integer)
08:26:32.901 [http-nio-8080-exec-10] TRACE c.x.g.d.T.selectCountByExample - <==    Columns: COUNT(id)
08:26:32.901 [http-nio-8080-exec-10] TRACE c.x.g.d.T.selectCountByExample - <==        Row: 1
08:26:32.901 [http-nio-8080-exec-10] DEBUG c.x.g.d.T.selectCountByExample - <==      Total: 1
08:26:44.954 [http-nio-8080-exec-1] ERROR c.x.g.c.interceptor.BackInterceptor - 拦截路径/ele/admin/singleUpload/news
08:26:46.046 [http-nio-8080-exec-2] ERROR c.x.g.c.interceptor.BackInterceptor - 拦截路径/ele/news/1
08:26:46.061 [http-nio-8080-exec-2] DEBUG c.x.g.d.T.updateByPrimaryKeySelective - ==>  Preparing: UPDATE t_news SET id = id,create_time = ?,is_del = ?,news_title = ?,photo_src = ?,status = ?,jump_url = ? WHERE id = ? 
08:26:46.061 [http-nio-8080-exec-2] DEBUG c.x.g.d.T.updateByPrimaryKeySelective - ==> Parameters: 2020-03-18 08:25:50.0(Timestamp), 0(Integer), 论持久战(String), /upload/news/13c3fd7a58fe4cd78da62d98ab99e4fe.png(String), 0(Integer), https://mp.weixin.qq.com/s/uxmylab7WPz4UuiSK-dLcQ(String), 1(Long)
08:26:46.061 [http-nio-8080-exec-2] DEBUG c.x.g.d.T.updateByPrimaryKeySelective - <==    Updates: 1
08:26:48.651 [http-nio-8080-exec-3] ERROR c.x.g.c.interceptor.BackInterceptor - 拦截路径/ele/news/lists
08:26:48.651 [http-nio-8080-exec-3] DEBUG c.x.g.d.T.selectByExample_COUNT - ==>  Preparing: SELECT count(0) FROM t_news WHERE (is_del = ?) 
08:26:48.651 [http-nio-8080-exec-3] DEBUG c.x.g.d.T.selectByExample_COUNT - ==> Parameters: 0(Integer)
08:26:48.667 [http-nio-8080-exec-3] TRACE c.x.g.d.T.selectByExample_COUNT - <==    Columns: count(0)
08:26:48.667 [http-nio-8080-exec-3] TRACE c.x.g.d.T.selectByExample_COUNT - <==        Row: 1
08:26:48.667 [http-nio-8080-exec-3] DEBUG c.x.g.d.T.selectByExample_COUNT - <==      Total: 1
08:26:48.667 [http-nio-8080-exec-3] DEBUG c.x.g.d.TNewsMapper.selectByExample - ==>  Preparing: SELECT id,create_time,update_time,is_del,news_title,photo_src,status,jump_url,news_content FROM t_news WHERE ( is_del = ? ) order by id desc LIMIT ? 
08:26:48.667 [http-nio-8080-exec-3] DEBUG c.x.g.d.TNewsMapper.selectByExample - ==> Parameters: 0(Integer), 20(Integer)
08:26:48.667 [http-nio-8080-exec-3] TRACE c.x.g.d.TNewsMapper.selectByExample - <==    Columns: id, create_time, update_time, is_del, news_title, photo_src, status, jump_url, news_content
08:26:48.667 [http-nio-8080-exec-3] TRACE c.x.g.d.TNewsMapper.selectByExample - <==        Row: 1, 2020-03-18 08:25:50, 2020-03-18 08:26:46, 0, 论持久战, /upload/news/13c3fd7a58fe4cd78da62d98ab99e4fe.png, 0, https://mp.weixin.qq.com/s/uxmylab7WPz4UuiSK-dLcQ, <<BLOB>>
08:26:48.667 [http-nio-8080-exec-3] DEBUG c.x.g.d.TNewsMapper.selectByExample - <==      Total: 1
08:26:48.667 [http-nio-8080-exec-3] DEBUG c.x.g.d.T.selectCountByExample - ==>  Preparing: SELECT COUNT(id) FROM t_news WHERE ( is_del = ? ) 
08:26:48.667 [http-nio-8080-exec-3] DEBUG c.x.g.d.T.selectCountByExample - ==> Parameters: 0(Integer)
08:26:48.682 [http-nio-8080-exec-3] TRACE c.x.g.d.T.selectCountByExample - <==    Columns: COUNT(id)
08:26:48.682 [http-nio-8080-exec-3] TRACE c.x.g.d.T.selectCountByExample - <==        Row: 1
08:26:48.682 [http-nio-8080-exec-3] DEBUG c.x.g.d.T.selectCountByExample - <==      Total: 1
08:27:01.273 [http-nio-8080-exec-4] ERROR c.x.g.c.interceptor.BackInterceptor - 拦截路径/ele/news/1
08:27:01.273 [http-nio-8080-exec-4] DEBUG c.x.g.d.T.updateByPrimaryKeySelective - ==>  Preparing: UPDATE t_news SET id = id,create_time = ?,update_time = ?,is_del = ?,news_title = ?,photo_src = ?,status = ?,jump_url = ? WHERE id = ? 
08:27:01.273 [http-nio-8080-exec-4] DEBUG c.x.g.d.T.updateByPrimaryKeySelective - ==> Parameters: 2020-03-18 08:25:50.0(Timestamp), 2020-03-18 08:26:46.0(Timestamp), 0(Integer), 论持久战(String), /upload/news/13c3fd7a58fe4cd78da62d98ab99e4fe.png(String), 0(Integer), https://mp.weixin.qq.com/s/uxmylab7WPz4UuiSK-dLcQ(String), 1(Long)
08:27:01.273 [http-nio-8080-exec-4] DEBUG c.x.g.d.T.updateByPrimaryKeySelective - <==    Updates: 1
08:27:06.092 [http-nio-8080-exec-5] ERROR c.x.g.c.interceptor.BackInterceptor - 拦截路径/ele/news/status
08:27:06.092 [http-nio-8080-exec-5] DEBUG c.x.g.d.T.updateByPrimaryKeySelective - ==>  Preparing: UPDATE t_news SET id = id,status = ? WHERE id = ? 
08:27:06.108 [http-nio-8080-exec-5] DEBUG c.x.g.d.T.updateByPrimaryKeySelective - ==> Parameters: 1(Integer), 1(Long)
08:27:06.108 [http-nio-8080-exec-5] DEBUG c.x.g.d.T.updateByPrimaryKeySelective - <==    Updates: 1
08:27:11.522 [http-nio-8080-exec-6] ERROR c.x.g.c.interceptor.BackInterceptor - 拦截路径/ele/news/lists
08:27:11.522 [http-nio-8080-exec-6] DEBUG c.x.g.d.T.selectByExample_COUNT - ==>  Preparing: SELECT count(0) FROM t_news WHERE (is_del = ?) 
08:27:11.522 [http-nio-8080-exec-6] DEBUG c.x.g.d.T.selectByExample_COUNT - ==> Parameters: 0(Integer)
08:27:11.522 [http-nio-8080-exec-6] TRACE c.x.g.d.T.selectByExample_COUNT - <==    Columns: count(0)
08:27:11.522 [http-nio-8080-exec-6] TRACE c.x.g.d.T.selectByExample_COUNT - <==        Row: 1
08:27:11.522 [http-nio-8080-exec-6] DEBUG c.x.g.d.T.selectByExample_COUNT - <==      Total: 1
08:27:11.522 [http-nio-8080-exec-6] DEBUG c.x.g.d.TNewsMapper.selectByExample - ==>  Preparing: SELECT id,create_time,update_time,is_del,news_title,photo_src,status,jump_url,news_content FROM t_news WHERE ( is_del = ? ) order by id desc LIMIT ? 
08:27:11.522 [http-nio-8080-exec-6] DEBUG c.x.g.d.TNewsMapper.selectByExample - ==> Parameters: 0(Integer), 20(Integer)
08:27:11.522 [http-nio-8080-exec-6] TRACE c.x.g.d.TNewsMapper.selectByExample - <==    Columns: id, create_time, update_time, is_del, news_title, photo_src, status, jump_url, news_content
08:27:11.522 [http-nio-8080-exec-6] TRACE c.x.g.d.TNewsMapper.selectByExample - <==        Row: 1, 2020-03-18 08:25:50, 2020-03-18 08:27:06, 0, 论持久战, /upload/news/13c3fd7a58fe4cd78da62d98ab99e4fe.png, 1, https://mp.weixin.qq.com/s/uxmylab7WPz4UuiSK-dLcQ, <<BLOB>>
08:27:11.522 [http-nio-8080-exec-6] DEBUG c.x.g.d.TNewsMapper.selectByExample - <==      Total: 1
08:27:11.538 [http-nio-8080-exec-6] DEBUG c.x.g.d.T.selectCountByExample - ==>  Preparing: SELECT COUNT(id) FROM t_news WHERE ( is_del = ? ) 
08:27:11.538 [http-nio-8080-exec-6] DEBUG c.x.g.d.T.selectCountByExample - ==> Parameters: 0(Integer)
08:27:11.538 [http-nio-8080-exec-6] TRACE c.x.g.d.T.selectCountByExample - <==    Columns: COUNT(id)
08:27:11.538 [http-nio-8080-exec-6] TRACE c.x.g.d.T.selectCountByExample - <==        Row: 1
08:27:11.538 [http-nio-8080-exec-6] DEBUG c.x.g.d.T.selectCountByExample - <==      Total: 1
08:28:18.562 [http-nio-8080-exec-7] ERROR c.x.g.c.interceptor.BackInterceptor - 拦截路径/ele/news/lists
08:28:18.577 [http-nio-8080-exec-7] DEBUG c.x.g.d.T.selectByExample_COUNT - ==>  Preparing: SELECT count(0) FROM t_news WHERE (is_del = ?) 
08:28:18.577 [http-nio-8080-exec-7] DEBUG c.x.g.d.T.selectByExample_COUNT - ==> Parameters: 0(Integer)
08:28:18.577 [http-nio-8080-exec-7] TRACE c.x.g.d.T.selectByExample_COUNT - <==    Columns: count(0)
08:28:18.577 [http-nio-8080-exec-7] TRACE c.x.g.d.T.selectByExample_COUNT - <==        Row: 1
08:28:18.577 [http-nio-8080-exec-7] DEBUG c.x.g.d.T.selectByExample_COUNT - <==      Total: 1
08:28:18.577 [http-nio-8080-exec-7] DEBUG c.x.g.d.TNewsMapper.selectByExample - ==>  Preparing: SELECT id,create_time,update_time,is_del,news_title,photo_src,status,jump_url,news_content FROM t_news WHERE ( is_del = ? ) order by id desc LIMIT ? 
08:28:18.577 [http-nio-8080-exec-7] DEBUG c.x.g.d.TNewsMapper.selectByExample - ==> Parameters: 0(Integer), 20(Integer)
08:28:18.577 [http-nio-8080-exec-7] TRACE c.x.g.d.TNewsMapper.selectByExample - <==    Columns: id, create_time, update_time, is_del, news_title, photo_src, status, jump_url, news_content
08:28:18.577 [http-nio-8080-exec-7] TRACE c.x.g.d.TNewsMapper.selectByExample - <==        Row: 1, 2020-03-18 08:25:50, 2020-03-18 08:27:06, 0, 论持久战, /upload/news/13c3fd7a58fe4cd78da62d98ab99e4fe.png, 1, https://mp.weixin.qq.com/s/uxmylab7WPz4UuiSK-dLcQ, <<BLOB>>
08:28:18.577 [http-nio-8080-exec-7] DEBUG c.x.g.d.TNewsMapper.selectByExample - <==      Total: 1
08:28:18.593 [http-nio-8080-exec-7] DEBUG c.x.g.d.T.selectCountByExample - ==>  Preparing: SELECT COUNT(id) FROM t_news WHERE ( is_del = ? ) 
08:28:18.593 [http-nio-8080-exec-7] DEBUG c.x.g.d.T.selectCountByExample - ==> Parameters: 0(Integer)
08:28:18.593 [http-nio-8080-exec-7] TRACE c.x.g.d.T.selectCountByExample - <==    Columns: COUNT(id)
08:28:18.593 [http-nio-8080-exec-7] TRACE c.x.g.d.T.selectCountByExample - <==        Row: 1
08:28:18.593 [http-nio-8080-exec-7] DEBUG c.x.g.d.T.selectCountByExample - <==      Total: 1
08:28:40.259 [http-nio-8080-exec-8] WARN  o.s.web.servlet.PageNotFound - No mapping for GET /user/lists
08:28:40.259 [http-nio-8080-exec-8] ERROR c.x.g.c.interceptor.BackInterceptor - 拦截路径/error
08:28:43.506 [http-nio-8080-exec-9] ERROR c.x.g.c.interceptor.BackInterceptor - 拦截路径/ele/news/lists
08:28:43.506 [http-nio-8080-exec-9] DEBUG c.x.g.d.T.selectByExample_COUNT - ==>  Preparing: SELECT count(0) FROM t_news WHERE (is_del = ?) 
08:28:43.506 [http-nio-8080-exec-9] DEBUG c.x.g.d.T.selectByExample_COUNT - ==> Parameters: 0(Integer)
08:28:43.506 [http-nio-8080-exec-9] TRACE c.x.g.d.T.selectByExample_COUNT - <==    Columns: count(0)
08:28:43.506 [http-nio-8080-exec-9] TRACE c.x.g.d.T.selectByExample_COUNT - <==        Row: 1
08:28:43.506 [http-nio-8080-exec-9] DEBUG c.x.g.d.T.selectByExample_COUNT - <==      Total: 1
08:28:43.506 [http-nio-8080-exec-9] DEBUG c.x.g.d.TNewsMapper.selectByExample - ==>  Preparing: SELECT id,create_time,update_time,is_del,news_title,photo_src,status,jump_url,news_content FROM t_news WHERE ( is_del = ? ) order by id desc LIMIT ? 
08:28:43.506 [http-nio-8080-exec-9] DEBUG c.x.g.d.TNewsMapper.selectByExample - ==> Parameters: 0(Integer), 20(Integer)
08:28:43.506 [http-nio-8080-exec-9] TRACE c.x.g.d.TNewsMapper.selectByExample - <==    Columns: id, create_time, update_time, is_del, news_title, photo_src, status, jump_url, news_content
08:28:43.506 [http-nio-8080-exec-9] TRACE c.x.g.d.TNewsMapper.selectByExample - <==        Row: 1, 2020-03-18 08:25:50, 2020-03-18 08:27:06, 0, 论持久战, /upload/news/13c3fd7a58fe4cd78da62d98ab99e4fe.png, 1, https://mp.weixin.qq.com/s/uxmylab7WPz4UuiSK-dLcQ, <<BLOB>>
08:28:43.506 [http-nio-8080-exec-9] DEBUG c.x.g.d.TNewsMapper.selectByExample - <==      Total: 1
08:28:43.522 [http-nio-8080-exec-9] DEBUG c.x.g.d.T.selectCountByExample - ==>  Preparing: SELECT COUNT(id) FROM t_news WHERE ( is_del = ? ) 
08:28:43.522 [http-nio-8080-exec-9] DEBUG c.x.g.d.T.selectCountByExample - ==> Parameters: 0(Integer)
08:28:43.522 [http-nio-8080-exec-9] TRACE c.x.g.d.T.selectCountByExample - <==    Columns: COUNT(id)
08:28:43.522 [http-nio-8080-exec-9] TRACE c.x.g.d.T.selectCountByExample - <==        Row: 1
08:28:43.522 [http-nio-8080-exec-9] DEBUG c.x.g.d.T.selectCountByExample - <==      Total: 1
08:30:02.201 [http-nio-8080-exec-10] ERROR c.x.g.c.interceptor.BackInterceptor - 拦截路径/ele/admin/info
08:30:02.201 [http-nio-8080-exec-10] INFO  c.x.g.c.back.AdminController - 28C84885D4AE1057AC62C1ED311EAC67ddddddddddcom.xdx.garbage.entity.TAdmin@652bf37
08:30:02.201 [http-nio-8080-exec-10] INFO  c.x.g.c.back.AdminController - 28C84885D4AE1057AC62C1ED311EAC67
08:30:02.643 [http-nio-8080-exec-1] WARN  o.s.web.servlet.PageNotFound - No mapping for GET /undefined
08:30:02.643 [http-nio-8080-exec-1] ERROR c.x.g.c.interceptor.BackInterceptor - 拦截路径/error
08:30:02.877 [http-nio-8080-exec-2] ERROR c.x.g.c.interceptor.BackInterceptor - 拦截路径/ele/news/lists
08:30:02.877 [http-nio-8080-exec-2] DEBUG c.x.g.d.T.selectByExample_COUNT - ==>  Preparing: SELECT count(0) FROM t_news WHERE (is_del = ?) 
08:30:02.877 [http-nio-8080-exec-2] DEBUG c.x.g.d.T.selectByExample_COUNT - ==> Parameters: 0(Integer)
08:30:02.877 [http-nio-8080-exec-2] TRACE c.x.g.d.T.selectByExample_COUNT - <==    Columns: count(0)
08:30:02.877 [http-nio-8080-exec-2] TRACE c.x.g.d.T.selectByExample_COUNT - <==        Row: 1
08:30:02.877 [http-nio-8080-exec-2] DEBUG c.x.g.d.T.selectByExample_COUNT - <==      Total: 1
08:30:02.877 [http-nio-8080-exec-2] DEBUG c.x.g.d.TNewsMapper.selectByExample - ==>  Preparing: SELECT id,create_time,update_time,is_del,news_title,photo_src,status,jump_url,news_content FROM t_news WHERE ( is_del = ? ) order by id desc LIMIT ? 
08:30:02.893 [http-nio-8080-exec-2] DEBUG c.x.g.d.TNewsMapper.selectByExample - ==> Parameters: 0(Integer), 20(Integer)
08:30:02.893 [http-nio-8080-exec-2] TRACE c.x.g.d.TNewsMapper.selectByExample - <==    Columns: id, create_time, update_time, is_del, news_title, photo_src, status, jump_url, news_content
08:30:02.893 [http-nio-8080-exec-2] TRACE c.x.g.d.TNewsMapper.selectByExample - <==        Row: 1, 2020-03-18 08:25:50, 2020-03-18 08:27:06, 0, 论持久战, /upload/news/13c3fd7a58fe4cd78da62d98ab99e4fe.png, 1, https://mp.weixin.qq.com/s/uxmylab7WPz4UuiSK-dLcQ, <<BLOB>>
08:30:02.893 [http-nio-8080-exec-2] DEBUG c.x.g.d.TNewsMapper.selectByExample - <==      Total: 1
08:30:02.893 [http-nio-8080-exec-2] DEBUG c.x.g.d.T.selectCountByExample - ==>  Preparing: SELECT COUNT(id) FROM t_news WHERE ( is_del = ? ) 
08:30:02.893 [http-nio-8080-exec-2] DEBUG c.x.g.d.T.selectCountByExample - ==> Parameters: 0(Integer)
08:30:02.893 [http-nio-8080-exec-2] TRACE c.x.g.d.T.selectCountByExample - <==    Columns: COUNT(id)
08:30:02.893 [http-nio-8080-exec-2] TRACE c.x.g.d.T.selectCountByExample - <==        Row: 1
08:30:02.893 [http-nio-8080-exec-2] DEBUG c.x.g.d.T.selectCountByExample - <==      Total: 1
08:30:39.493 [http-nio-8080-exec-3] ERROR c.x.g.c.interceptor.BackInterceptor - 拦截路径/ele/admin/info
08:30:39.493 [http-nio-8080-exec-3] INFO  c.x.g.c.back.AdminController - 28C84885D4AE1057AC62C1ED311EAC67ddddddddddcom.xdx.garbage.entity.TAdmin@652bf37
08:30:39.493 [http-nio-8080-exec-3] INFO  c.x.g.c.back.AdminController - 28C84885D4AE1057AC62C1ED311EAC67
08:30:39.930 [http-nio-8080-exec-4] WARN  o.s.web.servlet.PageNotFound - No mapping for GET /undefined
08:30:39.930 [http-nio-8080-exec-4] ERROR c.x.g.c.interceptor.BackInterceptor - 拦截路径/error
08:30:40.148 [http-nio-8080-exec-5] ERROR c.x.g.c.interceptor.BackInterceptor - 拦截路径/ele/news/lists
08:30:40.164 [http-nio-8080-exec-5] DEBUG c.x.g.d.T.selectByExample_COUNT - ==>  Preparing: SELECT count(0) FROM t_news WHERE (is_del = ?) 
08:30:40.164 [http-nio-8080-exec-5] DEBUG c.x.g.d.T.selectByExample_COUNT - ==> Parameters: 0(Integer)
08:30:40.164 [http-nio-8080-exec-5] TRACE c.x.g.d.T.selectByExample_COUNT - <==    Columns: count(0)
08:30:40.164 [http-nio-8080-exec-5] TRACE c.x.g.d.T.selectByExample_COUNT - <==        Row: 1
08:30:40.164 [http-nio-8080-exec-5] DEBUG c.x.g.d.T.selectByExample_COUNT - <==      Total: 1
08:30:40.164 [http-nio-8080-exec-5] DEBUG c.x.g.d.TNewsMapper.selectByExample - ==>  Preparing: SELECT id,create_time,update_time,is_del,news_title,photo_src,status,jump_url,news_content FROM t_news WHERE ( is_del = ? ) order by id desc LIMIT ? 
08:30:40.164 [http-nio-8080-exec-5] DEBUG c.x.g.d.TNewsMapper.selectByExample - ==> Parameters: 0(Integer), 20(Integer)
08:30:40.164 [http-nio-8080-exec-5] TRACE c.x.g.d.TNewsMapper.selectByExample - <==    Columns: id, create_time, update_time, is_del, news_title, photo_src, status, jump_url, news_content
08:30:40.164 [http-nio-8080-exec-5] TRACE c.x.g.d.TNewsMapper.selectByExample - <==        Row: 1, 2020-03-18 08:25:50, 2020-03-18 08:27:06, 0, 论持久战, /upload/news/13c3fd7a58fe4cd78da62d98ab99e4fe.png, 1, https://mp.weixin.qq.com/s/uxmylab7WPz4UuiSK-dLcQ, <<BLOB>>
08:30:40.164 [http-nio-8080-exec-5] DEBUG c.x.g.d.TNewsMapper.selectByExample - <==      Total: 1
08:30:40.179 [http-nio-8080-exec-5] DEBUG c.x.g.d.T.selectCountByExample - ==>  Preparing: SELECT COUNT(id) FROM t_news WHERE ( is_del = ? ) 
08:30:40.179 [http-nio-8080-exec-5] DEBUG c.x.g.d.T.selectCountByExample - ==> Parameters: 0(Integer)
08:30:40.179 [http-nio-8080-exec-5] TRACE c.x.g.d.T.selectCountByExample - <==    Columns: COUNT(id)
08:30:40.179 [http-nio-8080-exec-5] TRACE c.x.g.d.T.selectCountByExample - <==        Row: 1
08:30:40.179 [http-nio-8080-exec-5] DEBUG c.x.g.d.T.selectCountByExample - <==      Total: 1
08:31:01.964 [http-nio-8080-exec-6] WARN  o.s.web.servlet.PageNotFound - No mapping for GET /vue-element-admin/article/list
08:31:01.964 [http-nio-8080-exec-6] ERROR c.x.g.c.interceptor.BackInterceptor - 拦截路径/error
08:31:07.562 [http-nio-8080-exec-7] WARN  o.s.web.servlet.PageNotFound - No mapping for GET /vue-element-admin/article/list
08:31:07.562 [http-nio-8080-exec-7] ERROR c.x.g.c.interceptor.BackInterceptor - 拦截路径/error
08:37:16.395 [http-nio-8080-exec-8] ERROR c.x.g.c.interceptor.BackInterceptor - 拦截路径/ele/admin/info
08:37:16.395 [http-nio-8080-exec-8] INFO  c.x.g.c.back.AdminController - 28C84885D4AE1057AC62C1ED311EAC67ddddddddddcom.xdx.garbage.entity.TAdmin@652bf37
08:37:16.395 [http-nio-8080-exec-8] INFO  c.x.g.c.back.AdminController - 28C84885D4AE1057AC62C1ED311EAC67
08:37:16.832 [http-nio-8080-exec-9] WARN  o.s.web.servlet.PageNotFound - No mapping for GET /undefined
08:37:16.832 [http-nio-8080-exec-9] ERROR c.x.g.c.interceptor.BackInterceptor - 拦截路径/error
08:37:17.144 [http-nio-8080-exec-10] WARN  o.s.web.servlet.PageNotFound - No mapping for GET /vue-element-admin/article/list
08:37:17.144 [http-nio-8080-exec-10] ERROR c.x.g.c.interceptor.BackInterceptor - 拦截路径/error
08:37:22.139 [http-nio-8080-exec-1] ERROR c.x.g.c.interceptor.BackInterceptor - 拦截路径/ele/news/lists
08:37:22.139 [http-nio-8080-exec-1] DEBUG c.x.g.d.T.selectByExample_COUNT - ==>  Preparing: SELECT count(0) FROM t_news WHERE (is_del = ?) 
08:37:22.139 [http-nio-8080-exec-1] DEBUG c.x.g.d.T.selectByExample_COUNT - ==> Parameters: 0(Integer)
08:37:22.139 [http-nio-8080-exec-1] TRACE c.x.g.d.T.selectByExample_COUNT - <==    Columns: count(0)
08:37:22.139 [http-nio-8080-exec-1] TRACE c.x.g.d.T.selectByExample_COUNT - <==        Row: 1
08:37:22.139 [http-nio-8080-exec-1] DEBUG c.x.g.d.T.selectByExample_COUNT - <==      Total: 1
08:37:22.154 [http-nio-8080-exec-1] DEBUG c.x.g.d.TNewsMapper.selectByExample - ==>  Preparing: SELECT id,create_time,update_time,is_del,news_title,photo_src,status,jump_url,news_content FROM t_news WHERE ( is_del = ? ) order by id desc LIMIT ? 
08:37:22.154 [http-nio-8080-exec-1] DEBUG c.x.g.d.TNewsMapper.selectByExample - ==> Parameters: 0(Integer), 20(Integer)
08:37:22.154 [http-nio-8080-exec-1] TRACE c.x.g.d.TNewsMapper.selectByExample - <==    Columns: id, create_time, update_time, is_del, news_title, photo_src, status, jump_url, news_content
08:37:22.154 [http-nio-8080-exec-1] TRACE c.x.g.d.TNewsMapper.selectByExample - <==        Row: 1, 2020-03-18 08:25:50, 2020-03-18 08:27:06, 0, 论持久战, /upload/news/13c3fd7a58fe4cd78da62d98ab99e4fe.png, 1, https://mp.weixin.qq.com/s/uxmylab7WPz4UuiSK-dLcQ, <<BLOB>>
08:37:22.154 [http-nio-8080-exec-1] DEBUG c.x.g.d.TNewsMapper.selectByExample - <==      Total: 1
08:37:22.154 [http-nio-8080-exec-1] DEBUG c.x.g.d.T.selectCountByExample - ==>  Preparing: SELECT COUNT(id) FROM t_news WHERE ( is_del = ? ) 
08:37:22.154 [http-nio-8080-exec-1] DEBUG c.x.g.d.T.selectCountByExample - ==> Parameters: 0(Integer)
08:37:22.154 [http-nio-8080-exec-1] TRACE c.x.g.d.T.selectCountByExample - <==    Columns: COUNT(id)
08:37:22.154 [http-nio-8080-exec-1] TRACE c.x.g.d.T.selectCountByExample - <==        Row: 1
08:37:22.154 [http-nio-8080-exec-1] DEBUG c.x.g.d.T.selectCountByExample - <==      Total: 1
08:37:47.577 [http-nio-8080-exec-2] ERROR c.x.g.c.interceptor.BackInterceptor - 拦截路径/ele/admin/info
08:37:47.577 [http-nio-8080-exec-2] INFO  c.x.g.c.back.AdminController - 28C84885D4AE1057AC62C1ED311EAC67ddddddddddcom.xdx.garbage.entity.TAdmin@652bf37
08:37:47.577 [http-nio-8080-exec-2] INFO  c.x.g.c.back.AdminController - 28C84885D4AE1057AC62C1ED311EAC67
08:37:48.013 [http-nio-8080-exec-3] WARN  o.s.web.servlet.PageNotFound - No mapping for GET /undefined
08:37:48.013 [http-nio-8080-exec-3] ERROR c.x.g.c.interceptor.BackInterceptor - 拦截路径/error
08:37:48.263 [http-nio-8080-exec-4] ERROR c.x.g.c.interceptor.BackInterceptor - 拦截路径/ele/news/lists
08:37:48.279 [http-nio-8080-exec-4] DEBUG c.x.g.d.T.selectByExample_COUNT - ==>  Preparing: SELECT count(0) FROM t_news WHERE (is_del = ?) 
08:37:48.279 [http-nio-8080-exec-4] DEBUG c.x.g.d.T.selectByExample_COUNT - ==> Parameters: 0(Integer)
08:37:48.279 [http-nio-8080-exec-4] TRACE c.x.g.d.T.selectByExample_COUNT - <==    Columns: count(0)
08:37:48.279 [http-nio-8080-exec-4] TRACE c.x.g.d.T.selectByExample_COUNT - <==        Row: 1
08:37:48.279 [http-nio-8080-exec-4] DEBUG c.x.g.d.T.selectByExample_COUNT - <==      Total: 1
08:37:48.279 [http-nio-8080-exec-4] DEBUG c.x.g.d.TNewsMapper.selectByExample - ==>  Preparing: SELECT id,create_time,update_time,is_del,news_title,photo_src,status,jump_url,news_content FROM t_news WHERE ( is_del = ? ) order by id desc LIMIT ? 
08:37:48.279 [http-nio-8080-exec-4] DEBUG c.x.g.d.TNewsMapper.selectByExample - ==> Parameters: 0(Integer), 20(Integer)
08:37:48.279 [http-nio-8080-exec-4] TRACE c.x.g.d.TNewsMapper.selectByExample - <==    Columns: id, create_time, update_time, is_del, news_title, photo_src, status, jump_url, news_content
08:37:48.279 [http-nio-8080-exec-4] TRACE c.x.g.d.TNewsMapper.selectByExample - <==        Row: 1, 2020-03-18 08:25:50, 2020-03-18 08:27:06, 0, 论持久战, /upload/news/13c3fd7a58fe4cd78da62d98ab99e4fe.png, 1, https://mp.weixin.qq.com/s/uxmylab7WPz4UuiSK-dLcQ, <<BLOB>>
08:37:48.279 [http-nio-8080-exec-4] DEBUG c.x.g.d.TNewsMapper.selectByExample - <==      Total: 1
08:37:48.279 [http-nio-8080-exec-4] DEBUG c.x.g.d.T.selectCountByExample - ==>  Preparing: SELECT COUNT(id) FROM t_news WHERE ( is_del = ? ) 
08:37:48.279 [http-nio-8080-exec-4] DEBUG c.x.g.d.T.selectCountByExample - ==> Parameters: 0(Integer)
08:37:48.294 [http-nio-8080-exec-4] TRACE c.x.g.d.T.selectCountByExample - <==    Columns: COUNT(id)
08:37:48.294 [http-nio-8080-exec-4] TRACE c.x.g.d.T.selectCountByExample - <==        Row: 1
08:37:48.294 [http-nio-8080-exec-4] DEBUG c.x.g.d.T.selectCountByExample - <==      Total: 1
08:38:10.026 [http-nio-8080-exec-5] ERROR c.x.g.c.interceptor.BackInterceptor - 拦截路径/ele/admin/info
08:38:10.026 [http-nio-8080-exec-5] INFO  c.x.g.c.back.AdminController - 28C84885D4AE1057AC62C1ED311EAC67ddddddddddcom.xdx.garbage.entity.TAdmin@652bf37
08:38:10.026 [http-nio-8080-exec-5] INFO  c.x.g.c.back.AdminController - 28C84885D4AE1057AC62C1ED311EAC67
08:38:10.431 [http-nio-8080-exec-6] WARN  o.s.web.servlet.PageNotFound - No mapping for GET /undefined
08:38:10.431 [http-nio-8080-exec-6] ERROR c.x.g.c.interceptor.BackInterceptor - 拦截路径/error
08:38:10.681 [http-nio-8080-exec-7] ERROR c.x.g.c.interceptor.BackInterceptor - 拦截路径/ele/news/lists
08:38:10.681 [http-nio-8080-exec-7] DEBUG c.x.g.d.T.selectByExample_COUNT - ==>  Preparing: SELECT count(0) FROM t_news WHERE (is_del = ?) 
08:38:10.681 [http-nio-8080-exec-7] DEBUG c.x.g.d.T.selectByExample_COUNT - ==> Parameters: 0(Integer)
08:38:10.681 [http-nio-8080-exec-7] TRACE c.x.g.d.T.selectByExample_COUNT - <==    Columns: count(0)
08:38:10.681 [http-nio-8080-exec-7] TRACE c.x.g.d.T.selectByExample_COUNT - <==        Row: 1
08:38:10.681 [http-nio-8080-exec-7] DEBUG c.x.g.d.T.selectByExample_COUNT - <==      Total: 1
08:38:10.681 [http-nio-8080-exec-7] DEBUG c.x.g.d.TNewsMapper.selectByExample - ==>  Preparing: SELECT id,create_time,update_time,is_del,news_title,photo_src,status,jump_url,news_content FROM t_news WHERE ( is_del = ? ) order by id desc LIMIT ? 
08:38:10.681 [http-nio-8080-exec-7] DEBUG c.x.g.d.TNewsMapper.selectByExample - ==> Parameters: 0(Integer), 20(Integer)
08:38:10.697 [http-nio-8080-exec-7] TRACE c.x.g.d.TNewsMapper.selectByExample - <==    Columns: id, create_time, update_time, is_del, news_title, photo_src, status, jump_url, news_content
08:38:10.697 [http-nio-8080-exec-7] TRACE c.x.g.d.TNewsMapper.selectByExample - <==        Row: 1, 2020-03-18 08:25:50, 2020-03-18 08:27:06, 0, 论持久战, /upload/news/13c3fd7a58fe4cd78da62d98ab99e4fe.png, 1, https://mp.weixin.qq.com/s/uxmylab7WPz4UuiSK-dLcQ, <<BLOB>>
08:38:10.697 [http-nio-8080-exec-7] DEBUG c.x.g.d.TNewsMapper.selectByExample - <==      Total: 1
08:38:10.712 [http-nio-8080-exec-7] DEBUG c.x.g.d.T.selectCountByExample - ==>  Preparing: SELECT COUNT(id) FROM t_news WHERE ( is_del = ? ) 
08:38:10.712 [http-nio-8080-exec-7] DEBUG c.x.g.d.T.selectCountByExample - ==> Parameters: 0(Integer)
08:38:10.712 [http-nio-8080-exec-7] TRACE c.x.g.d.T.selectCountByExample - <==    Columns: COUNT(id)
08:38:10.712 [http-nio-8080-exec-7] TRACE c.x.g.d.T.selectCountByExample - <==        Row: 1
08:38:10.712 [http-nio-8080-exec-7] DEBUG c.x.g.d.T.selectCountByExample - <==      Total: 1
08:39:39.466 [http-nio-8080-exec-8] ERROR c.x.g.c.interceptor.BackInterceptor - 拦截路径/ele/admin/info
08:39:39.466 [http-nio-8080-exec-8] INFO  c.x.g.c.back.AdminController - 28C84885D4AE1057AC62C1ED311EAC67ddddddddddcom.xdx.garbage.entity.TAdmin@652bf37
08:39:39.466 [http-nio-8080-exec-8] INFO  c.x.g.c.back.AdminController - 28C84885D4AE1057AC62C1ED311EAC67
08:39:39.872 [http-nio-8080-exec-9] WARN  o.s.web.servlet.PageNotFound - No mapping for GET /undefined
08:39:39.872 [http-nio-8080-exec-9] ERROR c.x.g.c.interceptor.BackInterceptor - 拦截路径/error
08:39:40.121 [http-nio-8080-exec-10] ERROR c.x.g.c.interceptor.BackInterceptor - 拦截路径/ele/news/lists
08:39:40.121 [http-nio-8080-exec-10] DEBUG c.x.g.d.T.selectByExample_COUNT - ==>  Preparing: SELECT count(0) FROM t_news WHERE (is_del = ?) 
08:39:40.121 [http-nio-8080-exec-10] DEBUG c.x.g.d.T.selectByExample_COUNT - ==> Parameters: 0(Integer)
08:39:40.121 [http-nio-8080-exec-10] TRACE c.x.g.d.T.selectByExample_COUNT - <==    Columns: count(0)
08:39:40.121 [http-nio-8080-exec-10] TRACE c.x.g.d.T.selectByExample_COUNT - <==        Row: 1
08:39:40.121 [http-nio-8080-exec-10] DEBUG c.x.g.d.T.selectByExample_COUNT - <==      Total: 1
08:39:40.121 [http-nio-8080-exec-10] DEBUG c.x.g.d.TNewsMapper.selectByExample - ==>  Preparing: SELECT id,create_time,update_time,is_del,news_title,photo_src,status,jump_url,news_content FROM t_news WHERE ( is_del = ? ) order by id desc LIMIT ? 
08:39:40.121 [http-nio-8080-exec-10] DEBUG c.x.g.d.TNewsMapper.selectByExample - ==> Parameters: 0(Integer), 20(Integer)
08:39:40.121 [http-nio-8080-exec-10] TRACE c.x.g.d.TNewsMapper.selectByExample - <==    Columns: id, create_time, update_time, is_del, news_title, photo_src, status, jump_url, news_content
08:39:40.121 [http-nio-8080-exec-10] TRACE c.x.g.d.TNewsMapper.selectByExample - <==        Row: 1, 2020-03-18 08:25:50, 2020-03-18 08:27:06, 0, 论持久战, /upload/news/13c3fd7a58fe4cd78da62d98ab99e4fe.png, 1, https://mp.weixin.qq.com/s/uxmylab7WPz4UuiSK-dLcQ, <<BLOB>>
08:39:40.121 [http-nio-8080-exec-10] DEBUG c.x.g.d.TNewsMapper.selectByExample - <==      Total: 1
08:39:40.137 [http-nio-8080-exec-10] DEBUG c.x.g.d.T.selectCountByExample - ==>  Preparing: SELECT COUNT(id) FROM t_news WHERE ( is_del = ? ) 
08:39:40.137 [http-nio-8080-exec-10] DEBUG c.x.g.d.T.selectCountByExample - ==> Parameters: 0(Integer)
08:39:40.137 [http-nio-8080-exec-10] TRACE c.x.g.d.T.selectCountByExample - <==    Columns: COUNT(id)
08:39:40.137 [http-nio-8080-exec-10] TRACE c.x.g.d.T.selectCountByExample - <==        Row: 1
08:39:40.137 [http-nio-8080-exec-10] DEBUG c.x.g.d.T.selectCountByExample - <==      Total: 1
08:39:48.862 [http-nio-8080-exec-1] ERROR c.x.g.c.interceptor.BackInterceptor - 拦截路径/ele/carousel/lists
08:39:48.862 [http-nio-8080-exec-1] DEBUG c.x.g.d.T.selectByExample_COUNT - ==>  Preparing: SELECT count(0) FROM t_carousel WHERE (is_del = ?) 
08:39:48.862 [http-nio-8080-exec-1] DEBUG c.x.g.d.T.selectByExample_COUNT - ==> Parameters: 0(Integer)
08:39:48.862 [http-nio-8080-exec-1] TRACE c.x.g.d.T.selectByExample_COUNT - <==    Columns: count(0)
08:39:48.862 [http-nio-8080-exec-1] TRACE c.x.g.d.T.selectByExample_COUNT - <==        Row: 4
08:39:48.862 [http-nio-8080-exec-1] DEBUG c.x.g.d.T.selectByExample_COUNT - <==      Total: 1
08:39:48.862 [http-nio-8080-exec-1] DEBUG c.x.g.d.T.selectByExample - ==>  Preparing: SELECT id,create_time,update_time,is_del,status,photo_src,jump_url,show_place FROM t_carousel WHERE ( is_del = ? ) order by id desc LIMIT ? 
08:39:48.862 [http-nio-8080-exec-1] DEBUG c.x.g.d.T.selectByExample - ==> Parameters: 0(Integer), 20(Integer)
08:39:48.878 [http-nio-8080-exec-1] TRACE c.x.g.d.T.selectByExample - <==    Columns: id, create_time, update_time, is_del, status, photo_src, jump_url, show_place
08:39:48.878 [http-nio-8080-exec-1] TRACE c.x.g.d.T.selectByExample - <==        Row: 6, 2020-03-14 10:54:18, 2020-03-14 11:57:57, 0, 0, /upload/carousel/28590a411d5f407e9417daeb97550507.png, xxxx, null
08:39:48.878 [http-nio-8080-exec-1] TRACE c.x.g.d.T.selectByExample - <==        Row: 4, 2020-03-14 07:42:04, 2020-03-14 08:41:33, 0, 1, /upload/b7c371f451ac4108b2163c728dd93b2a.jpg, gggggggggg, null
08:39:48.878 [http-nio-8080-exec-1] TRACE c.x.g.d.T.selectByExample - <==        Row: 3, 2020-03-14 07:40:20, null, 0, 0, /upload/aa75d22830954dcb9915d1239befb0cb.jpg, xxxxxxx, null
08:39:48.878 [http-nio-8080-exec-1] TRACE c.x.g.d.T.selectByExample - <==        Row: 2, 2020-03-14 00:37:37, null, 0, 0, /upload/6afeca802b7a4d7e94b3a945ea30c2e4.jpg, dddd, null
08:39:48.878 [http-nio-8080-exec-1] DEBUG c.x.g.d.T.selectByExample - <==      Total: 4
08:39:48.878 [http-nio-8080-exec-1] DEBUG c.x.g.d.T.selectCountByExample - ==>  Preparing: SELECT COUNT(id) FROM t_carousel WHERE ( is_del = ? ) 
08:39:48.878 [http-nio-8080-exec-1] DEBUG c.x.g.d.T.selectCountByExample - ==> Parameters: 0(Integer)
08:39:48.878 [http-nio-8080-exec-1] TRACE c.x.g.d.T.selectCountByExample - <==    Columns: COUNT(id)
08:39:48.878 [http-nio-8080-exec-1] TRACE c.x.g.d.T.selectCountByExample - <==        Row: 4
08:39:48.878 [http-nio-8080-exec-1] DEBUG c.x.g.d.T.selectCountByExample - <==      Total: 1
08:40:19.174 [http-nio-8080-exec-2] ERROR c.x.g.c.interceptor.BackInterceptor - 拦截路径/ele/admin/info
08:40:19.174 [http-nio-8080-exec-2] INFO  c.x.g.c.back.AdminController - 28C84885D4AE1057AC62C1ED311EAC67ddddddddddcom.xdx.garbage.entity.TAdmin@652bf37
08:40:19.174 [http-nio-8080-exec-2] INFO  c.x.g.c.back.AdminController - 28C84885D4AE1057AC62C1ED311EAC67
08:40:19.579 [http-nio-8080-exec-3] WARN  o.s.web.servlet.PageNotFound - No mapping for GET /undefined
08:40:19.579 [http-nio-8080-exec-3] ERROR c.x.g.c.interceptor.BackInterceptor - 拦截路径/error
08:40:19.829 [http-nio-8080-exec-4] ERROR c.x.g.c.interceptor.BackInterceptor - 拦截路径/ele/carousel/lists
08:40:19.845 [http-nio-8080-exec-4] DEBUG c.x.g.d.T.selectByExample_COUNT - ==>  Preparing: SELECT count(0) FROM t_carousel WHERE (is_del = ?) 
08:40:19.845 [http-nio-8080-exec-4] DEBUG c.x.g.d.T.selectByExample_COUNT - ==> Parameters: 0(Integer)
08:40:19.845 [http-nio-8080-exec-4] TRACE c.x.g.d.T.selectByExample_COUNT - <==    Columns: count(0)
08:40:19.845 [http-nio-8080-exec-4] TRACE c.x.g.d.T.selectByExample_COUNT - <==        Row: 4
08:40:19.845 [http-nio-8080-exec-4] DEBUG c.x.g.d.T.selectByExample_COUNT - <==      Total: 1
08:40:19.845 [http-nio-8080-exec-4] DEBUG c.x.g.d.T.selectByExample - ==>  Preparing: SELECT id,create_time,update_time,is_del,status,photo_src,jump_url,show_place FROM t_carousel WHERE ( is_del = ? ) order by id desc LIMIT ? 
08:40:19.845 [http-nio-8080-exec-4] DEBUG c.x.g.d.T.selectByExample - ==> Parameters: 0(Integer), 20(Integer)
08:40:19.845 [http-nio-8080-exec-4] TRACE c.x.g.d.T.selectByExample - <==    Columns: id, create_time, update_time, is_del, status, photo_src, jump_url, show_place
08:40:19.845 [http-nio-8080-exec-4] TRACE c.x.g.d.T.selectByExample - <==        Row: 6, 2020-03-14 10:54:18, 2020-03-14 11:57:57, 0, 0, /upload/carousel/28590a411d5f407e9417daeb97550507.png, xxxx, null
08:40:19.845 [http-nio-8080-exec-4] TRACE c.x.g.d.T.selectByExample - <==        Row: 4, 2020-03-14 07:42:04, 2020-03-14 08:41:33, 0, 1, /upload/b7c371f451ac4108b2163c728dd93b2a.jpg, gggggggggg, null
08:40:19.845 [http-nio-8080-exec-4] TRACE c.x.g.d.T.selectByExample - <==        Row: 3, 2020-03-14 07:40:20, null, 0, 0, /upload/aa75d22830954dcb9915d1239befb0cb.jpg, xxxxxxx, null
08:40:19.845 [http-nio-8080-exec-4] TRACE c.x.g.d.T.selectByExample - <==        Row: 2, 2020-03-14 00:37:37, null, 0, 0, /upload/6afeca802b7a4d7e94b3a945ea30c2e4.jpg, dddd, null
08:40:19.845 [http-nio-8080-exec-4] DEBUG c.x.g.d.T.selectByExample - <==      Total: 4
08:40:19.860 [http-nio-8080-exec-4] DEBUG c.x.g.d.T.selectCountByExample - ==>  Preparing: SELECT COUNT(id) FROM t_carousel WHERE ( is_del = ? ) 
08:40:19.860 [http-nio-8080-exec-4] DEBUG c.x.g.d.T.selectCountByExample - ==> Parameters: 0(Integer)
08:40:19.860 [http-nio-8080-exec-4] TRACE c.x.g.d.T.selectCountByExample - <==    Columns: COUNT(id)
08:40:19.860 [http-nio-8080-exec-4] TRACE c.x.g.d.T.selectCountByExample - <==        Row: 4
08:40:19.860 [http-nio-8080-exec-4] DEBUG c.x.g.d.T.selectCountByExample - <==      Total: 1
08:45:25.174 [http-nio-8080-exec-5] ERROR c.x.g.c.interceptor.BackInterceptor - 拦截路径/ele/admin/info
08:45:25.174 [http-nio-8080-exec-5] INFO  c.x.g.c.back.AdminController - 28C84885D4AE1057AC62C1ED311EAC67ddddddddddcom.xdx.garbage.entity.TAdmin@652bf37
08:45:25.174 [http-nio-8080-exec-5] INFO  c.x.g.c.back.AdminController - 28C84885D4AE1057AC62C1ED311EAC67
08:45:25.611 [http-nio-8080-exec-6] WARN  o.s.web.servlet.PageNotFound - No mapping for GET /undefined
08:45:25.611 [http-nio-8080-exec-6] ERROR c.x.g.c.interceptor.BackInterceptor - 拦截路径/error
08:45:25.860 [http-nio-8080-exec-7] ERROR c.x.g.c.interceptor.BackInterceptor - 拦截路径/ele/carousel/lists
08:45:25.860 [http-nio-8080-exec-7] DEBUG c.x.g.d.T.selectByExample_COUNT - ==>  Preparing: SELECT count(0) FROM t_carousel WHERE (is_del = ?) 
08:45:25.860 [http-nio-8080-exec-7] DEBUG c.x.g.d.T.selectByExample_COUNT - ==> Parameters: 0(Integer)
08:45:25.860 [http-nio-8080-exec-7] TRACE c.x.g.d.T.selectByExample_COUNT - <==    Columns: count(0)
08:45:25.860 [http-nio-8080-exec-7] TRACE c.x.g.d.T.selectByExample_COUNT - <==        Row: 4
08:45:25.860 [http-nio-8080-exec-7] DEBUG c.x.g.d.T.selectByExample_COUNT - <==      Total: 1
08:45:25.860 [http-nio-8080-exec-7] DEBUG c.x.g.d.T.selectByExample - ==>  Preparing: SELECT id,create_time,update_time,is_del,status,photo_src,jump_url,show_place FROM t_carousel WHERE ( is_del = ? ) order by id desc LIMIT ? 
08:45:25.860 [http-nio-8080-exec-7] DEBUG c.x.g.d.T.selectByExample - ==> Parameters: 0(Integer), 20(Integer)
08:45:25.860 [http-nio-8080-exec-7] TRACE c.x.g.d.T.selectByExample - <==    Columns: id, create_time, update_time, is_del, status, photo_src, jump_url, show_place
08:45:25.860 [http-nio-8080-exec-7] TRACE c.x.g.d.T.selectByExample - <==        Row: 6, 2020-03-14 10:54:18, 2020-03-14 11:57:57, 0, 0, /upload/carousel/28590a411d5f407e9417daeb97550507.png, xxxx, null
08:45:25.860 [http-nio-8080-exec-7] TRACE c.x.g.d.T.selectByExample - <==        Row: 4, 2020-03-14 07:42:04, 2020-03-14 08:41:33, 0, 1, /upload/b7c371f451ac4108b2163c728dd93b2a.jpg, gggggggggg, null
08:45:25.860 [http-nio-8080-exec-7] TRACE c.x.g.d.T.selectByExample - <==        Row: 3, 2020-03-14 07:40:20, null, 0, 0, /upload/aa75d22830954dcb9915d1239befb0cb.jpg, xxxxxxx, null
08:45:25.860 [http-nio-8080-exec-7] TRACE c.x.g.d.T.selectByExample - <==        Row: 2, 2020-03-14 00:37:37, null, 0, 0, /upload/6afeca802b7a4d7e94b3a945ea30c2e4.jpg, dddd, null
08:45:25.860 [http-nio-8080-exec-7] DEBUG c.x.g.d.T.selectByExample - <==      Total: 4
08:45:25.876 [http-nio-8080-exec-7] DEBUG c.x.g.d.T.selectCountByExample - ==>  Preparing: SELECT COUNT(id) FROM t_carousel WHERE ( is_del = ? ) 
08:45:25.876 [http-nio-8080-exec-7] DEBUG c.x.g.d.T.selectCountByExample - ==> Parameters: 0(Integer)
08:45:25.876 [http-nio-8080-exec-7] TRACE c.x.g.d.T.selectCountByExample - <==    Columns: COUNT(id)
08:45:25.876 [http-nio-8080-exec-7] TRACE c.x.g.d.T.selectCountByExample - <==        Row: 4
08:45:25.876 [http-nio-8080-exec-7] DEBUG c.x.g.d.T.selectCountByExample - <==      Total: 1
08:52:58.631 [http-nio-8080-exec-8] ERROR c.x.g.c.interceptor.BackInterceptor - 拦截路径/ele/admin/info
08:52:58.631 [http-nio-8080-exec-8] INFO  c.x.g.c.back.AdminController - 28C84885D4AE1057AC62C1ED311EAC67ddddddddddcom.xdx.garbage.entity.TAdmin@652bf37
08:52:58.631 [http-nio-8080-exec-8] INFO  c.x.g.c.back.AdminController - 28C84885D4AE1057AC62C1ED311EAC67
08:52:59.084 [http-nio-8080-exec-9] WARN  o.s.web.servlet.PageNotFound - No mapping for GET /undefined
08:52:59.084 [http-nio-8080-exec-9] ERROR c.x.g.c.interceptor.BackInterceptor - 拦截路径/error
08:52:59.349 [http-nio-8080-exec-10] ERROR c.x.g.c.interceptor.BackInterceptor - 拦截路径/ele/carousel/lists
08:52:59.349 [http-nio-8080-exec-10] DEBUG c.x.g.d.T.selectByExample_COUNT - ==>  Preparing: SELECT count(0) FROM t_carousel WHERE (is_del = ?) 
08:52:59.349 [http-nio-8080-exec-10] DEBUG c.x.g.d.T.selectByExample_COUNT - ==> Parameters: 0(Integer)
08:52:59.349 [http-nio-8080-exec-10] TRACE c.x.g.d.T.selectByExample_COUNT - <==    Columns: count(0)
08:52:59.349 [http-nio-8080-exec-10] TRACE c.x.g.d.T.selectByExample_COUNT - <==        Row: 4
08:52:59.349 [http-nio-8080-exec-10] DEBUG c.x.g.d.T.selectByExample_COUNT - <==      Total: 1
08:52:59.349 [http-nio-8080-exec-10] DEBUG c.x.g.d.T.selectByExample - ==>  Preparing: SELECT id,create_time,update_time,is_del,status,photo_src,jump_url,show_place FROM t_carousel WHERE ( is_del = ? ) order by id desc LIMIT ? 
08:52:59.349 [http-nio-8080-exec-10] DEBUG c.x.g.d.T.selectByExample - ==> Parameters: 0(Integer), 20(Integer)
08:52:59.349 [http-nio-8080-exec-10] TRACE c.x.g.d.T.selectByExample - <==    Columns: id, create_time, update_time, is_del, status, photo_src, jump_url, show_place
08:52:59.349 [http-nio-8080-exec-10] TRACE c.x.g.d.T.selectByExample - <==        Row: 6, 2020-03-14 10:54:18, 2020-03-14 11:57:57, 0, 0, /upload/carousel/28590a411d5f407e9417daeb97550507.png, xxxx, null
08:52:59.349 [http-nio-8080-exec-10] TRACE c.x.g.d.T.selectByExample - <==        Row: 4, 2020-03-14 07:42:04, 2020-03-14 08:41:33, 0, 1, /upload/b7c371f451ac4108b2163c728dd93b2a.jpg, gggggggggg, null
08:52:59.349 [http-nio-8080-exec-10] TRACE c.x.g.d.T.selectByExample - <==        Row: 3, 2020-03-14 07:40:20, null, 0, 0, /upload/aa75d22830954dcb9915d1239befb0cb.jpg, xxxxxxx, null
08:52:59.349 [http-nio-8080-exec-10] TRACE c.x.g.d.T.selectByExample - <==        Row: 2, 2020-03-14 00:37:37, null, 0, 0, /upload/6afeca802b7a4d7e94b3a945ea30c2e4.jpg, dddd, null
08:52:59.349 [http-nio-8080-exec-10] DEBUG c.x.g.d.T.selectByExample - <==      Total: 4
08:52:59.364 [http-nio-8080-exec-10] DEBUG c.x.g.d.T.selectCountByExample - ==>  Preparing: SELECT COUNT(id) FROM t_carousel WHERE ( is_del = ? ) 
08:52:59.364 [http-nio-8080-exec-10] DEBUG c.x.g.d.T.selectCountByExample - ==> Parameters: 0(Integer)
08:52:59.364 [http-nio-8080-exec-10] TRACE c.x.g.d.T.selectCountByExample - <==    Columns: COUNT(id)
08:52:59.364 [http-nio-8080-exec-10] TRACE c.x.g.d.T.selectCountByExample - <==        Row: 4
08:52:59.364 [http-nio-8080-exec-10] DEBUG c.x.g.d.T.selectCountByExample - <==      Total: 1
08:53:41.812 [http-nio-8080-exec-1] ERROR c.x.g.c.interceptor.BackInterceptor - 拦截路径/ele/admin/info
08:53:41.812 [http-nio-8080-exec-1] INFO  c.x.g.c.back.AdminController - 28C84885D4AE1057AC62C1ED311EAC67ddddddddddcom.xdx.garbage.entity.TAdmin@652bf37
08:53:41.812 [http-nio-8080-exec-1] INFO  c.x.g.c.back.AdminController - 28C84885D4AE1057AC62C1ED311EAC67
08:53:42.280 [http-nio-8080-exec-2] WARN  o.s.web.servlet.PageNotFound - No mapping for GET /undefined
08:53:42.280 [http-nio-8080-exec-2] ERROR c.x.g.c.interceptor.BackInterceptor - 拦截路径/error
08:53:42.539 [http-nio-8080-exec-3] ERROR c.x.g.c.interceptor.BackInterceptor - 拦截路径/ele/carousel/lists
08:53:42.555 [http-nio-8080-exec-3] DEBUG c.x.g.d.T.selectByExample_COUNT - ==>  Preparing: SELECT count(0) FROM t_carousel WHERE (is_del = ?) 
08:53:42.555 [http-nio-8080-exec-3] DEBUG c.x.g.d.T.selectByExample_COUNT - ==> Parameters: 0(Integer)
08:53:42.555 [http-nio-8080-exec-3] TRACE c.x.g.d.T.selectByExample_COUNT - <==    Columns: count(0)
08:53:42.555 [http-nio-8080-exec-3] TRACE c.x.g.d.T.selectByExample_COUNT - <==        Row: 4
08:53:42.555 [http-nio-8080-exec-3] DEBUG c.x.g.d.T.selectByExample_COUNT - <==      Total: 1
08:53:42.555 [http-nio-8080-exec-3] DEBUG c.x.g.d.T.selectByExample - ==>  Preparing: SELECT id,create_time,update_time,is_del,status,photo_src,jump_url,show_place FROM t_carousel WHERE ( is_del = ? ) order by id desc LIMIT ? 
08:53:42.555 [http-nio-8080-exec-3] DEBUG c.x.g.d.T.selectByExample - ==> Parameters: 0(Integer), 20(Integer)
08:53:42.555 [http-nio-8080-exec-3] TRACE c.x.g.d.T.selectByExample - <==    Columns: id, create_time, update_time, is_del, status, photo_src, jump_url, show_place
08:53:42.555 [http-nio-8080-exec-3] TRACE c.x.g.d.T.selectByExample - <==        Row: 6, 2020-03-14 10:54:18, 2020-03-14 11:57:57, 0, 0, /upload/carousel/28590a411d5f407e9417daeb97550507.png, xxxx, null
08:53:42.555 [http-nio-8080-exec-3] TRACE c.x.g.d.T.selectByExample - <==        Row: 4, 2020-03-14 07:42:04, 2020-03-14 08:41:33, 0, 1, /upload/b7c371f451ac4108b2163c728dd93b2a.jpg, gggggggggg, null
08:53:42.555 [http-nio-8080-exec-3] TRACE c.x.g.d.T.selectByExample - <==        Row: 3, 2020-03-14 07:40:20, null, 0, 0, /upload/aa75d22830954dcb9915d1239befb0cb.jpg, xxxxxxx, null
08:53:42.555 [http-nio-8080-exec-3] TRACE c.x.g.d.T.selectByExample - <==        Row: 2, 2020-03-14 00:37:37, null, 0, 0, /upload/6afeca802b7a4d7e94b3a945ea30c2e4.jpg, dddd, null
08:53:42.555 [http-nio-8080-exec-3] DEBUG c.x.g.d.T.selectByExample - <==      Total: 4
08:53:42.571 [http-nio-8080-exec-3] DEBUG c.x.g.d.T.selectCountByExample - ==>  Preparing: SELECT COUNT(id) FROM t_carousel WHERE ( is_del = ? ) 
08:53:42.571 [http-nio-8080-exec-3] DEBUG c.x.g.d.T.selectCountByExample - ==> Parameters: 0(Integer)
08:53:42.571 [http-nio-8080-exec-3] TRACE c.x.g.d.T.selectCountByExample - <==    Columns: COUNT(id)
08:53:42.571 [http-nio-8080-exec-3] TRACE c.x.g.d.T.selectCountByExample - <==        Row: 4
08:53:42.571 [http-nio-8080-exec-3] DEBUG c.x.g.d.T.selectCountByExample - <==      Total: 1
08:53:42.633 [http-nio-8080-exec-4] ERROR c.x.g.c.interceptor.BackInterceptor - 拦截路径/error
08:53:42.649 [http-nio-8080-exec-5] ERROR c.x.g.c.interceptor.BackInterceptor - 拦截路径/error
08:53:42.664 [http-nio-8080-exec-6] ERROR c.x.g.c.interceptor.BackInterceptor - 拦截路径/error
08:53:42.664 [http-nio-8080-exec-7] ERROR c.x.g.c.interceptor.BackInterceptor - 拦截路径/error
08:55:38.866 [http-nio-8080-exec-8] ERROR c.x.g.c.interceptor.BackInterceptor - 拦截路径/ele/admin/info
08:55:38.866 [http-nio-8080-exec-8] INFO  c.x.g.c.back.AdminController - 28C84885D4AE1057AC62C1ED311EAC67ddddddddddcom.xdx.garbage.entity.TAdmin@652bf37
08:55:38.866 [http-nio-8080-exec-8] INFO  c.x.g.c.back.AdminController - 28C84885D4AE1057AC62C1ED311EAC67
08:55:39.349 [http-nio-8080-exec-9] WARN  o.s.web.servlet.PageNotFound - No mapping for GET /undefined
08:55:39.349 [http-nio-8080-exec-9] ERROR c.x.g.c.interceptor.BackInterceptor - 拦截路径/error
08:55:39.599 [http-nio-8080-exec-10] ERROR c.x.g.c.interceptor.BackInterceptor - 拦截路径/ele/carousel/lists
08:55:39.615 [http-nio-8080-exec-10] DEBUG c.x.g.d.T.selectByExample_COUNT - ==>  Preparing: SELECT count(0) FROM t_carousel WHERE (is_del = ?) 
08:55:39.615 [http-nio-8080-exec-10] DEBUG c.x.g.d.T.selectByExample_COUNT - ==> Parameters: 0(Integer)
08:55:39.615 [http-nio-8080-exec-10] TRACE c.x.g.d.T.selectByExample_COUNT - <==    Columns: count(0)
08:55:39.615 [http-nio-8080-exec-10] TRACE c.x.g.d.T.selectByExample_COUNT - <==        Row: 4
08:55:39.615 [http-nio-8080-exec-10] DEBUG c.x.g.d.T.selectByExample_COUNT - <==      Total: 1
08:55:39.615 [http-nio-8080-exec-10] DEBUG c.x.g.d.T.selectByExample - ==>  Preparing: SELECT id,create_time,update_time,is_del,status,photo_src,jump_url,show_place FROM t_carousel WHERE ( is_del = ? ) order by id desc LIMIT ? 
08:55:39.615 [http-nio-8080-exec-10] DEBUG c.x.g.d.T.selectByExample - ==> Parameters: 0(Integer), 20(Integer)
08:55:39.615 [http-nio-8080-exec-10] TRACE c.x.g.d.T.selectByExample - <==    Columns: id, create_time, update_time, is_del, status, photo_src, jump_url, show_place
08:55:39.615 [http-nio-8080-exec-10] TRACE c.x.g.d.T.selectByExample - <==        Row: 6, 2020-03-14 10:54:18, 2020-03-14 11:57:57, 0, 0, /upload/carousel/28590a411d5f407e9417daeb97550507.png, xxxx, null
08:55:39.615 [http-nio-8080-exec-10] TRACE c.x.g.d.T.selectByExample - <==        Row: 4, 2020-03-14 07:42:04, 2020-03-14 08:41:33, 0, 1, /upload/b7c371f451ac4108b2163c728dd93b2a.jpg, gggggggggg, null
08:55:39.615 [http-nio-8080-exec-10] TRACE c.x.g.d.T.selectByExample - <==        Row: 3, 2020-03-14 07:40:20, null, 0, 0, /upload/aa75d22830954dcb9915d1239befb0cb.jpg, xxxxxxx, null
08:55:39.615 [http-nio-8080-exec-10] TRACE c.x.g.d.T.selectByExample - <==        Row: 2, 2020-03-14 00:37:37, null, 0, 0, /upload/6afeca802b7a4d7e94b3a945ea30c2e4.jpg, dddd, null
08:55:39.615 [http-nio-8080-exec-10] DEBUG c.x.g.d.T.selectByExample - <==      Total: 4
08:55:39.630 [http-nio-8080-exec-10] DEBUG c.x.g.d.T.selectCountByExample - ==>  Preparing: SELECT COUNT(id) FROM t_carousel WHERE ( is_del = ? ) 
08:55:39.630 [http-nio-8080-exec-10] DEBUG c.x.g.d.T.selectCountByExample - ==> Parameters: 0(Integer)
08:55:39.630 [http-nio-8080-exec-10] TRACE c.x.g.d.T.selectCountByExample - <==    Columns: COUNT(id)
08:55:39.630 [http-nio-8080-exec-10] TRACE c.x.g.d.T.selectCountByExample - <==        Row: 4
08:55:39.630 [http-nio-8080-exec-10] DEBUG c.x.g.d.T.selectCountByExample - <==      Total: 1
08:55:52.105 [http-nio-8080-exec-1] ERROR c.x.g.c.interceptor.BackInterceptor - 拦截路径/ele/news/lists
08:55:52.105 [http-nio-8080-exec-1] DEBUG c.x.g.d.T.selectByExample_COUNT - ==>  Preparing: SELECT count(0) FROM t_news WHERE (is_del = ?) 
08:55:52.105 [http-nio-8080-exec-1] DEBUG c.x.g.d.T.selectByExample_COUNT - ==> Parameters: 0(Integer)
08:55:52.105 [http-nio-8080-exec-1] TRACE c.x.g.d.T.selectByExample_COUNT - <==    Columns: count(0)
08:55:52.105 [http-nio-8080-exec-1] TRACE c.x.g.d.T.selectByExample_COUNT - <==        Row: 1
08:55:52.105 [http-nio-8080-exec-1] DEBUG c.x.g.d.T.selectByExample_COUNT - <==      Total: 1
08:55:52.105 [http-nio-8080-exec-1] DEBUG c.x.g.d.TNewsMapper.selectByExample - ==>  Preparing: SELECT id,create_time,update_time,is_del,news_title,photo_src,status,jump_url,news_content FROM t_news WHERE ( is_del = ? ) order by id desc LIMIT ? 
08:55:52.105 [http-nio-8080-exec-1] DEBUG c.x.g.d.TNewsMapper.selectByExample - ==> Parameters: 0(Integer), 20(Integer)
08:55:52.105 [http-nio-8080-exec-1] TRACE c.x.g.d.TNewsMapper.selectByExample - <==    Columns: id, create_time, update_time, is_del, news_title, photo_src, status, jump_url, news_content
08:55:52.105 [http-nio-8080-exec-1] TRACE c.x.g.d.TNewsMapper.selectByExample - <==        Row: 1, 2020-03-18 08:25:50, 2020-03-18 08:27:06, 0, 论持久战, /upload/news/13c3fd7a58fe4cd78da62d98ab99e4fe.png, 1, https://mp.weixin.qq.com/s/uxmylab7WPz4UuiSK-dLcQ, <<BLOB>>
08:55:52.105 [http-nio-8080-exec-1] DEBUG c.x.g.d.TNewsMapper.selectByExample - <==      Total: 1
08:55:52.120 [http-nio-8080-exec-1] DEBUG c.x.g.d.T.selectCountByExample - ==>  Preparing: SELECT COUNT(id) FROM t_news WHERE ( is_del = ? ) 
08:55:52.120 [http-nio-8080-exec-1] DEBUG c.x.g.d.T.selectCountByExample - ==> Parameters: 0(Integer)
08:55:52.120 [http-nio-8080-exec-1] TRACE c.x.g.d.T.selectCountByExample - <==    Columns: COUNT(id)
08:55:52.120 [http-nio-8080-exec-1] TRACE c.x.g.d.T.selectCountByExample - <==        Row: 1
08:55:52.120 [http-nio-8080-exec-1] DEBUG c.x.g.d.T.selectCountByExample - <==      Total: 1
