08:14:54.672 [main] INFO  com.xdx.garbage.GarbageApplication - Starting GarbageApplication on PC-2019HWL with PID 884 (D:\xdxgit\my-project\garbage\target\classes started by Administrator in D:\xdxgit\my-project\garbage)
08:14:54.674 [main] INFO  com.xdx.garbage.GarbageApplication - The following profiles are active: dev
08:14:56.762 [main] WARN  o.m.s.mapper.ClassPathMapperScanner - No MyBatis mapper was found in '[com.xdx.garbage]' package. Please check your configuration.
08:14:57.267 [main] INFO  o.s.b.w.e.tomcat.TomcatWebServer - Tomcat initialized with port(s): 8080 (http)
08:14:57.279 [main] INFO  o.a.coyote.http11.Http11NioProtocol - Initializing ProtocolHandler ["http-nio-8080"]
08:14:57.280 [main] INFO  o.a.catalina.core.StandardService - Starting service [Tomcat]
08:14:57.280 [main] INFO  o.a.catalina.core.StandardEngine - Starting Servlet engine: [Apache Tomcat/9.0.31]
08:14:57.401 [main] INFO  o.a.c.c.C.[Tomcat].[localhost].[/] - Initializing Spring embedded WebApplicationContext
08:14:57.401 [main] INFO  o.s.web.context.ContextLoader - Root WebApplicationContext: initialization completed in 2627 ms
08:14:57.565 [main] INFO  c.a.d.s.b.a.DruidDataSourceAutoConfigure - Init DruidDataSource
08:14:58.694 [main] INFO  com.xdx.garbage.druid.CustomFilter - 连接开始前
08:14:58.929 [main] INFO  com.xdx.garbage.druid.CustomFilter - 连接连接结束后
08:14:58.932 [main] INFO  com.xdx.garbage.druid.CustomFilter - 连接开始前
08:14:58.945 [main] INFO  com.xdx.garbage.druid.CustomFilter - 连接连接结束后
08:14:58.947 [main] INFO  com.xdx.garbage.druid.CustomFilter - 连接开始前
08:14:58.957 [main] INFO  com.xdx.garbage.druid.CustomFilter - 连接连接结束后
08:14:58.958 [main] INFO  com.xdx.garbage.druid.CustomFilter - 连接开始前
08:14:58.968 [main] INFO  com.xdx.garbage.druid.CustomFilter - 连接连接结束后
08:14:58.969 [main] INFO  com.xdx.garbage.druid.CustomFilter - 连接开始前
08:14:58.979 [main] INFO  com.xdx.garbage.druid.CustomFilter - 连接连接结束后
08:14:58.982 [main] INFO  c.alibaba.druid.pool.DruidDataSource - {dataSource-1} inited
08:15:00.156 [main] INFO  o.s.s.c.ThreadPoolTaskExecutor - Initializing ExecutorService
08:15:00.158 [main] INFO  o.s.s.c.ThreadPoolTaskExecutor - Initializing ExecutorService 'asyncServiceExecutor'
08:15:00.382 [main] INFO  o.a.coyote.http11.Http11NioProtocol - Starting ProtocolHandler ["http-nio-8080"]
08:15:00.413 [main] INFO  o.s.b.w.e.tomcat.TomcatWebServer - Tomcat started on port(s): 8080 (http) with context path ''
08:15:00.417 [main] INFO  com.xdx.garbage.GarbageApplication - Started GarbageApplication in 6.274 seconds (JVM running for 9.205)
08:15:06.908 [http-nio-8080-exec-3] INFO  o.a.c.c.C.[Tomcat].[localhost].[/] - Initializing Spring DispatcherServlet 'dispatcherServlet'
08:15:06.908 [http-nio-8080-exec-3] INFO  o.s.web.servlet.DispatcherServlet - Initializing Servlet 'dispatcherServlet'
08:15:06.917 [http-nio-8080-exec-3] INFO  o.s.web.servlet.DispatcherServlet - Completed initialization in 9 ms
08:15:06.950 [http-nio-8080-exec-2] ERROR c.x.g.c.interceptor.BackInterceptor - 拦截路径/error
08:15:07.331 [http-nio-8080-exec-1] INFO  c.x.g.c.mini.IndexController - wx591ae471bd6ee7ad
08:15:07.331 [http-nio-8080-exec-1] INFO  c.x.g.c.mini.IndexController - fa762c002f452c5df06c2a4be070cb8d
08:15:07.832 [http-nio-8080-exec-1] DEBUG c.x.g.dao.TUserMapper.selectOne - ==>  Preparing: SELECT id,create_time,update_time,is_del,open_id,nick_name,house_id,house_detail,balance,phone,user_role FROM t_user WHERE open_id = ? 
08:15:07.914 [http-nio-8080-exec-1] DEBUG c.x.g.dao.TUserMapper.selectOne - ==> Parameters: oqYVK5ETZ7sBkFXrW5NcIVdmh8EQ(String)
08:15:07.952 [http-nio-8080-exec-1] TRACE c.x.g.dao.TUserMapper.selectOne - <==    Columns: id, create_time, update_time, is_del, open_id, nick_name, house_id, house_detail, balance, phone, user_role
08:15:07.953 [http-nio-8080-exec-1] TRACE c.x.g.dao.TUserMapper.selectOne - <==        Row: 1, 2020-03-25 22:12:40, null, 0, oqYVK5ETZ7sBkFXrW5NcIVdmh8EQ, null, null, null, 0.00, null, 'user'
08:15:07.956 [http-nio-8080-exec-1] DEBUG c.x.g.dao.TUserMapper.selectOne - <==      Total: 1
08:15:07.966 [http-nio-8080-exec-1] DEBUG c.x.g.dao.TUserMapper.selectOne - ==>  Preparing: SELECT id,create_time,update_time,is_del,open_id,nick_name,house_id,house_detail,balance,phone,user_role FROM t_user WHERE id = ? 
08:15:07.968 [http-nio-8080-exec-1] DEBUG c.x.g.dao.TUserMapper.selectOne - ==> Parameters: 1(Long)
08:15:07.970 [http-nio-8080-exec-1] TRACE c.x.g.dao.TUserMapper.selectOne - <==    Columns: id, create_time, update_time, is_del, open_id, nick_name, house_id, house_detail, balance, phone, user_role
08:15:07.970 [http-nio-8080-exec-1] TRACE c.x.g.dao.TUserMapper.selectOne - <==        Row: 1, 2020-03-25 22:12:40, null, 0, oqYVK5ETZ7sBkFXrW5NcIVdmh8EQ, null, null, null, 0.00, null, 'user'
08:15:07.970 [http-nio-8080-exec-1] DEBUG c.x.g.dao.TUserMapper.selectOne - <==      Total: 1
08:25:10.114 [http-nio-8080-exec-8] DEBUG c.x.g.d.T.selectByExample - ==>  Preparing: SELECT id,create_time,update_time,is_del,status,photo_src,jump_url,show_place FROM t_carousel WHERE ( is_del = ? ) order by id desc 
08:25:10.118 [http-nio-8080-exec-8] DEBUG c.x.g.d.T.selectByExample - ==> Parameters: 0(Integer)
08:25:10.123 [http-nio-8080-exec-8] TRACE c.x.g.d.T.selectByExample - <==    Columns: id, create_time, update_time, is_del, status, photo_src, jump_url, show_place
08:25:10.124 [http-nio-8080-exec-8] TRACE c.x.g.d.T.selectByExample - <==        Row: 6, 2020-03-14 10:54:18, 2020-03-14 11:57:57, 0, 0, /upload/carousel/28590a411d5f407e9417daeb97550507.png, xxxx, null
08:25:10.124 [http-nio-8080-exec-8] TRACE c.x.g.d.T.selectByExample - <==        Row: 4, 2020-03-14 07:42:04, 2020-03-14 08:41:33, 0, 1, /upload/b7c371f451ac4108b2163c728dd93b2a.jpg, gggggggggg, null
08:25:10.125 [http-nio-8080-exec-8] TRACE c.x.g.d.T.selectByExample - <==        Row: 3, 2020-03-14 07:40:20, null, 0, 0, /upload/aa75d22830954dcb9915d1239befb0cb.jpg, xxxxxxx, null
08:25:10.126 [http-nio-8080-exec-8] TRACE c.x.g.d.T.selectByExample - <==        Row: 2, 2020-03-14 00:37:37, null, 0, 0, /upload/6afeca802b7a4d7e94b3a945ea30c2e4.jpg, dddd, null
08:25:10.126 [http-nio-8080-exec-8] DEBUG c.x.g.d.T.selectByExample - <==      Total: 4
08:25:10.151 [http-nio-8080-exec-6] DEBUG c.x.g.d.T.selectByExample_COUNT - ==>  Preparing: SELECT count(0) FROM t_news WHERE (is_del = ?) 
08:25:10.153 [http-nio-8080-exec-6] DEBUG c.x.g.d.T.selectByExample_COUNT - ==> Parameters: 0(Integer)
08:25:10.160 [http-nio-8080-exec-6] TRACE c.x.g.d.T.selectByExample_COUNT - <==    Columns: count(0)
08:25:10.160 [http-nio-8080-exec-6] TRACE c.x.g.d.T.selectByExample_COUNT - <==        Row: 2
08:25:10.160 [http-nio-8080-exec-6] DEBUG c.x.g.d.T.selectByExample_COUNT - <==      Total: 1
08:25:10.163 [http-nio-8080-exec-6] DEBUG c.x.g.d.TNewsMapper.selectByExample - ==>  Preparing: SELECT id,create_time,update_time,is_del,news_title,photo_src,status,jump_url,news_content,read_num FROM t_news WHERE ( is_del = ? ) order by id asc LIMIT ? 
08:25:10.164 [http-nio-8080-exec-6] DEBUG c.x.g.d.TNewsMapper.selectByExample - ==> Parameters: 0(Integer), 10(Integer)
08:25:10.167 [http-nio-8080-exec-6] TRACE c.x.g.d.TNewsMapper.selectByExample - <==    Columns: id, create_time, update_time, is_del, news_title, photo_src, status, jump_url, news_content, read_num
08:25:10.167 [http-nio-8080-exec-6] TRACE c.x.g.d.TNewsMapper.selectByExample - <==        Row: 1, 2020-03-18 08:25:50, 2020-03-18 08:27:06, 0, 论持久战，什么才是必须的，什么是暂时的, /upload/news/13c3fd7a58fe4cd78da62d98ab99e4fe.png, 1, https://mp.weixin.qq.com/s/uxmylab7WPz4UuiSK-dLcQ, <<BLOB>>, 99
08:25:10.168 [http-nio-8080-exec-6] TRACE c.x.g.d.TNewsMapper.selectByExample - <==        Row: 2, 2020-03-29 17:56:28, null, 0, 垃圾回收，利在千秋万代，积极参与, /upload/news/97c0812c5ecc4bbda756cd6e59dbcfea.jpg, 0, #, <<BLOB>>, 99
08:25:10.169 [http-nio-8080-exec-6] DEBUG c.x.g.d.TNewsMapper.selectByExample - <==      Total: 2
08:25:17.928 [http-nio-8080-exec-5] ERROR c.x.g.c.interceptor.BackInterceptor - 拦截路径/error
08:29:41.446 [http-nio-8080-exec-1] ERROR c.x.g.c.interceptor.BackInterceptor - 拦截路径/error
08:41:36.851 [http-nio-8080-exec-6] ERROR c.x.g.c.interceptor.BackInterceptor - 拦截路径/error
08:41:59.138 [http-nio-8080-exec-9] ERROR c.x.g.c.interceptor.BackInterceptor - 拦截路径/error
08:43:22.298 [http-nio-8080-exec-1] ERROR c.x.g.c.interceptor.BackInterceptor - 拦截路径/error
08:43:44.963 [http-nio-8080-exec-4] ERROR c.x.g.c.interceptor.BackInterceptor - 拦截路径/error
08:44:00.427 [http-nio-8080-exec-6] ERROR c.x.g.c.interceptor.BackInterceptor - 拦截路径/error
08:46:06.879 [http-nio-8080-exec-3] ERROR c.x.g.c.interceptor.BackInterceptor - 拦截路径/error
08:46:18.511 [http-nio-8080-exec-1] ERROR c.x.g.c.interceptor.BackInterceptor - 拦截路径/error
08:46:26.192 [http-nio-8080-exec-4] ERROR c.x.g.c.interceptor.BackInterceptor - 拦截路径/error
08:46:44.421 [http-nio-8080-exec-6] ERROR c.x.g.c.interceptor.BackInterceptor - 拦截路径/error
08:46:44.818 [http-nio-8080-exec-5] INFO  c.x.g.c.mini.IndexController - wx591ae471bd6ee7ad
08:46:44.818 [http-nio-8080-exec-5] INFO  c.x.g.c.mini.IndexController - fa762c002f452c5df06c2a4be070cb8d
08:46:45.107 [http-nio-8080-exec-5] DEBUG c.x.g.dao.TUserMapper.selectOne - ==>  Preparing: SELECT id,create_time,update_time,is_del,open_id,nick_name,house_id,house_detail,balance,phone,user_role FROM t_user WHERE open_id = ? 
08:46:45.108 [http-nio-8080-exec-5] DEBUG c.x.g.dao.TUserMapper.selectOne - ==> Parameters: oqYVK5ETZ7sBkFXrW5NcIVdmh8EQ(String)
08:46:45.110 [http-nio-8080-exec-5] TRACE c.x.g.dao.TUserMapper.selectOne - <==    Columns: id, create_time, update_time, is_del, open_id, nick_name, house_id, house_detail, balance, phone, user_role
08:46:45.110 [http-nio-8080-exec-5] TRACE c.x.g.dao.TUserMapper.selectOne - <==        Row: 1, 2020-03-25 22:12:40, null, 0, oqYVK5ETZ7sBkFXrW5NcIVdmh8EQ, null, null, null, 0.00, null, 'user'
08:46:45.111 [http-nio-8080-exec-5] DEBUG c.x.g.dao.TUserMapper.selectOne - <==      Total: 1
08:46:45.121 [http-nio-8080-exec-5] DEBUG c.x.g.dao.TUserMapper.selectOne - ==>  Preparing: SELECT id,create_time,update_time,is_del,open_id,nick_name,house_id,house_detail,balance,phone,user_role FROM t_user WHERE id = ? 
08:46:45.122 [http-nio-8080-exec-5] DEBUG c.x.g.dao.TUserMapper.selectOne - ==> Parameters: 1(Long)
08:46:45.123 [http-nio-8080-exec-5] TRACE c.x.g.dao.TUserMapper.selectOne - <==    Columns: id, create_time, update_time, is_del, open_id, nick_name, house_id, house_detail, balance, phone, user_role
08:46:45.124 [http-nio-8080-exec-5] TRACE c.x.g.dao.TUserMapper.selectOne - <==        Row: 1, 2020-03-25 22:12:40, null, 0, oqYVK5ETZ7sBkFXrW5NcIVdmh8EQ, null, null, null, 0.00, null, 'user'
08:46:45.124 [http-nio-8080-exec-5] DEBUG c.x.g.dao.TUserMapper.selectOne - <==      Total: 1
08:46:47.160 [http-nio-8080-exec-10] ERROR c.x.g.c.interceptor.BackInterceptor - 拦截路径/error
08:47:32.098 [http-nio-8080-exec-3] ERROR c.x.g.c.interceptor.BackInterceptor - 拦截路径/error
08:47:39.825 [http-nio-8080-exec-1] ERROR c.x.g.c.interceptor.BackInterceptor - 拦截路径/error
08:48:05.291 [http-nio-8080-exec-4] ERROR c.x.g.c.interceptor.BackInterceptor - 拦截路径/error
08:48:34.827 [http-nio-8080-exec-6] ERROR c.x.g.c.interceptor.BackInterceptor - 拦截路径/error
08:49:17.697 [http-nio-8080-exec-10] ERROR c.x.g.c.interceptor.BackInterceptor - 拦截路径/error
08:52:24.229 [http-nio-8080-exec-1] ERROR c.x.g.c.interceptor.BackInterceptor - 拦截路径/error
08:52:33.385 [http-nio-8080-exec-4] ERROR c.x.g.c.interceptor.BackInterceptor - 拦截路径/error
08:52:50.236 [http-nio-8080-exec-6] ERROR c.x.g.c.interceptor.BackInterceptor - 拦截路径/error
08:54:30.130 [http-nio-8080-exec-2] ERROR c.x.g.c.interceptor.BackInterceptor - 拦截路径/error
08:56:31.925 [http-nio-8080-exec-4] ERROR c.x.g.c.interceptor.BackInterceptor - 拦截路径/error
08:56:45.795 [http-nio-8080-exec-6] ERROR c.x.g.c.interceptor.BackInterceptor - 拦截路径/error
08:56:58.415 [http-nio-8080-exec-10] ERROR c.x.g.c.interceptor.BackInterceptor - 拦截路径/error
08:57:33.203 [http-nio-8080-exec-2] ERROR c.x.g.c.interceptor.BackInterceptor - 拦截路径/error
08:57:44.372 [http-nio-8080-exec-7] ERROR c.x.g.c.interceptor.BackInterceptor - 拦截路径/error
