07:44:34.104 [main] INFO  com.xdx.garbage.GarbageApplication - Starting GarbageApplication on PC-2019HWL with PID 6692 (D:\xdxgit\my-project\garbage\target\classes started by Administrator in D:\xdxgit\my-project\garbage)
07:44:34.106 [main] INFO  com.xdx.garbage.GarbageApplication - The following profiles are active: dev
07:44:35.019 [main] WARN  o.m.s.mapper.ClassPathMapperScanner - No MyBatis mapper was found in '[com.xdx.garbage]' package. Please check your configuration.
07:44:35.523 [main] INFO  o.s.b.w.e.tomcat.TomcatWebServer - Tomcat initialized with port(s): 8080 (http)
07:44:35.537 [main] INFO  o.a.coyote.http11.Http11NioProtocol - Initializing ProtocolHandler ["http-nio-8080"]
07:44:35.537 [main] INFO  o.a.catalina.core.StandardService - Starting service [Tomcat]
07:44:35.538 [main] INFO  o.a.catalina.core.StandardEngine - Starting Servlet engine: [Apache Tomcat/9.0.31]
07:44:35.666 [main] INFO  o.a.c.c.C.[Tomcat].[localhost].[/] - Initializing Spring embedded WebApplicationContext
07:44:35.666 [main] INFO  o.s.web.context.ContextLoader - Root WebApplicationContext: initialization completed in 1465 ms
07:44:35.834 [main] INFO  c.a.d.s.b.a.DruidDataSourceAutoConfigure - Init DruidDataSource
07:44:36.675 [main] INFO  com.xdx.garbage.druid.CustomFilter - 连接开始前
07:44:36.923 [main] INFO  com.xdx.garbage.druid.CustomFilter - 连接连接结束后
07:44:36.927 [main] INFO  com.xdx.garbage.druid.CustomFilter - 连接开始前
07:44:36.940 [main] INFO  com.xdx.garbage.druid.CustomFilter - 连接连接结束后
07:44:36.941 [main] INFO  com.xdx.garbage.druid.CustomFilter - 连接开始前
07:44:36.953 [main] INFO  com.xdx.garbage.druid.CustomFilter - 连接连接结束后
07:44:36.954 [main] INFO  com.xdx.garbage.druid.CustomFilter - 连接开始前
07:44:36.964 [main] INFO  com.xdx.garbage.druid.CustomFilter - 连接连接结束后
07:44:36.965 [main] INFO  com.xdx.garbage.druid.CustomFilter - 连接开始前
07:44:36.975 [main] INFO  com.xdx.garbage.druid.CustomFilter - 连接连接结束后
07:44:36.979 [main] INFO  c.alibaba.druid.pool.DruidDataSource - {dataSource-1} inited
07:44:37.991 [main] INFO  o.s.s.c.ThreadPoolTaskExecutor - Initializing ExecutorService
07:44:37.992 [main] INFO  o.s.s.c.ThreadPoolTaskExecutor - Initializing ExecutorService 'asyncServiceExecutor'
07:44:38.181 [main] INFO  o.a.coyote.http11.Http11NioProtocol - Starting ProtocolHandler ["http-nio-8080"]
07:44:38.205 [main] INFO  o.s.b.w.e.tomcat.TomcatWebServer - Tomcat started on port(s): 8080 (http) with context path ''
07:44:38.208 [main] INFO  com.xdx.garbage.GarbageApplication - Started GarbageApplication in 4.607 seconds (JVM running for 6.842)
07:46:28.973 [http-nio-8080-exec-1] INFO  o.a.c.c.C.[Tomcat].[localhost].[/] - Initializing Spring DispatcherServlet 'dispatcherServlet'
07:46:28.973 [http-nio-8080-exec-1] INFO  o.s.web.servlet.DispatcherServlet - Initializing Servlet 'dispatcherServlet'
07:46:28.983 [http-nio-8080-exec-1] INFO  o.s.web.servlet.DispatcherServlet - Completed initialization in 10 ms
07:46:29.151 [http-nio-8080-exec-2] DEBUG c.x.g.d.T.selectByExample - ==>  Preparing: SELECT id,create_time,update_time,is_del,point_name,province_id,city_id,agent_id,longitude,latitude,status FROM t_launch_point WHERE ( is_del = ? and status = ? ) 
07:46:29.232 [http-nio-8080-exec-2] DEBUG c.x.g.d.T.selectByExample - ==> Parameters: 0(Integer), 1(Integer)
07:46:29.259 [http-nio-8080-exec-2] TRACE c.x.g.d.T.selectByExample - <==    Columns: id, create_time, update_time, is_del, point_name, province_id, city_id, agent_id, longitude, latitude, status
07:46:29.261 [http-nio-8080-exec-2] TRACE c.x.g.d.T.selectByExample - <==        Row: 1, 2020-03-17 08:54:56, 2020-03-17 08:56:43, 0, 绿苑新城投放点, 1, 2, 2, 11.34, 23.12, 1
07:46:29.263 [http-nio-8080-exec-2] TRACE c.x.g.d.T.selectByExample - <==        Row: 2, 2020-03-17 22:18:22, 2020-03-17 22:18:26, 0, 阿罗海投放点, 1, 2, 4, 118.0322590000, 24.480410000, 1
07:46:29.263 [http-nio-8080-exec-2] DEBUG c.x.g.d.T.selectByExample - <==      Total: 2
07:46:29.353 [http-nio-8080-exec-3] INFO  c.x.g.c.mini.IndexController - wx591ae471bd6ee7ad
07:46:29.353 [http-nio-8080-exec-3] INFO  c.x.g.c.mini.IndexController - fa762c002f452c5df06c2a4be070cb8d
07:46:29.908 [http-nio-8080-exec-3] DEBUG c.x.g.dao.TUserMapper.selectOne - ==>  Preparing: SELECT id,create_time,update_time,is_del,open_id,nick_name,house_id,house_detail,balance,phone,user_role,contact_phone,contact_name FROM t_user WHERE open_id = ? 
07:46:29.910 [http-nio-8080-exec-3] DEBUG c.x.g.dao.TUserMapper.selectOne - ==> Parameters: oqYVK5ETZ7sBkFXrW5NcIVdmh8EQ(String)
07:46:29.914 [http-nio-8080-exec-3] TRACE c.x.g.dao.TUserMapper.selectOne - <==    Columns: id, create_time, update_time, is_del, open_id, nick_name, house_id, house_detail, balance, phone, user_role, contact_phone, contact_name
07:46:29.915 [http-nio-8080-exec-3] TRACE c.x.g.dao.TUserMapper.selectOne - <==        Row: 1, 2020-03-25 22:12:40, 2020-04-28 08:26:37, 0, oqYVK5ETZ7sBkFXrW5NcIVdmh8EQ, null, 3, 三号楼8832, 2.00, 15260220397, 'user', 15260220397, 谢先生
07:46:29.915 [http-nio-8080-exec-3] DEBUG c.x.g.dao.TUserMapper.selectOne - <==      Total: 1
07:46:29.924 [http-nio-8080-exec-3] DEBUG c.x.g.dao.TUserMapper.selectOne - ==>  Preparing: SELECT id,create_time,update_time,is_del,open_id,nick_name,house_id,house_detail,balance,phone,user_role,contact_phone,contact_name FROM t_user WHERE id = ? 
07:46:29.926 [http-nio-8080-exec-3] DEBUG c.x.g.dao.TUserMapper.selectOne - ==> Parameters: 1(Long)
07:46:29.928 [http-nio-8080-exec-3] TRACE c.x.g.dao.TUserMapper.selectOne - <==    Columns: id, create_time, update_time, is_del, open_id, nick_name, house_id, house_detail, balance, phone, user_role, contact_phone, contact_name
07:46:29.929 [http-nio-8080-exec-3] TRACE c.x.g.dao.TUserMapper.selectOne - <==        Row: 1, 2020-03-25 22:12:40, 2020-04-28 08:26:37, 0, oqYVK5ETZ7sBkFXrW5NcIVdmh8EQ, null, 3, 三号楼8832, 2.00, 15260220397, 'user', 15260220397, 谢先生
07:46:29.930 [http-nio-8080-exec-3] DEBUG c.x.g.dao.TUserMapper.selectOne - <==      Total: 1
07:46:29.979 [http-nio-8080-exec-4] DEBUG c.x.g.d.T.selectByExample - ==>  Preparing: SELECT id,create_time,update_time,is_del,status,photo_src,jump_url,show_place FROM t_carousel WHERE ( is_del = ? ) order by id desc 
07:46:29.982 [http-nio-8080-exec-4] DEBUG c.x.g.d.T.selectByExample - ==> Parameters: 0(Integer)
07:46:29.986 [http-nio-8080-exec-4] TRACE c.x.g.d.T.selectByExample - <==    Columns: id, create_time, update_time, is_del, status, photo_src, jump_url, show_place
07:46:29.986 [http-nio-8080-exec-4] TRACE c.x.g.d.T.selectByExample - <==        Row: 6, 2020-03-14 10:54:18, 2020-03-14 11:57:57, 0, 0, /upload/carousel/28590a411d5f407e9417daeb97550507.png, xxxx, null
07:46:29.987 [http-nio-8080-exec-4] TRACE c.x.g.d.T.selectByExample - <==        Row: 4, 2020-03-14 07:42:04, 2020-03-14 08:41:33, 0, 1, /upload/b7c371f451ac4108b2163c728dd93b2a.jpg, gggggggggg, null
07:46:29.987 [http-nio-8080-exec-4] TRACE c.x.g.d.T.selectByExample - <==        Row: 3, 2020-03-14 07:40:20, null, 0, 0, /upload/aa75d22830954dcb9915d1239befb0cb.jpg, xxxxxxx, null
07:46:29.988 [http-nio-8080-exec-4] TRACE c.x.g.d.T.selectByExample - <==        Row: 2, 2020-03-14 00:37:37, null, 0, 0, /upload/6afeca802b7a4d7e94b3a945ea30c2e4.jpg, dddd, null
07:46:29.988 [http-nio-8080-exec-4] DEBUG c.x.g.d.T.selectByExample - <==      Total: 4
07:46:29.998 [http-nio-8080-exec-4] DEBUG c.x.g.dao.TUserMapper.selectOne - ==>  Preparing: SELECT id,create_time,update_time,is_del,open_id,nick_name,house_id,house_detail,balance,phone,user_role,contact_phone,contact_name FROM t_user WHERE id = ? 
07:46:29.998 [http-nio-8080-exec-4] DEBUG c.x.g.dao.TUserMapper.selectOne - ==> Parameters: 1(Long)
07:46:30.000 [http-nio-8080-exec-4] TRACE c.x.g.dao.TUserMapper.selectOne - <==    Columns: id, create_time, update_time, is_del, open_id, nick_name, house_id, house_detail, balance, phone, user_role, contact_phone, contact_name
07:46:30.001 [http-nio-8080-exec-4] TRACE c.x.g.dao.TUserMapper.selectOne - <==        Row: 1, 2020-03-25 22:12:40, 2020-04-28 08:26:37, 0, oqYVK5ETZ7sBkFXrW5NcIVdmh8EQ, null, 3, 三号楼8832, 2.00, 15260220397, 'user', 15260220397, 谢先生
07:46:30.001 [http-nio-8080-exec-4] DEBUG c.x.g.dao.TUserMapper.selectOne - <==      Total: 1
20:52:53.991 [http-nio-8080-exec-8] INFO  c.x.g.c.mini.IndexController - wx591ae471bd6ee7ad
20:52:53.991 [http-nio-8080-exec-8] INFO  c.x.g.c.mini.IndexController - fa762c002f452c5df06c2a4be070cb8d
20:52:54.287 [Druid-ConnectionPool-Create-786970485] INFO  com.xdx.garbage.druid.CustomFilter - 连接开始前
20:52:54.303 [Druid-ConnectionPool-Create-786970485] INFO  com.xdx.garbage.druid.CustomFilter - 连接连接结束后
20:52:54.318 [http-nio-8080-exec-8] DEBUG c.x.g.dao.TUserMapper.selectOne - ==>  Preparing: SELECT id,create_time,update_time,is_del,open_id,nick_name,house_id,house_detail,balance,phone,user_role,contact_phone,contact_name FROM t_user WHERE open_id = ? 
20:52:54.318 [http-nio-8080-exec-8] DEBUG c.x.g.dao.TUserMapper.selectOne - ==> Parameters: oqYVK5ETZ7sBkFXrW5NcIVdmh8EQ(String)
20:52:54.318 [http-nio-8080-exec-8] TRACE c.x.g.dao.TUserMapper.selectOne - <==    Columns: id, create_time, update_time, is_del, open_id, nick_name, house_id, house_detail, balance, phone, user_role, contact_phone, contact_name
20:52:54.318 [http-nio-8080-exec-8] TRACE c.x.g.dao.TUserMapper.selectOne - <==        Row: 1, 2020-03-25 22:12:40, 2020-04-28 08:26:37, 0, oqYVK5ETZ7sBkFXrW5NcIVdmh8EQ, null, 3, 三号楼8832, 2.00, 15260220397, 'user', 15260220397, 谢先生
20:52:54.318 [http-nio-8080-exec-8] DEBUG c.x.g.dao.TUserMapper.selectOne - <==      Total: 1
20:52:54.334 [http-nio-8080-exec-8] DEBUG c.x.g.dao.TUserMapper.selectOne - ==>  Preparing: SELECT id,create_time,update_time,is_del,open_id,nick_name,house_id,house_detail,balance,phone,user_role,contact_phone,contact_name FROM t_user WHERE id = ? 
20:52:54.334 [http-nio-8080-exec-8] DEBUG c.x.g.dao.TUserMapper.selectOne - ==> Parameters: 1(Long)
20:52:54.334 [http-nio-8080-exec-8] TRACE c.x.g.dao.TUserMapper.selectOne - <==    Columns: id, create_time, update_time, is_del, open_id, nick_name, house_id, house_detail, balance, phone, user_role, contact_phone, contact_name
20:52:54.334 [http-nio-8080-exec-8] TRACE c.x.g.dao.TUserMapper.selectOne - <==        Row: 1, 2020-03-25 22:12:40, 2020-04-28 08:26:37, 0, oqYVK5ETZ7sBkFXrW5NcIVdmh8EQ, null, 3, 三号楼8832, 2.00, 15260220397, 'user', 15260220397, 谢先生
20:52:54.334 [http-nio-8080-exec-8] DEBUG c.x.g.dao.TUserMapper.selectOne - <==      Total: 1
20:52:54.368 [http-nio-8080-exec-9] DEBUG c.x.g.dao.TUserMapper.selectOne - ==>  Preparing: SELECT id,create_time,update_time,is_del,open_id,nick_name,house_id,house_detail,balance,phone,user_role,contact_phone,contact_name FROM t_user WHERE id = ? 
20:52:54.368 [http-nio-8080-exec-9] DEBUG c.x.g.dao.TUserMapper.selectOne - ==> Parameters: 1(Long)
20:52:54.368 [http-nio-8080-exec-9] TRACE c.x.g.dao.TUserMapper.selectOne - <==    Columns: id, create_time, update_time, is_del, open_id, nick_name, house_id, house_detail, balance, phone, user_role, contact_phone, contact_name
20:52:54.368 [http-nio-8080-exec-9] TRACE c.x.g.dao.TUserMapper.selectOne - <==        Row: 1, 2020-03-25 22:12:40, 2020-04-28 08:26:37, 0, oqYVK5ETZ7sBkFXrW5NcIVdmh8EQ, null, 3, 三号楼8832, 2.00, 15260220397, 'user', 15260220397, 谢先生
20:52:54.368 [http-nio-8080-exec-9] DEBUG c.x.g.dao.TUserMapper.selectOne - <==      Total: 1
20:52:54.390 [http-nio-8080-exec-9] DEBUG c.x.g.d.T.selectByPrimaryKey - ==>  Preparing: SELECT id,create_time,update_time,is_del,house_name,province_id,city_id FROM t_house WHERE id = ? 
20:52:54.390 [http-nio-8080-exec-9] DEBUG c.x.g.d.T.selectByPrimaryKey - ==> Parameters: 3(Integer)
20:52:54.395 [http-nio-8080-exec-9] TRACE c.x.g.d.T.selectByPrimaryKey - <==    Columns: id, create_time, update_time, is_del, house_name, province_id, city_id
20:52:54.395 [http-nio-8080-exec-9] TRACE c.x.g.d.T.selectByPrimaryKey - <==        Row: 3, 2020-03-17 22:23:31, null, 0, 绿源小区, 1, 2
20:52:54.396 [http-nio-8080-exec-9] DEBUG c.x.g.d.T.selectByPrimaryKey - <==      Total: 1
20:53:12.916 [http-nio-8080-exec-1] DEBUG c.x.g.d.T.selectByExample - ==>  Preparing: SELECT id,create_time,update_time,is_del,status,photo_src,jump_url,show_place FROM t_carousel WHERE ( is_del = ? ) order by id desc 
20:53:12.917 [http-nio-8080-exec-1] DEBUG c.x.g.d.T.selectByExample - ==> Parameters: 0(Integer)
20:53:12.918 [http-nio-8080-exec-1] TRACE c.x.g.d.T.selectByExample - <==    Columns: id, create_time, update_time, is_del, status, photo_src, jump_url, show_place
20:53:12.919 [http-nio-8080-exec-1] TRACE c.x.g.d.T.selectByExample - <==        Row: 6, 2020-03-14 10:54:18, 2020-03-14 11:57:57, 0, 0, /upload/carousel/28590a411d5f407e9417daeb97550507.png, xxxx, null
20:53:12.920 [http-nio-8080-exec-1] TRACE c.x.g.d.T.selectByExample - <==        Row: 4, 2020-03-14 07:42:04, 2020-03-14 08:41:33, 0, 1, /upload/b7c371f451ac4108b2163c728dd93b2a.jpg, gggggggggg, null
20:53:12.920 [http-nio-8080-exec-1] TRACE c.x.g.d.T.selectByExample - <==        Row: 3, 2020-03-14 07:40:20, null, 0, 0, /upload/aa75d22830954dcb9915d1239befb0cb.jpg, xxxxxxx, null
20:53:12.921 [http-nio-8080-exec-1] TRACE c.x.g.d.T.selectByExample - <==        Row: 2, 2020-03-14 00:37:37, null, 0, 0, /upload/6afeca802b7a4d7e94b3a945ea30c2e4.jpg, dddd, null
20:53:12.921 [http-nio-8080-exec-1] DEBUG c.x.g.d.T.selectByExample - <==      Total: 4
20:53:12.930 [http-nio-8080-exec-1] DEBUG c.x.g.dao.TUserMapper.selectOne - ==>  Preparing: SELECT id,create_time,update_time,is_del,open_id,nick_name,house_id,house_detail,balance,phone,user_role,contact_phone,contact_name FROM t_user WHERE id = ? 
20:53:12.931 [http-nio-8080-exec-1] DEBUG c.x.g.dao.TUserMapper.selectOne - ==> Parameters: 1(Long)
20:53:12.932 [http-nio-8080-exec-1] TRACE c.x.g.dao.TUserMapper.selectOne - <==    Columns: id, create_time, update_time, is_del, open_id, nick_name, house_id, house_detail, balance, phone, user_role, contact_phone, contact_name
20:53:12.933 [http-nio-8080-exec-1] TRACE c.x.g.dao.TUserMapper.selectOne - <==        Row: 1, 2020-03-25 22:12:40, 2020-04-28 08:26:37, 0, oqYVK5ETZ7sBkFXrW5NcIVdmh8EQ, null, 3, 三号楼8832, 2.00, 15260220397, 'user', 15260220397, 谢先生
20:53:12.934 [http-nio-8080-exec-1] DEBUG c.x.g.dao.TUserMapper.selectOne - <==      Total: 1
20:53:13.085 [http-nio-8080-exec-2] DEBUG c.x.g.d.T.selectByExample - ==>  Preparing: SELECT id,create_time,update_time,is_del,point_name,province_id,city_id,agent_id,longitude,latitude,status FROM t_launch_point WHERE ( is_del = ? and status = ? ) 
20:53:13.086 [http-nio-8080-exec-2] DEBUG c.x.g.d.T.selectByExample - ==> Parameters: 0(Integer), 1(Integer)
20:53:13.087 [http-nio-8080-exec-2] TRACE c.x.g.d.T.selectByExample - <==    Columns: id, create_time, update_time, is_del, point_name, province_id, city_id, agent_id, longitude, latitude, status
20:53:13.088 [http-nio-8080-exec-2] TRACE c.x.g.d.T.selectByExample - <==        Row: 1, 2020-03-17 08:54:56, 2020-03-17 08:56:43, 0, 绿苑新城投放点, 1, 2, 2, 11.34, 23.12, 1
20:53:13.089 [http-nio-8080-exec-2] TRACE c.x.g.d.T.selectByExample - <==        Row: 2, 2020-03-17 22:18:22, 2020-03-17 22:18:26, 0, 阿罗海投放点, 1, 2, 4, 118.0322590000, 24.480410000, 1
20:53:13.089 [http-nio-8080-exec-2] DEBUG c.x.g.d.T.selectByExample - <==      Total: 2
20:53:47.759 [http-nio-8080-exec-4] DEBUG c.x.g.d.T.selectByExample - ==>  Preparing: SELECT id,create_time,update_time,is_del,status,photo_src,jump_url,show_place FROM t_carousel WHERE ( is_del = ? ) order by id desc 
20:53:47.760 [http-nio-8080-exec-4] DEBUG c.x.g.d.T.selectByExample - ==> Parameters: 0(Integer)
20:53:47.762 [http-nio-8080-exec-4] TRACE c.x.g.d.T.selectByExample - <==    Columns: id, create_time, update_time, is_del, status, photo_src, jump_url, show_place
20:53:47.762 [http-nio-8080-exec-4] TRACE c.x.g.d.T.selectByExample - <==        Row: 6, 2020-03-14 10:54:18, 2020-03-14 11:57:57, 0, 0, /upload/carousel/28590a411d5f407e9417daeb97550507.png, xxxx, null
20:53:47.763 [http-nio-8080-exec-4] TRACE c.x.g.d.T.selectByExample - <==        Row: 4, 2020-03-14 07:42:04, 2020-03-14 08:41:33, 0, 1, /upload/b7c371f451ac4108b2163c728dd93b2a.jpg, gggggggggg, null
20:53:47.763 [http-nio-8080-exec-4] TRACE c.x.g.d.T.selectByExample - <==        Row: 3, 2020-03-14 07:40:20, null, 0, 0, /upload/aa75d22830954dcb9915d1239befb0cb.jpg, xxxxxxx, null
20:53:47.764 [http-nio-8080-exec-4] TRACE c.x.g.d.T.selectByExample - <==        Row: 2, 2020-03-14 00:37:37, null, 0, 0, /upload/6afeca802b7a4d7e94b3a945ea30c2e4.jpg, dddd, null
20:53:47.764 [http-nio-8080-exec-4] DEBUG c.x.g.d.T.selectByExample - <==      Total: 4
20:53:47.774 [http-nio-8080-exec-4] DEBUG c.x.g.dao.TUserMapper.selectOne - ==>  Preparing: SELECT id,create_time,update_time,is_del,open_id,nick_name,house_id,house_detail,balance,phone,user_role,contact_phone,contact_name FROM t_user WHERE id = ? 
20:53:47.775 [http-nio-8080-exec-4] DEBUG c.x.g.dao.TUserMapper.selectOne - ==> Parameters: 1(Long)
20:53:47.776 [http-nio-8080-exec-4] TRACE c.x.g.dao.TUserMapper.selectOne - <==    Columns: id, create_time, update_time, is_del, open_id, nick_name, house_id, house_detail, balance, phone, user_role, contact_phone, contact_name
20:53:47.777 [http-nio-8080-exec-4] TRACE c.x.g.dao.TUserMapper.selectOne - <==        Row: 1, 2020-03-25 22:12:40, 2020-04-28 08:26:37, 0, oqYVK5ETZ7sBkFXrW5NcIVdmh8EQ, null, 3, 三号楼8832, 2.00, 15260220397, 'user', 15260220397, 谢先生
20:53:47.777 [http-nio-8080-exec-4] DEBUG c.x.g.dao.TUserMapper.selectOne - <==      Total: 1
20:53:48.012 [http-nio-8080-exec-5] DEBUG c.x.g.d.T.selectByExample - ==>  Preparing: SELECT id,create_time,update_time,is_del,point_name,province_id,city_id,agent_id,longitude,latitude,status FROM t_launch_point WHERE ( is_del = ? and status = ? ) 
20:53:48.013 [http-nio-8080-exec-5] DEBUG c.x.g.d.T.selectByExample - ==> Parameters: 0(Integer), 1(Integer)
20:53:48.014 [http-nio-8080-exec-5] TRACE c.x.g.d.T.selectByExample - <==    Columns: id, create_time, update_time, is_del, point_name, province_id, city_id, agent_id, longitude, latitude, status
20:53:48.014 [http-nio-8080-exec-5] TRACE c.x.g.d.T.selectByExample - <==        Row: 1, 2020-03-17 08:54:56, 2020-03-17 08:56:43, 0, 绿苑新城投放点, 1, 2, 2, 11.34, 23.12, 1
20:53:48.016 [http-nio-8080-exec-5] TRACE c.x.g.d.T.selectByExample - <==        Row: 2, 2020-03-17 22:18:22, 2020-03-17 22:18:26, 0, 阿罗海投放点, 1, 2, 4, 118.0322590000, 24.480410000, 1
20:53:48.016 [http-nio-8080-exec-5] DEBUG c.x.g.d.T.selectByExample - <==      Total: 2
20:53:54.260 [http-nio-8080-exec-7] DEBUG c.x.g.dao.TUserMapper.selectOne - ==>  Preparing: SELECT id,create_time,update_time,is_del,open_id,nick_name,house_id,house_detail,balance,phone,user_role,contact_phone,contact_name FROM t_user WHERE id = ? 
20:53:54.261 [http-nio-8080-exec-7] DEBUG c.x.g.dao.TUserMapper.selectOne - ==> Parameters: 1(Long)
20:53:54.263 [http-nio-8080-exec-7] TRACE c.x.g.dao.TUserMapper.selectOne - <==    Columns: id, create_time, update_time, is_del, open_id, nick_name, house_id, house_detail, balance, phone, user_role, contact_phone, contact_name
20:53:54.263 [http-nio-8080-exec-7] TRACE c.x.g.dao.TUserMapper.selectOne - <==        Row: 1, 2020-03-25 22:12:40, 2020-04-28 08:26:37, 0, oqYVK5ETZ7sBkFXrW5NcIVdmh8EQ, null, 3, 三号楼8832, 2.00, 15260220397, 'user', 15260220397, 谢先生
20:53:54.264 [http-nio-8080-exec-7] DEBUG c.x.g.dao.TUserMapper.selectOne - <==      Total: 1
20:53:54.272 [http-nio-8080-exec-7] DEBUG c.x.g.d.T.selectByPrimaryKey - ==>  Preparing: SELECT id,create_time,update_time,is_del,house_name,province_id,city_id FROM t_house WHERE id = ? 
20:53:54.272 [http-nio-8080-exec-7] DEBUG c.x.g.d.T.selectByPrimaryKey - ==> Parameters: 3(Integer)
20:53:54.274 [http-nio-8080-exec-7] TRACE c.x.g.d.T.selectByPrimaryKey - <==    Columns: id, create_time, update_time, is_del, house_name, province_id, city_id
20:53:54.275 [http-nio-8080-exec-7] TRACE c.x.g.d.T.selectByPrimaryKey - <==        Row: 3, 2020-03-17 22:23:31, null, 0, 绿源小区, 1, 2
20:53:54.275 [http-nio-8080-exec-7] DEBUG c.x.g.d.T.selectByPrimaryKey - <==      Total: 1
20:54:43.567 [http-nio-8080-exec-9] DEBUG c.x.g.d.T.selectByExample - ==>  Preparing: SELECT id,create_time,update_time,is_del,status,photo_src,jump_url,show_place FROM t_carousel WHERE ( is_del = ? ) order by id desc 
20:54:43.568 [http-nio-8080-exec-9] DEBUG c.x.g.d.T.selectByExample - ==> Parameters: 0(Integer)
20:54:43.569 [http-nio-8080-exec-9] TRACE c.x.g.d.T.selectByExample - <==    Columns: id, create_time, update_time, is_del, status, photo_src, jump_url, show_place
20:54:43.570 [http-nio-8080-exec-9] TRACE c.x.g.d.T.selectByExample - <==        Row: 6, 2020-03-14 10:54:18, 2020-03-14 11:57:57, 0, 0, /upload/carousel/28590a411d5f407e9417daeb97550507.png, xxxx, null
20:54:43.570 [http-nio-8080-exec-9] TRACE c.x.g.d.T.selectByExample - <==        Row: 4, 2020-03-14 07:42:04, 2020-03-14 08:41:33, 0, 1, /upload/b7c371f451ac4108b2163c728dd93b2a.jpg, gggggggggg, null
20:54:43.571 [http-nio-8080-exec-9] TRACE c.x.g.d.T.selectByExample - <==        Row: 3, 2020-03-14 07:40:20, null, 0, 0, /upload/aa75d22830954dcb9915d1239befb0cb.jpg, xxxxxxx, null
20:54:43.571 [http-nio-8080-exec-9] TRACE c.x.g.d.T.selectByExample - <==        Row: 2, 2020-03-14 00:37:37, null, 0, 0, /upload/6afeca802b7a4d7e94b3a945ea30c2e4.jpg, dddd, null
20:54:43.572 [http-nio-8080-exec-9] DEBUG c.x.g.d.T.selectByExample - <==      Total: 4
20:54:43.579 [http-nio-8080-exec-9] DEBUG c.x.g.dao.TUserMapper.selectOne - ==>  Preparing: SELECT id,create_time,update_time,is_del,open_id,nick_name,house_id,house_detail,balance,phone,user_role,contact_phone,contact_name FROM t_user WHERE id = ? 
20:54:43.580 [http-nio-8080-exec-9] DEBUG c.x.g.dao.TUserMapper.selectOne - ==> Parameters: 1(Long)
20:54:43.581 [http-nio-8080-exec-9] TRACE c.x.g.dao.TUserMapper.selectOne - <==    Columns: id, create_time, update_time, is_del, open_id, nick_name, house_id, house_detail, balance, phone, user_role, contact_phone, contact_name
20:54:43.582 [http-nio-8080-exec-9] TRACE c.x.g.dao.TUserMapper.selectOne - <==        Row: 1, 2020-03-25 22:12:40, 2020-04-28 08:26:37, 0, oqYVK5ETZ7sBkFXrW5NcIVdmh8EQ, null, 3, 三号楼8832, 2.00, 15260220397, 'user', 15260220397, 谢先生
20:54:43.582 [http-nio-8080-exec-9] DEBUG c.x.g.dao.TUserMapper.selectOne - <==      Total: 1
20:54:43.760 [http-nio-8080-exec-10] DEBUG c.x.g.d.T.selectByExample - ==>  Preparing: SELECT id,create_time,update_time,is_del,point_name,province_id,city_id,agent_id,longitude,latitude,status FROM t_launch_point WHERE ( is_del = ? and status = ? ) 
20:54:43.761 [http-nio-8080-exec-10] DEBUG c.x.g.d.T.selectByExample - ==> Parameters: 0(Integer), 1(Integer)
20:54:43.762 [http-nio-8080-exec-10] TRACE c.x.g.d.T.selectByExample - <==    Columns: id, create_time, update_time, is_del, point_name, province_id, city_id, agent_id, longitude, latitude, status
20:54:43.762 [http-nio-8080-exec-10] TRACE c.x.g.d.T.selectByExample - <==        Row: 1, 2020-03-17 08:54:56, 2020-03-17 08:56:43, 0, 绿苑新城投放点, 1, 2, 2, 11.34, 23.12, 1
20:54:43.763 [http-nio-8080-exec-10] TRACE c.x.g.d.T.selectByExample - <==        Row: 2, 2020-03-17 22:18:22, 2020-03-17 22:18:26, 0, 阿罗海投放点, 1, 2, 4, 118.0322590000, 24.480410000, 1
20:54:43.763 [http-nio-8080-exec-10] DEBUG c.x.g.d.T.selectByExample - <==      Total: 2
20:55:23.027 [http-nio-8080-exec-2] DEBUG c.x.g.dao.TUserMapper.selectOne - ==>  Preparing: SELECT id,create_time,update_time,is_del,open_id,nick_name,house_id,house_detail,balance,phone,user_role,contact_phone,contact_name FROM t_user WHERE id = ? 
20:55:23.028 [http-nio-8080-exec-2] DEBUG c.x.g.dao.TUserMapper.selectOne - ==> Parameters: 1(Long)
20:55:23.030 [http-nio-8080-exec-2] TRACE c.x.g.dao.TUserMapper.selectOne - <==    Columns: id, create_time, update_time, is_del, open_id, nick_name, house_id, house_detail, balance, phone, user_role, contact_phone, contact_name
20:55:23.030 [http-nio-8080-exec-2] TRACE c.x.g.dao.TUserMapper.selectOne - <==        Row: 1, 2020-03-25 22:12:40, 2020-04-28 08:26:37, 0, oqYVK5ETZ7sBkFXrW5NcIVdmh8EQ, null, 3, 三号楼8832, 2.00, 15260220397, 'user', 15260220397, 谢先生
20:55:23.031 [http-nio-8080-exec-2] DEBUG c.x.g.dao.TUserMapper.selectOne - <==      Total: 1
20:55:23.037 [http-nio-8080-exec-2] DEBUG c.x.g.d.T.selectByPrimaryKey - ==>  Preparing: SELECT id,create_time,update_time,is_del,house_name,province_id,city_id FROM t_house WHERE id = ? 
20:55:23.038 [http-nio-8080-exec-2] DEBUG c.x.g.d.T.selectByPrimaryKey - ==> Parameters: 3(Integer)
20:55:23.039 [http-nio-8080-exec-2] TRACE c.x.g.d.T.selectByPrimaryKey - <==    Columns: id, create_time, update_time, is_del, house_name, province_id, city_id
20:55:23.039 [http-nio-8080-exec-2] TRACE c.x.g.d.T.selectByPrimaryKey - <==        Row: 3, 2020-03-17 22:23:31, null, 0, 绿源小区, 1, 2
20:55:23.040 [http-nio-8080-exec-2] DEBUG c.x.g.d.T.selectByPrimaryKey - <==      Total: 1
20:57:26.733 [http-nio-8080-exec-5] DEBUG c.x.g.d.T.selectByExample - ==>  Preparing: SELECT id,create_time,update_time,is_del,status,photo_src,jump_url,show_place FROM t_carousel WHERE ( is_del = ? ) order by id desc 
20:57:26.734 [http-nio-8080-exec-5] DEBUG c.x.g.d.T.selectByExample - ==> Parameters: 0(Integer)
20:57:26.735 [http-nio-8080-exec-5] TRACE c.x.g.d.T.selectByExample - <==    Columns: id, create_time, update_time, is_del, status, photo_src, jump_url, show_place
20:57:26.735 [http-nio-8080-exec-5] TRACE c.x.g.d.T.selectByExample - <==        Row: 6, 2020-03-14 10:54:18, 2020-03-14 11:57:57, 0, 0, /upload/carousel/28590a411d5f407e9417daeb97550507.png, xxxx, null
20:57:26.736 [http-nio-8080-exec-5] TRACE c.x.g.d.T.selectByExample - <==        Row: 4, 2020-03-14 07:42:04, 2020-03-14 08:41:33, 0, 1, /upload/b7c371f451ac4108b2163c728dd93b2a.jpg, gggggggggg, null
20:57:26.736 [http-nio-8080-exec-5] TRACE c.x.g.d.T.selectByExample - <==        Row: 3, 2020-03-14 07:40:20, null, 0, 0, /upload/aa75d22830954dcb9915d1239befb0cb.jpg, xxxxxxx, null
20:57:26.737 [http-nio-8080-exec-5] TRACE c.x.g.d.T.selectByExample - <==        Row: 2, 2020-03-14 00:37:37, null, 0, 0, /upload/6afeca802b7a4d7e94b3a945ea30c2e4.jpg, dddd, null
20:57:26.737 [http-nio-8080-exec-5] DEBUG c.x.g.d.T.selectByExample - <==      Total: 4
20:57:26.744 [http-nio-8080-exec-5] DEBUG c.x.g.dao.TUserMapper.selectOne - ==>  Preparing: SELECT id,create_time,update_time,is_del,open_id,nick_name,house_id,house_detail,balance,phone,user_role,contact_phone,contact_name FROM t_user WHERE id = ? 
20:57:26.745 [http-nio-8080-exec-5] DEBUG c.x.g.dao.TUserMapper.selectOne - ==> Parameters: 1(Long)
20:57:26.746 [http-nio-8080-exec-5] TRACE c.x.g.dao.TUserMapper.selectOne - <==    Columns: id, create_time, update_time, is_del, open_id, nick_name, house_id, house_detail, balance, phone, user_role, contact_phone, contact_name
20:57:26.746 [http-nio-8080-exec-5] TRACE c.x.g.dao.TUserMapper.selectOne - <==        Row: 1, 2020-03-25 22:12:40, 2020-04-28 08:26:37, 0, oqYVK5ETZ7sBkFXrW5NcIVdmh8EQ, null, 3, 三号楼8832, 2.00, 15260220397, 'user', 15260220397, 谢先生
20:57:26.746 [http-nio-8080-exec-5] DEBUG c.x.g.dao.TUserMapper.selectOne - <==      Total: 1
20:57:26.990 [http-nio-8080-exec-6] DEBUG c.x.g.d.T.selectByExample - ==>  Preparing: SELECT id,create_time,update_time,is_del,point_name,province_id,city_id,agent_id,longitude,latitude,status FROM t_launch_point WHERE ( is_del = ? and status = ? ) 
20:57:26.991 [http-nio-8080-exec-6] DEBUG c.x.g.d.T.selectByExample - ==> Parameters: 0(Integer), 1(Integer)
20:57:26.993 [http-nio-8080-exec-6] TRACE c.x.g.d.T.selectByExample - <==    Columns: id, create_time, update_time, is_del, point_name, province_id, city_id, agent_id, longitude, latitude, status
20:57:26.993 [http-nio-8080-exec-6] TRACE c.x.g.d.T.selectByExample - <==        Row: 1, 2020-03-17 08:54:56, 2020-03-17 08:56:43, 0, 绿苑新城投放点, 1, 2, 2, 11.34, 23.12, 1
20:57:26.994 [http-nio-8080-exec-6] TRACE c.x.g.d.T.selectByExample - <==        Row: 2, 2020-03-17 22:18:22, 2020-03-17 22:18:26, 0, 阿罗海投放点, 1, 2, 4, 118.0322590000, 24.480410000, 1
20:57:26.994 [http-nio-8080-exec-6] DEBUG c.x.g.d.T.selectByExample - <==      Total: 2
21:02:04.410 [http-nio-8080-exec-9] DEBUG c.x.g.d.T.selectByExample - ==>  Preparing: SELECT id,create_time,update_time,is_del,status,photo_src,jump_url,show_place FROM t_carousel WHERE ( is_del = ? ) order by id desc 
21:02:04.411 [http-nio-8080-exec-9] DEBUG c.x.g.d.T.selectByExample - ==> Parameters: 0(Integer)
21:02:04.413 [http-nio-8080-exec-9] TRACE c.x.g.d.T.selectByExample - <==    Columns: id, create_time, update_time, is_del, status, photo_src, jump_url, show_place
21:02:04.413 [http-nio-8080-exec-9] TRACE c.x.g.d.T.selectByExample - <==        Row: 6, 2020-03-14 10:54:18, 2020-03-14 11:57:57, 0, 0, /upload/carousel/28590a411d5f407e9417daeb97550507.png, xxxx, null
21:02:04.414 [http-nio-8080-exec-9] TRACE c.x.g.d.T.selectByExample - <==        Row: 4, 2020-03-14 07:42:04, 2020-03-14 08:41:33, 0, 1, /upload/b7c371f451ac4108b2163c728dd93b2a.jpg, gggggggggg, null
21:02:04.414 [http-nio-8080-exec-9] TRACE c.x.g.d.T.selectByExample - <==        Row: 3, 2020-03-14 07:40:20, null, 0, 0, /upload/aa75d22830954dcb9915d1239befb0cb.jpg, xxxxxxx, null
21:02:04.415 [http-nio-8080-exec-9] TRACE c.x.g.d.T.selectByExample - <==        Row: 2, 2020-03-14 00:37:37, null, 0, 0, /upload/6afeca802b7a4d7e94b3a945ea30c2e4.jpg, dddd, null
21:02:04.415 [http-nio-8080-exec-9] DEBUG c.x.g.d.T.selectByExample - <==      Total: 4
21:02:04.422 [http-nio-8080-exec-9] DEBUG c.x.g.dao.TUserMapper.selectOne - ==>  Preparing: SELECT id,create_time,update_time,is_del,open_id,nick_name,house_id,house_detail,balance,phone,user_role,contact_phone,contact_name FROM t_user WHERE id = ? 
21:02:04.423 [http-nio-8080-exec-9] DEBUG c.x.g.dao.TUserMapper.selectOne - ==> Parameters: 1(Long)
21:02:04.424 [http-nio-8080-exec-9] TRACE c.x.g.dao.TUserMapper.selectOne - <==    Columns: id, create_time, update_time, is_del, open_id, nick_name, house_id, house_detail, balance, phone, user_role, contact_phone, contact_name
21:02:04.424 [http-nio-8080-exec-9] TRACE c.x.g.dao.TUserMapper.selectOne - <==        Row: 1, 2020-03-25 22:12:40, 2020-04-28 08:26:37, 0, oqYVK5ETZ7sBkFXrW5NcIVdmh8EQ, null, 3, 三号楼8832, 2.00, 15260220397, 'user', 15260220397, 谢先生
21:02:04.425 [http-nio-8080-exec-9] DEBUG c.x.g.dao.TUserMapper.selectOne - <==      Total: 1
21:02:04.643 [http-nio-8080-exec-10] DEBUG c.x.g.d.T.selectByExample - ==>  Preparing: SELECT id,create_time,update_time,is_del,point_name,province_id,city_id,agent_id,longitude,latitude,status FROM t_launch_point WHERE ( is_del = ? and status = ? ) 
21:02:04.644 [http-nio-8080-exec-10] DEBUG c.x.g.d.T.selectByExample - ==> Parameters: 0(Integer), 1(Integer)
21:02:04.645 [http-nio-8080-exec-10] TRACE c.x.g.d.T.selectByExample - <==    Columns: id, create_time, update_time, is_del, point_name, province_id, city_id, agent_id, longitude, latitude, status
21:02:04.645 [http-nio-8080-exec-10] TRACE c.x.g.d.T.selectByExample - <==        Row: 1, 2020-03-17 08:54:56, 2020-03-17 08:56:43, 0, 绿苑新城投放点, 1, 2, 2, 11.34, 23.12, 1
21:02:04.646 [http-nio-8080-exec-10] TRACE c.x.g.d.T.selectByExample - <==        Row: 2, 2020-03-17 22:18:22, 2020-03-17 22:18:26, 0, 阿罗海投放点, 1, 2, 4, 118.0322590000, 24.480410000, 1
21:02:04.646 [http-nio-8080-exec-10] DEBUG c.x.g.d.T.selectByExample - <==      Total: 2
21:06:14.339 [http-nio-8080-exec-3] DEBUG c.x.g.d.T.selectByExample - ==>  Preparing: SELECT id,create_time,update_time,is_del,status,photo_src,jump_url,show_place FROM t_carousel WHERE ( is_del = ? ) order by id desc 
21:06:14.340 [http-nio-8080-exec-3] DEBUG c.x.g.d.T.selectByExample - ==> Parameters: 0(Integer)
21:06:14.341 [http-nio-8080-exec-3] TRACE c.x.g.d.T.selectByExample - <==    Columns: id, create_time, update_time, is_del, status, photo_src, jump_url, show_place
21:06:14.341 [http-nio-8080-exec-3] TRACE c.x.g.d.T.selectByExample - <==        Row: 6, 2020-03-14 10:54:18, 2020-03-14 11:57:57, 0, 0, /upload/carousel/28590a411d5f407e9417daeb97550507.png, xxxx, null
21:06:14.342 [http-nio-8080-exec-3] TRACE c.x.g.d.T.selectByExample - <==        Row: 4, 2020-03-14 07:42:04, 2020-03-14 08:41:33, 0, 1, /upload/b7c371f451ac4108b2163c728dd93b2a.jpg, gggggggggg, null
21:06:14.343 [http-nio-8080-exec-3] TRACE c.x.g.d.T.selectByExample - <==        Row: 3, 2020-03-14 07:40:20, null, 0, 0, /upload/aa75d22830954dcb9915d1239befb0cb.jpg, xxxxxxx, null
21:06:14.343 [http-nio-8080-exec-3] TRACE c.x.g.d.T.selectByExample - <==        Row: 2, 2020-03-14 00:37:37, null, 0, 0, /upload/6afeca802b7a4d7e94b3a945ea30c2e4.jpg, dddd, null
21:06:14.344 [http-nio-8080-exec-3] DEBUG c.x.g.d.T.selectByExample - <==      Total: 4
21:06:14.352 [http-nio-8080-exec-3] DEBUG c.x.g.dao.TUserMapper.selectOne - ==>  Preparing: SELECT id,create_time,update_time,is_del,open_id,nick_name,house_id,house_detail,balance,phone,user_role,contact_phone,contact_name FROM t_user WHERE id = ? 
21:06:14.353 [http-nio-8080-exec-3] DEBUG c.x.g.dao.TUserMapper.selectOne - ==> Parameters: 1(Long)
21:06:14.354 [http-nio-8080-exec-3] TRACE c.x.g.dao.TUserMapper.selectOne - <==    Columns: id, create_time, update_time, is_del, open_id, nick_name, house_id, house_detail, balance, phone, user_role, contact_phone, contact_name
21:06:14.354 [http-nio-8080-exec-3] TRACE c.x.g.dao.TUserMapper.selectOne - <==        Row: 1, 2020-03-25 22:12:40, 2020-04-28 08:26:37, 0, oqYVK5ETZ7sBkFXrW5NcIVdmh8EQ, null, 3, 三号楼8832, 2.00, 15260220397, 'user', 15260220397, 谢先生
21:06:14.355 [http-nio-8080-exec-3] DEBUG c.x.g.dao.TUserMapper.selectOne - <==      Total: 1
21:06:14.591 [http-nio-8080-exec-4] DEBUG c.x.g.d.T.selectByExample - ==>  Preparing: SELECT id,create_time,update_time,is_del,point_name,province_id,city_id,agent_id,longitude,latitude,status FROM t_launch_point WHERE ( is_del = ? and status = ? ) 
21:06:14.592 [http-nio-8080-exec-4] DEBUG c.x.g.d.T.selectByExample - ==> Parameters: 0(Integer), 1(Integer)
21:06:14.593 [http-nio-8080-exec-4] TRACE c.x.g.d.T.selectByExample - <==    Columns: id, create_time, update_time, is_del, point_name, province_id, city_id, agent_id, longitude, latitude, status
21:06:14.594 [http-nio-8080-exec-4] TRACE c.x.g.d.T.selectByExample - <==        Row: 1, 2020-03-17 08:54:56, 2020-03-17 08:56:43, 0, 绿苑新城投放点, 1, 2, 2, 11.34, 23.12, 1
21:06:14.594 [http-nio-8080-exec-4] TRACE c.x.g.d.T.selectByExample - <==        Row: 2, 2020-03-17 22:18:22, 2020-03-17 22:18:26, 0, 阿罗海投放点, 1, 2, 4, 118.0322590000, 24.480410000, 1
21:06:14.594 [http-nio-8080-exec-4] DEBUG c.x.g.d.T.selectByExample - <==      Total: 2
21:19:30.593 [http-nio-8080-exec-7] DEBUG c.x.g.d.T.selectByExample - ==>  Preparing: SELECT id,create_time,update_time,is_del,status,photo_src,jump_url,show_place FROM t_carousel WHERE ( is_del = ? ) order by id desc 
21:19:30.594 [http-nio-8080-exec-7] DEBUG c.x.g.d.T.selectByExample - ==> Parameters: 0(Integer)
21:19:30.596 [http-nio-8080-exec-7] TRACE c.x.g.d.T.selectByExample - <==    Columns: id, create_time, update_time, is_del, status, photo_src, jump_url, show_place
21:19:30.596 [http-nio-8080-exec-7] TRACE c.x.g.d.T.selectByExample - <==        Row: 6, 2020-03-14 10:54:18, 2020-03-14 11:57:57, 0, 0, /upload/carousel/28590a411d5f407e9417daeb97550507.png, xxxx, null
21:19:30.597 [http-nio-8080-exec-7] TRACE c.x.g.d.T.selectByExample - <==        Row: 4, 2020-03-14 07:42:04, 2020-03-14 08:41:33, 0, 1, /upload/b7c371f451ac4108b2163c728dd93b2a.jpg, gggggggggg, null
21:19:30.598 [http-nio-8080-exec-7] TRACE c.x.g.d.T.selectByExample - <==        Row: 3, 2020-03-14 07:40:20, null, 0, 0, /upload/aa75d22830954dcb9915d1239befb0cb.jpg, xxxxxxx, null
21:19:30.599 [http-nio-8080-exec-7] TRACE c.x.g.d.T.selectByExample - <==        Row: 2, 2020-03-14 00:37:37, null, 0, 0, /upload/6afeca802b7a4d7e94b3a945ea30c2e4.jpg, dddd, null
21:19:30.599 [http-nio-8080-exec-7] DEBUG c.x.g.d.T.selectByExample - <==      Total: 4
21:19:30.607 [http-nio-8080-exec-7] DEBUG c.x.g.dao.TUserMapper.selectOne - ==>  Preparing: SELECT id,create_time,update_time,is_del,open_id,nick_name,house_id,house_detail,balance,phone,user_role,contact_phone,contact_name FROM t_user WHERE id = ? 
21:19:30.608 [http-nio-8080-exec-7] DEBUG c.x.g.dao.TUserMapper.selectOne - ==> Parameters: 1(Long)
21:19:30.610 [http-nio-8080-exec-7] TRACE c.x.g.dao.TUserMapper.selectOne - <==    Columns: id, create_time, update_time, is_del, open_id, nick_name, house_id, house_detail, balance, phone, user_role, contact_phone, contact_name
21:19:30.610 [http-nio-8080-exec-7] TRACE c.x.g.dao.TUserMapper.selectOne - <==        Row: 1, 2020-03-25 22:12:40, 2020-04-28 08:26:37, 0, oqYVK5ETZ7sBkFXrW5NcIVdmh8EQ, null, 3, 三号楼8832, 2.00, 15260220397, 'user', 15260220397, 谢先生
21:19:30.611 [http-nio-8080-exec-7] DEBUG c.x.g.dao.TUserMapper.selectOne - <==      Total: 1
21:19:31.594 [http-nio-8080-exec-8] DEBUG c.x.g.d.T.selectByExample - ==>  Preparing: SELECT id,create_time,update_time,is_del,point_name,province_id,city_id,agent_id,longitude,latitude,status FROM t_launch_point WHERE ( is_del = ? and status = ? ) 
21:19:31.595 [http-nio-8080-exec-8] DEBUG c.x.g.d.T.selectByExample - ==> Parameters: 0(Integer), 1(Integer)
21:19:31.596 [http-nio-8080-exec-8] TRACE c.x.g.d.T.selectByExample - <==    Columns: id, create_time, update_time, is_del, point_name, province_id, city_id, agent_id, longitude, latitude, status
21:19:31.596 [http-nio-8080-exec-8] TRACE c.x.g.d.T.selectByExample - <==        Row: 1, 2020-03-17 08:54:56, 2020-03-17 08:56:43, 0, 绿苑新城投放点, 1, 2, 2, 11.34, 23.12, 1
21:19:31.597 [http-nio-8080-exec-8] TRACE c.x.g.d.T.selectByExample - <==        Row: 2, 2020-03-17 22:18:22, 2020-03-17 22:18:26, 0, 阿罗海投放点, 1, 2, 4, 118.0322590000, 24.480410000, 1
21:19:31.599 [http-nio-8080-exec-8] DEBUG c.x.g.d.T.selectByExample - <==      Total: 2
22:17:11.942 [http-nio-8080-exec-1] INFO  c.x.g.c.mini.IndexController - wx591ae471bd6ee7ad
22:17:11.943 [http-nio-8080-exec-1] INFO  c.x.g.c.mini.IndexController - fa762c002f452c5df06c2a4be070cb8d
22:17:12.400 [http-nio-8080-exec-1] DEBUG c.x.g.dao.TUserMapper.selectOne - ==>  Preparing: SELECT id,create_time,update_time,is_del,open_id,nick_name,house_id,house_detail,balance,phone,user_role,contact_phone,contact_name FROM t_user WHERE open_id = ? 
22:17:12.401 [http-nio-8080-exec-1] DEBUG c.x.g.dao.TUserMapper.selectOne - ==> Parameters: oqYVK5ETZ7sBkFXrW5NcIVdmh8EQ(String)
22:17:12.402 [http-nio-8080-exec-1] TRACE c.x.g.dao.TUserMapper.selectOne - <==    Columns: id, create_time, update_time, is_del, open_id, nick_name, house_id, house_detail, balance, phone, user_role, contact_phone, contact_name
22:17:12.403 [http-nio-8080-exec-1] TRACE c.x.g.dao.TUserMapper.selectOne - <==        Row: 1, 2020-03-25 22:12:40, 2020-04-28 08:26:37, 0, oqYVK5ETZ7sBkFXrW5NcIVdmh8EQ, null, 3, 三号楼8832, 2.00, 15260220397, 'user', 15260220397, 谢先生
22:17:12.405 [http-nio-8080-exec-1] DEBUG c.x.g.dao.TUserMapper.selectOne - <==      Total: 1
22:17:12.413 [http-nio-8080-exec-1] DEBUG c.x.g.dao.TUserMapper.selectOne - ==>  Preparing: SELECT id,create_time,update_time,is_del,open_id,nick_name,house_id,house_detail,balance,phone,user_role,contact_phone,contact_name FROM t_user WHERE id = ? 
22:17:12.414 [http-nio-8080-exec-1] DEBUG c.x.g.dao.TUserMapper.selectOne - ==> Parameters: 1(Long)
22:17:12.415 [http-nio-8080-exec-1] TRACE c.x.g.dao.TUserMapper.selectOne - <==    Columns: id, create_time, update_time, is_del, open_id, nick_name, house_id, house_detail, balance, phone, user_role, contact_phone, contact_name
22:17:12.415 [http-nio-8080-exec-1] TRACE c.x.g.dao.TUserMapper.selectOne - <==        Row: 1, 2020-03-25 22:12:40, 2020-04-28 08:26:37, 0, oqYVK5ETZ7sBkFXrW5NcIVdmh8EQ, null, 3, 三号楼8832, 2.00, 15260220397, 'user', 15260220397, 谢先生
22:17:12.416 [http-nio-8080-exec-1] DEBUG c.x.g.dao.TUserMapper.selectOne - <==      Total: 1
22:17:12.448 [http-nio-8080-exec-2] DEBUG c.x.g.d.T.selectByExample - ==>  Preparing: SELECT id,create_time,update_time,is_del,status,photo_src,jump_url,show_place FROM t_carousel WHERE ( is_del = ? ) order by id desc 
22:17:12.449 [http-nio-8080-exec-2] DEBUG c.x.g.d.T.selectByExample - ==> Parameters: 0(Integer)
22:17:12.450 [http-nio-8080-exec-2] TRACE c.x.g.d.T.selectByExample - <==    Columns: id, create_time, update_time, is_del, status, photo_src, jump_url, show_place
22:17:12.450 [http-nio-8080-exec-2] TRACE c.x.g.d.T.selectByExample - <==        Row: 6, 2020-03-14 10:54:18, 2020-03-14 11:57:57, 0, 0, /upload/carousel/28590a411d5f407e9417daeb97550507.png, xxxx, null
22:17:12.451 [http-nio-8080-exec-2] TRACE c.x.g.d.T.selectByExample - <==        Row: 4, 2020-03-14 07:42:04, 2020-03-14 08:41:33, 0, 1, /upload/b7c371f451ac4108b2163c728dd93b2a.jpg, gggggggggg, null
22:17:12.451 [http-nio-8080-exec-2] TRACE c.x.g.d.T.selectByExample - <==        Row: 3, 2020-03-14 07:40:20, null, 0, 0, /upload/aa75d22830954dcb9915d1239befb0cb.jpg, xxxxxxx, null
22:17:12.451 [http-nio-8080-exec-2] TRACE c.x.g.d.T.selectByExample - <==        Row: 2, 2020-03-14 00:37:37, null, 0, 0, /upload/6afeca802b7a4d7e94b3a945ea30c2e4.jpg, dddd, null
22:17:12.452 [http-nio-8080-exec-2] DEBUG c.x.g.d.T.selectByExample - <==      Total: 4
22:17:12.459 [http-nio-8080-exec-2] DEBUG c.x.g.dao.TUserMapper.selectOne - ==>  Preparing: SELECT id,create_time,update_time,is_del,open_id,nick_name,house_id,house_detail,balance,phone,user_role,contact_phone,contact_name FROM t_user WHERE id = ? 
22:17:12.460 [http-nio-8080-exec-2] DEBUG c.x.g.dao.TUserMapper.selectOne - ==> Parameters: 1(Long)
22:17:12.461 [http-nio-8080-exec-2] TRACE c.x.g.dao.TUserMapper.selectOne - <==    Columns: id, create_time, update_time, is_del, open_id, nick_name, house_id, house_detail, balance, phone, user_role, contact_phone, contact_name
22:17:12.461 [http-nio-8080-exec-2] TRACE c.x.g.dao.TUserMapper.selectOne - <==        Row: 1, 2020-03-25 22:12:40, 2020-04-28 08:26:37, 0, oqYVK5ETZ7sBkFXrW5NcIVdmh8EQ, null, 3, 三号楼8832, 2.00, 15260220397, 'user', 15260220397, 谢先生
22:17:12.461 [http-nio-8080-exec-2] DEBUG c.x.g.dao.TUserMapper.selectOne - <==      Total: 1
22:17:12.691 [http-nio-8080-exec-3] DEBUG c.x.g.d.T.selectByExample - ==>  Preparing: SELECT id,create_time,update_time,is_del,point_name,province_id,city_id,agent_id,longitude,latitude,status FROM t_launch_point WHERE ( is_del = ? and status = ? ) 
22:17:12.692 [http-nio-8080-exec-3] DEBUG c.x.g.d.T.selectByExample - ==> Parameters: 0(Integer), 1(Integer)
22:17:12.693 [http-nio-8080-exec-3] TRACE c.x.g.d.T.selectByExample - <==    Columns: id, create_time, update_time, is_del, point_name, province_id, city_id, agent_id, longitude, latitude, status
22:17:12.693 [http-nio-8080-exec-3] TRACE c.x.g.d.T.selectByExample - <==        Row: 1, 2020-03-17 08:54:56, 2020-03-17 08:56:43, 0, 绿苑新城投放点, 1, 2, 2, 11.34, 23.12, 1
22:17:12.694 [http-nio-8080-exec-3] TRACE c.x.g.d.T.selectByExample - <==        Row: 2, 2020-03-17 22:18:22, 2020-03-17 22:18:26, 0, 阿罗海投放点, 1, 2, 4, 118.0322590000, 24.480410000, 1
22:17:12.694 [http-nio-8080-exec-3] DEBUG c.x.g.d.T.selectByExample - <==      Total: 2
22:21:17.974 [http-nio-8080-exec-6] DEBUG c.x.g.d.T.selectByExample - ==>  Preparing: SELECT id,create_time,update_time,is_del,status,photo_src,jump_url,show_place FROM t_carousel WHERE ( is_del = ? ) order by id desc 
22:21:17.975 [http-nio-8080-exec-6] DEBUG c.x.g.d.T.selectByExample - ==> Parameters: 0(Integer)
22:21:17.977 [http-nio-8080-exec-6] TRACE c.x.g.d.T.selectByExample - <==    Columns: id, create_time, update_time, is_del, status, photo_src, jump_url, show_place
22:21:17.977 [http-nio-8080-exec-6] TRACE c.x.g.d.T.selectByExample - <==        Row: 6, 2020-03-14 10:54:18, 2020-03-14 11:57:57, 0, 0, /upload/carousel/28590a411d5f407e9417daeb97550507.png, xxxx, null
22:21:17.978 [http-nio-8080-exec-6] TRACE c.x.g.d.T.selectByExample - <==        Row: 4, 2020-03-14 07:42:04, 2020-03-14 08:41:33, 0, 1, /upload/b7c371f451ac4108b2163c728dd93b2a.jpg, gggggggggg, null
22:21:17.978 [http-nio-8080-exec-6] TRACE c.x.g.d.T.selectByExample - <==        Row: 3, 2020-03-14 07:40:20, null, 0, 0, /upload/aa75d22830954dcb9915d1239befb0cb.jpg, xxxxxxx, null
22:21:17.979 [http-nio-8080-exec-6] TRACE c.x.g.d.T.selectByExample - <==        Row: 2, 2020-03-14 00:37:37, null, 0, 0, /upload/6afeca802b7a4d7e94b3a945ea30c2e4.jpg, dddd, null
22:21:17.979 [http-nio-8080-exec-6] DEBUG c.x.g.d.T.selectByExample - <==      Total: 4
22:21:17.987 [http-nio-8080-exec-6] DEBUG c.x.g.dao.TUserMapper.selectOne - ==>  Preparing: SELECT id,create_time,update_time,is_del,open_id,nick_name,house_id,house_detail,balance,phone,user_role,contact_phone,contact_name FROM t_user WHERE id = ? 
22:21:17.988 [http-nio-8080-exec-6] DEBUG c.x.g.dao.TUserMapper.selectOne - ==> Parameters: 1(Long)
22:21:17.989 [http-nio-8080-exec-6] TRACE c.x.g.dao.TUserMapper.selectOne - <==    Columns: id, create_time, update_time, is_del, open_id, nick_name, house_id, house_detail, balance, phone, user_role, contact_phone, contact_name
22:21:17.990 [http-nio-8080-exec-6] TRACE c.x.g.dao.TUserMapper.selectOne - <==        Row: 1, 2020-03-25 22:12:40, 2020-04-28 08:26:37, 0, oqYVK5ETZ7sBkFXrW5NcIVdmh8EQ, null, 3, 三号楼8832, 2.00, 15260220397, 'user', 15260220397, 谢先生
22:21:17.990 [http-nio-8080-exec-6] DEBUG c.x.g.dao.TUserMapper.selectOne - <==      Total: 1
22:21:37.172 [http-nio-8080-exec-8] DEBUG c.x.g.d.T.selectByExample - ==>  Preparing: SELECT id,create_time,update_time,is_del,status,photo_src,jump_url,show_place FROM t_carousel WHERE ( is_del = ? ) order by id desc 
22:21:37.173 [http-nio-8080-exec-8] DEBUG c.x.g.d.T.selectByExample - ==> Parameters: 0(Integer)
22:21:37.174 [http-nio-8080-exec-8] TRACE c.x.g.d.T.selectByExample - <==    Columns: id, create_time, update_time, is_del, status, photo_src, jump_url, show_place
22:21:37.175 [http-nio-8080-exec-8] TRACE c.x.g.d.T.selectByExample - <==        Row: 6, 2020-03-14 10:54:18, 2020-03-14 11:57:57, 0, 0, /upload/carousel/28590a411d5f407e9417daeb97550507.png, xxxx, null
22:21:37.175 [http-nio-8080-exec-8] TRACE c.x.g.d.T.selectByExample - <==        Row: 4, 2020-03-14 07:42:04, 2020-03-14 08:41:33, 0, 1, /upload/b7c371f451ac4108b2163c728dd93b2a.jpg, gggggggggg, null
22:21:37.176 [http-nio-8080-exec-8] TRACE c.x.g.d.T.selectByExample - <==        Row: 3, 2020-03-14 07:40:20, null, 0, 0, /upload/aa75d22830954dcb9915d1239befb0cb.jpg, xxxxxxx, null
22:21:37.176 [http-nio-8080-exec-8] TRACE c.x.g.d.T.selectByExample - <==        Row: 2, 2020-03-14 00:37:37, null, 0, 0, /upload/6afeca802b7a4d7e94b3a945ea30c2e4.jpg, dddd, null
22:21:37.176 [http-nio-8080-exec-8] DEBUG c.x.g.d.T.selectByExample - <==      Total: 4
22:21:37.183 [http-nio-8080-exec-8] DEBUG c.x.g.dao.TUserMapper.selectOne - ==>  Preparing: SELECT id,create_time,update_time,is_del,open_id,nick_name,house_id,house_detail,balance,phone,user_role,contact_phone,contact_name FROM t_user WHERE id = ? 
22:21:37.184 [http-nio-8080-exec-8] DEBUG c.x.g.dao.TUserMapper.selectOne - ==> Parameters: 1(Long)
22:21:37.185 [http-nio-8080-exec-8] TRACE c.x.g.dao.TUserMapper.selectOne - <==    Columns: id, create_time, update_time, is_del, open_id, nick_name, house_id, house_detail, balance, phone, user_role, contact_phone, contact_name
22:21:37.185 [http-nio-8080-exec-8] TRACE c.x.g.dao.TUserMapper.selectOne - <==        Row: 1, 2020-03-25 22:12:40, 2020-04-28 08:26:37, 0, oqYVK5ETZ7sBkFXrW5NcIVdmh8EQ, null, 3, 三号楼8832, 2.00, 15260220397, 'user', 15260220397, 谢先生
22:21:37.186 [http-nio-8080-exec-8] DEBUG c.x.g.dao.TUserMapper.selectOne - <==      Total: 1
22:21:38.190 [http-nio-8080-exec-9] DEBUG c.x.g.d.T.selectByExample - ==>  Preparing: SELECT id,create_time,update_time,is_del,point_name,province_id,city_id,agent_id,longitude,latitude,status FROM t_launch_point WHERE ( is_del = ? and status = ? ) 
22:21:38.190 [http-nio-8080-exec-9] DEBUG c.x.g.d.T.selectByExample - ==> Parameters: 0(Integer), 1(Integer)
22:21:38.192 [http-nio-8080-exec-9] TRACE c.x.g.d.T.selectByExample - <==    Columns: id, create_time, update_time, is_del, point_name, province_id, city_id, agent_id, longitude, latitude, status
22:21:38.192 [http-nio-8080-exec-9] TRACE c.x.g.d.T.selectByExample - <==        Row: 1, 2020-03-17 08:54:56, 2020-03-17 08:56:43, 0, 绿苑新城投放点, 1, 2, 2, 11.34, 23.12, 1
22:21:38.192 [http-nio-8080-exec-9] TRACE c.x.g.d.T.selectByExample - <==        Row: 2, 2020-03-17 22:18:22, 2020-03-17 22:18:26, 0, 阿罗海投放点, 1, 2, 4, 118.0322590000, 24.480410000, 1
22:21:38.193 [http-nio-8080-exec-9] DEBUG c.x.g.d.T.selectByExample - <==      Total: 2
22:22:21.784 [http-nio-8080-exec-1] DEBUG c.x.g.d.T.selectByExample - ==>  Preparing: SELECT id,create_time,update_time,is_del,point_name,province_id,city_id,agent_id,longitude,latitude,status FROM t_launch_point WHERE ( is_del = ? and status = ? ) 
22:22:21.785 [http-nio-8080-exec-1] DEBUG c.x.g.d.T.selectByExample - ==> Parameters: 0(Integer), 1(Integer)
22:22:21.787 [http-nio-8080-exec-1] TRACE c.x.g.d.T.selectByExample - <==    Columns: id, create_time, update_time, is_del, point_name, province_id, city_id, agent_id, longitude, latitude, status
22:22:21.787 [http-nio-8080-exec-1] TRACE c.x.g.d.T.selectByExample - <==        Row: 1, 2020-03-17 08:54:56, 2020-03-17 08:56:43, 0, 绿苑新城投放点, 1, 2, 2, 11.34, 23.12, 1
22:22:21.788 [http-nio-8080-exec-1] TRACE c.x.g.d.T.selectByExample - <==        Row: 2, 2020-03-17 22:18:22, 2020-03-17 22:18:26, 0, 阿罗海投放点, 1, 2, 4, 118.0322590000, 24.480410000, 1
22:22:21.788 [http-nio-8080-exec-1] DEBUG c.x.g.d.T.selectByExample - <==      Total: 2
